********************************************************************************
product = Open Liberty 23.0.0.9 (wlp-1.0.81.cl230920230904-1158)
wlp.install.dir = C:/SandboxPOO/Proyecto/app-overtime/app-overtime/target/liberty/wlp/
java.home = C:\Program Files\Java\jdk-21.0.2
java.version = 21.0.2
java.runtime = OpenJDK Runtime Environment (21.0.2+13-58)
os = Windows 11 (10.0; amd64) (es_MX)
process = 2288@LAPTOP-P914QH01
Classpath = C:\SandboxPOO\Proyecto\app-overtime\app-overtime\target\liberty\wlp\bin\tools\ws-server.jar
Java Library path = C:\Program Files\Java\jdk-21.0.2\bin;C:\WINDOWS\Sun\Java\bin;C:\WINDOWS\system32;C:\WINDOWS;C:\WINDOWS\system32;C:\WINDOWS;C:\WINDOWS\System32\Wbem;C:\WINDOWS\System32\WindowsPowerShell\v1.0\;C:\WINDOWS\System32\OpenSSH\;C:\Program Files (x86)\NVIDIA Corporation\PhysX\Common;C:\Program Files\dotnet\;C:\Program Files\NVIDIA Corporation\NVIDIA App\NvDLISR;C:\Program Files\Java\jdk-21.0.2\bin;C:\mvnd\maven-mvnd-1.0.2-windows-amd64\bin;C:\Program Files\Docker\Docker\resources\bin;C:\Program Files\Git\cmd;C:\Users\ASUS\AppData\Local\Microsoft\WindowsApps;C:\Users\ASUS\AppData\Local\JetBrains\Toolbox\scripts;C:\mvnd\maven-mvnd-1.0.2-windows-amd64\bin;;.
********************************************************************************
[24/07/25, 13:09:49:871 COT] 00000001 com.ibm.ws.kernel.launch.internal.FrameworkManager           A CWWKE0001I: El servidor defaultServer se ha lanzado.
[24/07/25, 13:09:51:448 COT] 00000001 com.ibm.ws.kernel.launch.internal.FrameworkManager           I CWWKE0002I: El kernel se ha iniciado después de 1.954 segundos
[24/07/25, 13:09:51:510 COT] 00000046 com.ibm.ws.kernel.feature.internal.FeatureManager            I CWWKF0007I: La actualización de características se ha iniciado.
[24/07/25, 13:09:53:426 COT] 00000039 com.ibm.ws.security.registry.basic.internal.BasicRegistry    W CWWKS3103W: No hay usuarios definidos para la configuración de BasicRegistry de ID com.ibm.ws.security.registry.basic.config[basic].
[24/07/25, 13:09:53:561 COT] 00000039 com.ibm.ws.security.ready.internal.SecurityReadyServiceImpl  I CWWKS0007I: El servicio de seguridad se está iniciando...
[24/07/25, 13:09:53:956 COT] 0000003c com.ibm.ws.app.manager.internal.monitor.DropinMonitor        A CWWKZ0058I: Supervisando aplicaciones de dropins.
[24/07/25, 13:09:54:617 COT] 0000003c com.ibm.ws.cache.ServerCache                                 I DYNA1001I: La instancia de memoria caché dinámica de WebSphere con nombre baseCache se ha inicializado correctamente.
[24/07/25, 13:09:54:625 COT] 0000003c com.ibm.ws.cache.ServerCache                                 I DYNA1071I: Se está utilizando el proveedor de memoria caché default.
[24/07/25, 13:09:54:628 COT] 0000003c com.ibm.ws.cache.CacheServiceImpl                            I DYNA1056I: La memoria caché dinámica (memoria caché de objeto) se ha inicializado correctamente.
[24/07/25, 13:09:55:294 COT] 00000042 com.ibm.ws.ssl.config.WSKeyStore                             A CWPKI0820A: El almacén de claves predeterminado se ha creado con la variable de entorno 'keystore_password'.
[24/07/25, 13:09:55:319 COT] 00000042 com.ibm.ws.ssl.config.WSKeyStore                             I CWPKI0802I: Creando el certificado SSL. Esto puede tardar unos segundos.
[24/07/25, 13:09:55:405 COT] 00000062 com.ibm.ws.security.token.ltpa.LTPAKeyInfoManager            I CWWKS4103I: Creando las claves LTPA. Esto puede tardar unos segundos.
[24/07/25, 13:09:55:492 COT] 00000039 ibm.ws.security.authentication.internal.jaas.JAASServiceImpl I CWWKS1123I: Se ha activado el plugin de autenticación colectivo con el nombre de clase NullCollectiveAuthenticationPlugin. 
[24/07/25, 13:09:56:118 COT] 00000062 com.ibm.ws.security.token.ltpa.LTPAKeyInfoManager            A CWWKS4104A: Las claves LTPA se han creado en 0.712 segundos. Archivo de claves LTPA: C:/SandboxPOO/Proyecto/app-overtime/app-overtime/target/liberty/wlp/usr/servers/defaultServer/resources/security/ltpa.keys
[24/07/25, 13:09:56:125 COT] 00000062 com.ibm.ws.security.ready.internal.SecurityReadyServiceImpl  I CWWKS0008I: El servicio de seguridad está listo.
[24/07/25, 13:09:56:126 COT] 00000062 com.ibm.ws.security.token.ltpa.internal.LTPAKeyCreateTask    I CWWKS4105I: La configuración de LTPA estará lista después de 0.734 segundos.
[24/07/25, 13:09:56:417 COT] 00000039 com.ibm.ws.security.jaspi.AuthConfigFactoryWrapper           I CWWKS1655I: Se está utilizando la clase AuthConfigFactory com.ibm.ws.security.jaspi.ProviderRegistry de JASPIC (Java Authentication SPI for Containers) predeterminada porque la propiedad de seguridad Java authconfigprovider.factory no está establecida. 
[24/07/25, 13:09:56:842 COT] 00000042 com.ibm.ws.ssl.config.WSKeyStore                             A CWPKI0803A: El certificado SSL se ha creado en 1.523 segundos. Archivo de claves SSL: C:/SandboxPOO/Proyecto/app-overtime/app-overtime/target/liberty/wlp/usr/servers/defaultServer/resources/security/key.p12
[24/07/25, 13:09:56:844 COT] 00000042 com.ibm.ws.ssl.config.WSKeyStore                             I Successfully loaded default keystore: C:/SandboxPOO/Proyecto/app-overtime/app-overtime/target/liberty/wlp/usr/servers/defaultServer/resources/security/key.p12 of type: PKCS12
[24/07/25, 13:09:57:295 COT] 00000074 com.ibm.ws.app.manager.AppMessageHelper                      I CWWKZ0018I: Iniciando la aplicación app-overtime.
[24/07/25, 13:09:57:298 COT] 00000074 bm.ws.app.manager.war.internal.WARDeployedAppInfoFactoryImpl I CWWKZ0134I: La aplicación app-overtime está utilizando la definición de aplicación dinámica en la ubicación C:\SandboxPOO\Proyecto\app-overtime\app-overtime\target\liberty\wlp\usr\servers\defaultServer\apps\app-overtime.war.xml.
[24/07/25, 13:10:00:198 COT] 00000074 com.ibm.ws.jca.cm.ConnectorService                           I J2CA8050I: Debe utilizarse un alias de autenticación en lugar de definir un nombre de usuario y una contraseña en dataSource[tuappDS].
[24/07/25, 13:10:00:739 COT] 00000074 com.ibm.ws.recoverylog.spi.RecoveryDirectorImpl              I CWRLS0010I: Realizando proceso de recuperación para el servidor WebSphere local (defaultServer).
[24/07/25, 13:10:00:824 COT] 00000081 com.ibm.ws.recoverylog.spi.LogHandle                         I CWRLS0007I: No se ha encontrado ningún archivo de anotaciones cronológicas de recuperación en C:/SandboxPOO/Proyecto/app-overtime/app-overtime/target/liberty/wlp/usr/servers/defaultServer/tranlog\tranlog. Iniciando las anotaciones cronológicas de recuperación desde cero.
[24/07/25, 13:10:00:824 COT] 00000081 com.ibm.ws.recoverylog.spi.LogFileHandle                     I CWRLS0006I: Creando un nuevo archivo de anotaciones cronológicas de recuperación C:/SandboxPOO/Proyecto/app-overtime/app-overtime/target/liberty/wlp/usr/servers/defaultServer/tranlog\tranlog\log1.
[24/07/25, 13:10:00:840 COT] 00000081 com.ibm.ws.recoverylog.spi.LogFileHandle                     I CWRLS0006I: Creando un nuevo archivo de anotaciones cronológicas de recuperación C:/SandboxPOO/Proyecto/app-overtime/app-overtime/target/liberty/wlp/usr/servers/defaultServer/tranlog\tranlog\log2.
[24/07/25, 13:10:00:860 COT] 00000081 com.ibm.ws.recoverylog.spi.LogHandle                         I CWRLS0007I: No se ha encontrado ningún archivo de anotaciones cronológicas de recuperación en C:/SandboxPOO/Proyecto/app-overtime/app-overtime/target/liberty/wlp/usr/servers/defaultServer/tranlog\partnerlog. Iniciando las anotaciones cronológicas de recuperación desde cero.
[24/07/25, 13:10:00:860 COT] 00000081 com.ibm.ws.recoverylog.spi.LogFileHandle                     I CWRLS0006I: Creando un nuevo archivo de anotaciones cronológicas de recuperación C:/SandboxPOO/Proyecto/app-overtime/app-overtime/target/liberty/wlp/usr/servers/defaultServer/tranlog\partnerlog\log1.
[24/07/25, 13:10:00:863 COT] 00000081 com.ibm.ws.recoverylog.spi.LogFileHandle                     I CWRLS0006I: Creando un nuevo archivo de anotaciones cronológicas de recuperación C:/SandboxPOO/Proyecto/app-overtime/app-overtime/target/liberty/wlp/usr/servers/defaultServer/tranlog\partnerlog\log2.
[24/07/25, 13:10:00:887 COT] 00000074 com.ibm.ws.recoverylog.spi.RecoveryDirectorImpl              I CWRLS0012I: Se ha indicado a todos los servicios persistentes que realicen el proceso de recuperación para este servidor WebSphere (defaultServer).
[24/07/25, 13:10:00:888 COT] 00000081 com.ibm.tx.jta.impl.RecoveryManager                          I WTRN0135I: El servicio de transacción no está recuperando transacciones.
[24/07/25, 13:10:01:695 COT] 00000074 eclipselink                                                  I CWWJP9990I: [eclipselink] EclipseLink, versión: Eclipse Persistence Services - 4.0.2.v202306161219
[24/07/25, 13:10:02:324 COT] 00000074 com.ibm.ws.rsadapter.impl.DatabaseHelper                     I DSRA8203I: Nombre del producto Database: MySQL
[24/07/25, 13:10:02:327 COT] 00000074 com.ibm.ws.rsadapter.impl.DatabaseHelper                     I DSRA8204I: Versión del producto Database: 9.3.0
[24/07/25, 13:10:02:327 COT] 00000074 com.ibm.ws.rsadapter.impl.DatabaseHelper                     I DSRA8205I: Nombre del controlador JDBC: MySQL Connector/J
[24/07/25, 13:10:02:328 COT] 00000074 com.ibm.ws.rsadapter.impl.DatabaseHelper                     I DSRA8206I: Versión del controlador JDBC: mysql-connector-j-9.3.0 (Revision: 20ef8ee9eb4294a03858acccea0ddad3525f1ff9)
[24/07/25, 13:10:02:425 COT] 00000074 eclipselink.server                                           W CWWJP9991W: [eclipselink.server] Error al encontrar el servidor MBean: null or empty List returned from MBeanServerFactory.findMBeanServer(null)
[24/07/25, 13:10:03:587 COT] 00000074 org.jboss.weld.Version                                       I WELD-000900: 5.1.1 (SP1)
[24/07/25, 13:10:06:531 COT] 00000074 org.jboss.weld.Event                                         I WELD-000411: Observer method [BackedAnnotatedMethod] org.apache.myfaces.config.annotation.CdiAnnotationProviderExtension.processAnnotatedType(@Observes ProcessAnnotatedType<T>) receives events for all annotated types. Consider restricting events using @WithAnnotations or a generic type with bounds.
[24/07/25, 13:10:06:631 COT] 00000074 org.hibernate.validator.internal.util.Version                I HV000001: Hibernate Validator 7.0.4.Final
[24/07/25, 13:10:08:317 COT] 00000074 com.ibm.ws.session.WASSessionCore                            I SESN8501I: El gestor de sesiones no ha encontrado una ubicación de almacenamiento persistente; los objetos HttpSession se almacenarán en la memoria del servidor de aplicaciones local.
[24/07/25, 13:10:08:343 COT] 00000074 com.ibm.ws.ejbcontainer.osgi.internal.EJBRuntimeImpl         I CNTR4000I: Se está iniciando el módulo EJB app-overtime.war en la aplicación app-overtime.
[24/07/25, 13:10:08:368 COT] 00000074 com.ibm.ws.ejbcontainer.osgi.internal.NameSpaceBinderImpl    I CNTR0167I: El servidor está enlazando la interfaz cc.edu.unl.business.PartidoService del PartidoService enterprise bean en el app-overtime.war módulo de la aplicación app-overtime.  La ubicación de enlace es: ejblocal:app-overtime/app-overtime.war/PartidoService#cc.edu.unl.business.PartidoService
[24/07/25, 13:10:08:388 COT] 00000074 com.ibm.ws.ejbcontainer.osgi.internal.NameSpaceBinderImpl    I CNTR0167I: El servidor está enlazando la interfaz cc.edu.unl.business.PartidoService del PartidoService enterprise bean en el app-overtime.war módulo de la aplicación app-overtime.  La ubicación de enlace es: ejblocal:cc.edu.unl.business.PartidoService
[24/07/25, 13:10:08:389 COT] 00000074 com.ibm.ws.ejbcontainer.runtime.AbstractEJBRuntime           I CNTR0167I: El servidor está enlazando la interfaz cc.edu.unl.business.PartidoService del PartidoService enterprise bean en el app-overtime.war módulo de la aplicación app-overtime.  La ubicación de enlace es: java:global/app-overtime/PartidoService!cc.edu.unl.business.PartidoService
[24/07/25, 13:10:08:389 COT] 00000074 com.ibm.ws.ejbcontainer.osgi.internal.NameSpaceBinderImpl    I CNTR0167I: El servidor está enlazando la interfaz cc.edu.unl.business.EquipoService del EquipoService enterprise bean en el app-overtime.war módulo de la aplicación app-overtime.  La ubicación de enlace es: ejblocal:app-overtime/app-overtime.war/EquipoService#cc.edu.unl.business.EquipoService
[24/07/25, 13:10:08:389 COT] 00000074 com.ibm.ws.ejbcontainer.osgi.internal.NameSpaceBinderImpl    I CNTR0167I: El servidor está enlazando la interfaz cc.edu.unl.business.EquipoService del EquipoService enterprise bean en el app-overtime.war módulo de la aplicación app-overtime.  La ubicación de enlace es: ejblocal:cc.edu.unl.business.EquipoService
[24/07/25, 13:10:08:390 COT] 00000074 com.ibm.ws.ejbcontainer.runtime.AbstractEJBRuntime           I CNTR0167I: El servidor está enlazando la interfaz cc.edu.unl.business.EquipoService del EquipoService enterprise bean en el app-overtime.war módulo de la aplicación app-overtime.  La ubicación de enlace es: java:global/app-overtime/EquipoService!cc.edu.unl.business.EquipoService
[24/07/25, 13:10:08:390 COT] 00000074 com.ibm.ws.ejbcontainer.osgi.internal.NameSpaceBinderImpl    I CNTR0167I: El servidor está enlazando la interfaz cc.edu.unl.business.TablaGoleadoresService del TablaGoleadoresService enterprise bean en el app-overtime.war módulo de la aplicación app-overtime.  La ubicación de enlace es: ejblocal:app-overtime/app-overtime.war/TablaGoleadoresService#cc.edu.unl.business.TablaGoleadoresService
[24/07/25, 13:10:08:390 COT] 00000074 com.ibm.ws.ejbcontainer.osgi.internal.NameSpaceBinderImpl    I CNTR0167I: El servidor está enlazando la interfaz cc.edu.unl.business.TablaGoleadoresService del TablaGoleadoresService enterprise bean en el app-overtime.war módulo de la aplicación app-overtime.  La ubicación de enlace es: ejblocal:cc.edu.unl.business.TablaGoleadoresService
[24/07/25, 13:10:08:391 COT] 00000074 com.ibm.ws.ejbcontainer.runtime.AbstractEJBRuntime           I CNTR0167I: El servidor está enlazando la interfaz cc.edu.unl.business.TablaGoleadoresService del TablaGoleadoresService enterprise bean en el app-overtime.war módulo de la aplicación app-overtime.  La ubicación de enlace es: java:global/app-overtime/TablaGoleadoresService!cc.edu.unl.business.TablaGoleadoresService
[24/07/25, 13:10:08:391 COT] 00000074 com.ibm.ws.ejbcontainer.osgi.internal.NameSpaceBinderImpl    I CNTR0167I: El servidor está enlazando la interfaz cc.edu.unl.business.TablaPosicionesService del TablaPosicionesService enterprise bean en el app-overtime.war módulo de la aplicación app-overtime.  La ubicación de enlace es: ejblocal:app-overtime/app-overtime.war/TablaPosicionesService#cc.edu.unl.business.TablaPosicionesService
[24/07/25, 13:10:08:391 COT] 00000074 com.ibm.ws.ejbcontainer.osgi.internal.NameSpaceBinderImpl    I CNTR0167I: El servidor está enlazando la interfaz cc.edu.unl.business.TablaPosicionesService del TablaPosicionesService enterprise bean en el app-overtime.war módulo de la aplicación app-overtime.  La ubicación de enlace es: ejblocal:cc.edu.unl.business.TablaPosicionesService
[24/07/25, 13:10:08:391 COT] 00000074 com.ibm.ws.ejbcontainer.runtime.AbstractEJBRuntime           I CNTR0167I: El servidor está enlazando la interfaz cc.edu.unl.business.TablaPosicionesService del TablaPosicionesService enterprise bean en el app-overtime.war módulo de la aplicación app-overtime.  La ubicación de enlace es: java:global/app-overtime/TablaPosicionesService!cc.edu.unl.business.TablaPosicionesService
[24/07/25, 13:10:08:391 COT] 00000074 com.ibm.ws.ejbcontainer.osgi.internal.NameSpaceBinderImpl    I CNTR0167I: El servidor está enlazando la interfaz cc.edu.unl.repository.CrudGenericService del CrudGenericService enterprise bean en el app-overtime.war módulo de la aplicación app-overtime.  La ubicación de enlace es: ejblocal:app-overtime/app-overtime.war/CrudGenericService#cc.edu.unl.repository.CrudGenericService
[24/07/25, 13:10:08:392 COT] 00000074 com.ibm.ws.ejbcontainer.osgi.internal.NameSpaceBinderImpl    I CNTR0167I: El servidor está enlazando la interfaz cc.edu.unl.repository.CrudGenericService del CrudGenericService enterprise bean en el app-overtime.war módulo de la aplicación app-overtime.  La ubicación de enlace es: ejblocal:cc.edu.unl.repository.CrudGenericService
[24/07/25, 13:10:08:392 COT] 00000074 com.ibm.ws.ejbcontainer.runtime.AbstractEJBRuntime           I CNTR0167I: El servidor está enlazando la interfaz cc.edu.unl.repository.CrudGenericService del CrudGenericService enterprise bean en el app-overtime.war módulo de la aplicación app-overtime.  La ubicación de enlace es: java:global/app-overtime/CrudGenericService!cc.edu.unl.repository.CrudGenericService
[24/07/25, 13:10:08:392 COT] 00000074 com.ibm.ws.ejbcontainer.osgi.internal.EJBRuntimeImpl         I CNTR4001I: Se ha iniciado correctamente el módulo EJB app-overtime.war en la aplicación app-overtime.
[24/07/25, 13:10:08:410 COT] 00000074 com.ibm.ws.webcontainer.osgi.webapp.WebGroup                 I SRVE0169I: Cargando módulo web: tuapp.
[24/07/25, 13:10:08:422 COT] 00000074 com.ibm.ws.webcontainer                                      I SRVE0250I: El módulo web tuapp se ha enlazado con default_host.
[24/07/25, 13:10:08:429 COT] 00000074 com.ibm.ws.http.internal.VirtualHostImpl                     A CWWKT0016I: Aplicación web disponible (default_host): http://localhost:9080/app-overtime/
[24/07/25, 13:10:08:519 COT] 0000006f com.ibm.ws.session.WASSessionCore                            I SESN0176I: Se creará un nuevo contexto de sesión para la clave de aplicación default_host/app-overtime
[24/07/25, 13:10:08:570 COT] 0000006f com.ibm.ws.util                                              I SESN0172I: El gestor de sesiones está utilizando la implementación de SecureRandom Java por omisión para la generación del ID de sesión.
[24/07/25, 13:10:08:834 COT] 0000006f com.ibm.ws.cache.CacheServiceImpl                            I DYNA1056I: La memoria caché dinámica (memoria caché de objeto) se ha inicializado correctamente.
[24/07/25, 13:10:09:044 COT] 0000006b com.ibm.ws.webcontainer.osgi.mbeans.PluginGenerator          I SRVE9103I: Se ha generado automáticamente un archivo de configuración para un plug-in de servidor web para este servidor en C:\SandboxPOO\Proyecto\app-overtime\app-overtime\target\liberty\wlp\usr\servers\defaultServer\logs\state\plugin-cfg.xml.
[24/07/25, 13:10:10:309 COT] 0000006f org.apache.myfaces.webapp.MyFacesContainerInitializer        I Using io.openliberty.faces40.internal.ee.WASMyFacesContainerInitializer
[24/07/25, 13:10:10:323 COT] 0000006f org.apache.myfaces.webapp.MyFacesContainerInitializer        I Added FacesServlet with mappings=[/faces/*, *.jsf, *.faces, *.xhtml]
[24/07/25, 13:10:10:323 COT] 0000006f enliberty.faces40.internal.ee.WASMyFacesContainerInitializer I Added StartupServletContextListener to the servlet context
[24/07/25, 13:10:10:659 COT] 0000006f org.apache.myfaces.config.DefaultFacesConfigurationProvider  I Found jakarta.faces.application.ApplicationFactory factory implementation: io.openliberty.faces40.internal.config.WASApplicationFactoryImpl
[24/07/25, 13:10:11:162 COT] 0000006f org.apache.myfaces.util.ExternalSpecifications               I MyFaces Core CDI support enabled
[24/07/25, 13:10:11:193 COT] 0000006f org.apache.myfaces.util.ExternalSpecifications               I MyFaces Core Bean Validation support enabled
[24/07/25, 13:10:11:362 COT] 0000006f org.apache.myfaces.application.ApplicationImpl               I Couldn't discover the current project stage, using Production
[24/07/25, 13:10:11:389 COT] 0000006f org.primefaces.webapp.PostConstructApplicationEventListener  I Running on PrimeFaces 15.0.0
[24/07/25, 13:10:11:417 COT] 0000006f org.apache.myfaces.webapp.FacesInitializerImpl               I MyFaces Core has started, it took [1070] ms.
[24/07/25, 13:10:11:426 COT] 0000006f com.ibm.ws.app.manager.AppMessageHelper                      A CWWKZ0001I: La aplicación app-overtime se ha iniciado en 14.132 segundos.
[24/07/25, 13:10:11:495 COT] 00000046 com.ibm.ws.tcpchannel.internal.TCPPort                       I CWWKO0219I: El canal TCP defaultHttpEndpoint se ha iniciado y ahora está a la escucha de solicitudes en el host kubernetes.docker.internal  (IPv4: 127.0.0.1) puerto 9080.
[24/07/25, 13:10:11:499 COT] 00000046 com.ibm.ws.tcpchannel.internal.TCPPort                       I CWWKO0219I: El canal TCP defaultHttpEndpoint-ssl se ha iniciado y ahora está a la escucha de solicitudes en el host kubernetes.docker.internal  (IPv4: 127.0.0.1) puerto 9443.
[24/07/25, 13:10:11:551 COT] 00000046 com.ibm.ws.kernel.feature.internal.FeatureManager            A CWWKF0012I: El servidor ha instalado las características siguientes: [appAuthentication-3.0, appSecurity-5.0, beanValidation-3.0, cdi-4.0, concurrent-3.0, distributedMap-1.0, enterpriseBeansLite-4.0, expressionLanguage-5.0, faces-4.0, jdbc-4.2, jndi-1.0, jsonb-3.0, jsonp-2.1, managedBeans-2.0, pages-3.1, persistence-3.1, persistenceContainer-3.1, restfulWS-3.1, restfulWSClient-3.1, servlet-6.0, ssl-1.0, transportSecurity-1.0, webProfile-10.0, websocket-2.1].
[24/07/25, 13:10:11:552 COT] 00000046 com.ibm.ws.kernel.feature.internal.FeatureManager            I CWWKF0008I: La actualización de características se ha completado en 20.111 segundos.
[24/07/25, 13:10:11:552 COT] 00000046 com.ibm.ws.kernel.feature.internal.FeatureManager            A CWWKF0011I: El servidor defaultServer está preparado para ejecutar un planeta más inteligente. El servidor defaultServer se ha iniciado en 22.061 segundos.
[24/07/25, 13:10:14:365 COT] 00000057 com.ibm.ws.http.internal.VirtualHostImpl                     A CWWKT0017I: Aplicación web eliminada (default_host): http://localhost:9080/app-overtime/
[24/07/25, 13:10:14:379 COT] 00000057 com.ibm.ws.ejbcontainer.osgi.internal.EJBRuntimeImpl         I CNTR4003I: Se está deteniendo el módulo EJB app-overtime.war en la aplicación app-overtime.
[24/07/25, 13:10:14:380 COT] 00000057 com.ibm.ws.ejbcontainer.osgi.internal.EJBRuntimeImpl         I CNTR4004I: Se ha detenido correctamente el módulo EJB app-overtime.war en la aplicación app-overtime.
[24/07/25, 13:10:14:401 COT] 00000057 com.ibm.ws.app.manager.AppMessageHelper                      A CWWKZ0009I: La aplicación app-overtime se ha detenido correctamente.
[24/07/25, 13:10:14:414 COT] 00000057 com.ibm.ws.app.manager.AppMessageHelper                      I CWWKZ0018I: Iniciando la aplicación app-overtime.
[24/07/25, 13:10:14:415 COT] 00000057 bm.ws.app.manager.war.internal.WARDeployedAppInfoFactoryImpl I CWWKZ0134I: La aplicación app-overtime está utilizando la definición de aplicación dinámica en la ubicación C:\SandboxPOO\Proyecto\app-overtime\app-overtime\target\liberty\wlp\usr\servers\defaultServer\apps\app-overtime.war.xml.
[24/07/25, 13:10:14:511 COT] 0000004c com.ibm.ws.webcontainer.osgi.mbeans.PluginGenerator          I SRVE9103I: Se ha generado automáticamente un archivo de configuración para un plug-in de servidor web para este servidor en C:\SandboxPOO\Proyecto\app-overtime\app-overtime\target\liberty\wlp\usr\servers\defaultServer\logs\state\plugin-cfg.xml.
[24/07/25, 13:10:14:892 COT] 00000057 eclipselink                                                  I CWWJP9990I: [eclipselink] EclipseLink, versión: Eclipse Persistence Services - 4.0.2.v202306161219
[24/07/25, 13:10:16:507 COT] 00000057 org.jboss.weld.Event                                         I WELD-000411: Observer method [BackedAnnotatedMethod] org.apache.myfaces.config.annotation.CdiAnnotationProviderExtension.processAnnotatedType(@Observes ProcessAnnotatedType<T>) receives events for all annotated types. Consider restricting events using @WithAnnotations or a generic type with bounds.
[24/07/25, 13:10:17:118 COT] 00000057 com.ibm.ws.ejbcontainer.osgi.internal.EJBRuntimeImpl         I CNTR4000I: Se está iniciando el módulo EJB app-overtime.war en la aplicación app-overtime.
[24/07/25, 13:10:17:119 COT] 00000057 com.ibm.ws.ejbcontainer.osgi.internal.NameSpaceBinderImpl    I CNTR0167I: El servidor está enlazando la interfaz cc.edu.unl.business.TablaPosicionesService del TablaPosicionesService enterprise bean en el app-overtime.war módulo de la aplicación app-overtime.  La ubicación de enlace es: ejblocal:app-overtime/app-overtime.war/TablaPosicionesService#cc.edu.unl.business.TablaPosicionesService
[24/07/25, 13:10:17:119 COT] 00000057 com.ibm.ws.ejbcontainer.osgi.internal.NameSpaceBinderImpl    I CNTR0167I: El servidor está enlazando la interfaz cc.edu.unl.business.TablaPosicionesService del TablaPosicionesService enterprise bean en el app-overtime.war módulo de la aplicación app-overtime.  La ubicación de enlace es: ejblocal:cc.edu.unl.business.TablaPosicionesService
[24/07/25, 13:10:17:119 COT] 00000057 com.ibm.ws.ejbcontainer.runtime.AbstractEJBRuntime           I CNTR0167I: El servidor está enlazando la interfaz cc.edu.unl.business.TablaPosicionesService del TablaPosicionesService enterprise bean en el app-overtime.war módulo de la aplicación app-overtime.  La ubicación de enlace es: java:global/app-overtime/TablaPosicionesService!cc.edu.unl.business.TablaPosicionesService
[24/07/25, 13:10:17:120 COT] 00000057 com.ibm.ws.ejbcontainer.osgi.internal.NameSpaceBinderImpl    I CNTR0167I: El servidor está enlazando la interfaz cc.edu.unl.business.PartidoService del PartidoService enterprise bean en el app-overtime.war módulo de la aplicación app-overtime.  La ubicación de enlace es: ejblocal:app-overtime/app-overtime.war/PartidoService#cc.edu.unl.business.PartidoService
[24/07/25, 13:10:17:120 COT] 00000057 com.ibm.ws.ejbcontainer.osgi.internal.NameSpaceBinderImpl    I CNTR0167I: El servidor está enlazando la interfaz cc.edu.unl.business.PartidoService del PartidoService enterprise bean en el app-overtime.war módulo de la aplicación app-overtime.  La ubicación de enlace es: ejblocal:cc.edu.unl.business.PartidoService
[24/07/25, 13:10:17:121 COT] 00000057 com.ibm.ws.ejbcontainer.runtime.AbstractEJBRuntime           I CNTR0167I: El servidor está enlazando la interfaz cc.edu.unl.business.PartidoService del PartidoService enterprise bean en el app-overtime.war módulo de la aplicación app-overtime.  La ubicación de enlace es: java:global/app-overtime/PartidoService!cc.edu.unl.business.PartidoService
[24/07/25, 13:10:17:121 COT] 00000057 com.ibm.ws.ejbcontainer.osgi.internal.NameSpaceBinderImpl    I CNTR0167I: El servidor está enlazando la interfaz cc.edu.unl.repository.CrudGenericService del CrudGenericService enterprise bean en el app-overtime.war módulo de la aplicación app-overtime.  La ubicación de enlace es: ejblocal:app-overtime/app-overtime.war/CrudGenericService#cc.edu.unl.repository.CrudGenericService
[24/07/25, 13:10:17:121 COT] 00000057 com.ibm.ws.ejbcontainer.osgi.internal.NameSpaceBinderImpl    I CNTR0167I: El servidor está enlazando la interfaz cc.edu.unl.repository.CrudGenericService del CrudGenericService enterprise bean en el app-overtime.war módulo de la aplicación app-overtime.  La ubicación de enlace es: ejblocal:cc.edu.unl.repository.CrudGenericService
[24/07/25, 13:10:17:121 COT] 00000057 com.ibm.ws.ejbcontainer.runtime.AbstractEJBRuntime           I CNTR0167I: El servidor está enlazando la interfaz cc.edu.unl.repository.CrudGenericService del CrudGenericService enterprise bean en el app-overtime.war módulo de la aplicación app-overtime.  La ubicación de enlace es: java:global/app-overtime/CrudGenericService!cc.edu.unl.repository.CrudGenericService
[24/07/25, 13:10:17:121 COT] 00000057 com.ibm.ws.ejbcontainer.osgi.internal.NameSpaceBinderImpl    I CNTR0167I: El servidor está enlazando la interfaz cc.edu.unl.business.EquipoService del EquipoService enterprise bean en el app-overtime.war módulo de la aplicación app-overtime.  La ubicación de enlace es: ejblocal:app-overtime/app-overtime.war/EquipoService#cc.edu.unl.business.EquipoService
[24/07/25, 13:10:17:121 COT] 00000057 com.ibm.ws.ejbcontainer.osgi.internal.NameSpaceBinderImpl    I CNTR0167I: El servidor está enlazando la interfaz cc.edu.unl.business.EquipoService del EquipoService enterprise bean en el app-overtime.war módulo de la aplicación app-overtime.  La ubicación de enlace es: ejblocal:cc.edu.unl.business.EquipoService
[24/07/25, 13:10:17:121 COT] 00000057 com.ibm.ws.ejbcontainer.runtime.AbstractEJBRuntime           I CNTR0167I: El servidor está enlazando la interfaz cc.edu.unl.business.EquipoService del EquipoService enterprise bean en el app-overtime.war módulo de la aplicación app-overtime.  La ubicación de enlace es: java:global/app-overtime/EquipoService!cc.edu.unl.business.EquipoService
[24/07/25, 13:10:17:121 COT] 00000057 com.ibm.ws.ejbcontainer.osgi.internal.NameSpaceBinderImpl    I CNTR0167I: El servidor está enlazando la interfaz cc.edu.unl.business.TablaGoleadoresService del TablaGoleadoresService enterprise bean en el app-overtime.war módulo de la aplicación app-overtime.  La ubicación de enlace es: ejblocal:app-overtime/app-overtime.war/TablaGoleadoresService#cc.edu.unl.business.TablaGoleadoresService
[24/07/25, 13:10:17:121 COT] 00000057 com.ibm.ws.ejbcontainer.osgi.internal.NameSpaceBinderImpl    I CNTR0167I: El servidor está enlazando la interfaz cc.edu.unl.business.TablaGoleadoresService del TablaGoleadoresService enterprise bean en el app-overtime.war módulo de la aplicación app-overtime.  La ubicación de enlace es: ejblocal:cc.edu.unl.business.TablaGoleadoresService
[24/07/25, 13:10:17:121 COT] 00000057 com.ibm.ws.ejbcontainer.runtime.AbstractEJBRuntime           I CNTR0167I: El servidor está enlazando la interfaz cc.edu.unl.business.TablaGoleadoresService del TablaGoleadoresService enterprise bean en el app-overtime.war módulo de la aplicación app-overtime.  La ubicación de enlace es: java:global/app-overtime/TablaGoleadoresService!cc.edu.unl.business.TablaGoleadoresService
[24/07/25, 13:10:17:121 COT] 00000057 com.ibm.ws.ejbcontainer.osgi.internal.EJBRuntimeImpl         I CNTR4001I: Se ha iniciado correctamente el módulo EJB app-overtime.war en la aplicación app-overtime.
[24/07/25, 13:10:17:123 COT] 00000057 com.ibm.ws.webcontainer.osgi.webapp.WebGroup                 I SRVE0169I: Cargando módulo web: tuapp.
[24/07/25, 13:10:17:123 COT] 00000057 com.ibm.ws.webcontainer                                      I SRVE0250I: El módulo web tuapp se ha enlazado con default_host.
[24/07/25, 13:10:17:123 COT] 00000057 com.ibm.ws.http.internal.VirtualHostImpl                     A CWWKT0016I: Aplicación web disponible (default_host): http://localhost:9080/app-overtime/
[24/07/25, 13:10:17:124 COT] 00000070 com.ibm.ws.session.WASSessionCore                            I SESN0176I: Se creará un nuevo contexto de sesión para la clave de aplicación default_host/app-overtime
[24/07/25, 13:10:17:124 COT] 00000070 com.ibm.ws.util                                              I SESN0172I: El gestor de sesiones está utilizando la implementación de SecureRandom Java por omisión para la generación del ID de sesión.
[24/07/25, 13:10:17:159 COT] 00000076 com.ibm.ws.webcontainer.osgi.mbeans.PluginGenerator          I SRVE9103I: Se ha generado automáticamente un archivo de configuración para un plug-in de servidor web para este servidor en C:\SandboxPOO\Proyecto\app-overtime\app-overtime\target\liberty\wlp\usr\servers\defaultServer\logs\state\plugin-cfg.xml.
[24/07/25, 13:10:18:217 COT] 00000070 org.apache.myfaces.webapp.MyFacesContainerInitializer        I Using io.openliberty.faces40.internal.ee.WASMyFacesContainerInitializer
[24/07/25, 13:10:18:218 COT] 00000070 org.apache.myfaces.webapp.MyFacesContainerInitializer        I Added FacesServlet with mappings=[/faces/*, *.jsf, *.faces, *.xhtml]
[24/07/25, 13:10:18:218 COT] 00000070 enliberty.faces40.internal.ee.WASMyFacesContainerInitializer I Added StartupServletContextListener to the servlet context
[24/07/25, 13:10:18:274 COT] 00000070 org.apache.myfaces.config.DefaultFacesConfigurationProvider  I Found jakarta.faces.application.ApplicationFactory factory implementation: io.openliberty.faces40.internal.config.WASApplicationFactoryImpl
[24/07/25, 13:10:18:642 COT] 00000070 org.apache.myfaces.application.ApplicationImpl               I Couldn't discover the current project stage, using Production
[24/07/25, 13:10:18:659 COT] 00000070 org.primefaces.webapp.PostConstructApplicationEventListener  I Running on PrimeFaces 15.0.0
[24/07/25, 13:10:18:667 COT] 00000070 org.apache.myfaces.webapp.FacesInitializerImpl               I MyFaces Core has started, it took [442] ms.
[24/07/25, 13:10:18:669 COT] 00000070 com.ibm.ws.app.manager.AppMessageHelper                      A CWWKZ0003I: La aplicación app-overtime se ha actualizado en 4.255 segundos.
[24/07/25, 13:10:29:501 COT] 00000066 com.ibm.ws.webcontainer.servlet                              I SRVE0242I: [app-overtime] [/app-overtime] [FacesServlet]: Inicialización satisfactoria.
[24/07/25, 13:10:29:651 COT] 0000004e org.apache.myfaces.util.ExternalSpecifications               I MyFaces Core Servlet 6.0 support enabled
[24/07/25, 13:10:49:102 COT] 0000004c org.apache.myfaces.el.ELResolverBuilder                      I Chain of EL resolvers: [org.apache.myfaces.el.resolver.implicitobject.ImplicitObjectResolver@f58692f, org.jboss.weld.module.web.el.WeldELResolver@4e3bd882, org.apache.myfaces.el.resolver.CompositeComponentELResolver@61e3e5cf, org.apache.myfaces.el.resolver.FlashELResolver@9c20ed9, org.apache.myfaces.el.resolver.ResourceResolver@459f0fdf, jakarta.el.ResourceBundleELResolver@55f03026, org.apache.myfaces.el.resolver.ResourceBundleResolver@2b437aca, org.apache.myfaces.el.resolver.ImportConstantsELResolver@32ee1dbd, org.apache.el.stream.StreamELResolverImpl@fb21dc8, jakarta.el.StaticFieldELResolver@5b976d18, jakarta.el.MapELResolver@6bb2d98a, jakarta.el.ListELResolver@297332b4, jakarta.el.ArrayELResolver@36b0360f, jakarta.el.BeanELResolver@56af726c]
[24/07/25, 13:10:49:145 COT] 0000004c com.ibm.ws.webcontainer.webapp                               I SRVE0292I: Mensaje de servlet - [app-overtime]:.No state saving method defined, assuming default server state saving
[24/07/25, 13:10:49:732 COT] 0000004c org.apache.myfaces.renderkit.html.HtmlStylesheetRenderer     W Resource referenced by resourceName style.css and libraryName css not found in call to ResourceHandler.createResource. It will be silenty ignored.
[24/07/25, 13:11:05:791 COT] 00000046 org.apache.myfaces.renderkit.html.HtmlStylesheetRenderer     W Resource referenced by resourceName style.css and libraryName css not found in call to ResourceHandler.createResource. It will be silenty ignored.
[24/07/25, 13:11:05:844 COT] 0000007f com.ibm.ws.webcontainer.extension                            W SRVE0190E: Archivo no encontrado: /app-overtime/images/logo_overtime.jpg
[24/07/25, 13:11:05:874 COT] 0000006f com.ibm.ws.webcontainer.extension                            W SRVE0190E: Archivo no encontrado: /app-overtime/images/logo_overtime.jpg
[24/07/25, 13:11:33:792 COT] 000000c5 org.apache.myfaces.renderkit.html.HtmlStylesheetRenderer     W Resource referenced by resourceName style.css and libraryName css not found in call to ResourceHandler.createResource. It will be silenty ignored.
[24/07/25, 13:11:33:859 COT] 0000006c com.ibm.ws.webcontainer.extension                            W SRVE0190E: Archivo no encontrado: /app-overtime/images/logo_overtime.jpg
[24/07/25, 13:11:33:894 COT] 00000070 com.ibm.ws.webcontainer.extension                            W SRVE0190E: Archivo no encontrado: /app-overtime/images/logo_overtime.jpg
[24/07/25, 13:19:27:194 COT] 00000064 com.ibm.ws.http.internal.VirtualHostImpl                     A CWWKT0017I: Aplicación web eliminada (default_host): http://localhost:9080/app-overtime/
[24/07/25, 13:19:27:198 COT] 00000064 com.ibm.ws.webcontainer.servlet                              I SRVE0253I: [app-overtime] [/app-overtime] [FacesServlet]: Destrucción satisfactoria.
[24/07/25, 13:19:27:205 COT] 00000064 com.ibm.ws.ejbcontainer.osgi.internal.EJBRuntimeImpl         I CNTR4003I: Se está deteniendo el módulo EJB app-overtime.war en la aplicación app-overtime.
[24/07/25, 13:19:27:207 COT] 00000064 com.ibm.ws.ejbcontainer.osgi.internal.EJBRuntimeImpl         I CNTR4004I: Se ha detenido correctamente el módulo EJB app-overtime.war en la aplicación app-overtime.
[24/07/25, 13:19:27:221 COT] 00000064 com.ibm.ws.app.manager.AppMessageHelper                      A CWWKZ0009I: La aplicación app-overtime se ha detenido correctamente.
[24/07/25, 13:19:27:239 COT] 00000064 com.ibm.ws.app.manager.AppMessageHelper                      I CWWKZ0018I: Iniciando la aplicación app-overtime.
[24/07/25, 13:19:27:240 COT] 00000064 bm.ws.app.manager.war.internal.WARDeployedAppInfoFactoryImpl I CWWKZ0134I: La aplicación app-overtime está utilizando la definición de aplicación dinámica en la ubicación C:\SandboxPOO\Proyecto\app-overtime\app-overtime\target\liberty\wlp\usr\servers\defaultServer\apps\app-overtime.war.xml.
[24/07/25, 13:19:27:264 COT] 000000bc com.ibm.ws.webcontainer.osgi.mbeans.PluginGenerator          I SRVE9103I: Se ha generado automáticamente un archivo de configuración para un plug-in de servidor web para este servidor en C:\SandboxPOO\Proyecto\app-overtime\app-overtime\target\liberty\wlp\usr\servers\defaultServer\logs\state\plugin-cfg.xml.
[24/07/25, 13:19:27:756 COT] 00000064 eclipselink                                                  I CWWJP9990I: [eclipselink] EclipseLink, versión: Eclipse Persistence Services - 4.0.2.v202306161219
[24/07/25, 13:19:29:589 COT] 00000064 org.jboss.weld.Event                                         I WELD-000411: Observer method [BackedAnnotatedMethod] org.apache.myfaces.config.annotation.CdiAnnotationProviderExtension.processAnnotatedType(@Observes ProcessAnnotatedType<T>) receives events for all annotated types. Consider restricting events using @WithAnnotations or a generic type with bounds.
[24/07/25, 13:19:29:899 COT] 00000064 com.ibm.ws.ejbcontainer.osgi.internal.EJBRuntimeImpl         I CNTR4000I: Se está iniciando el módulo EJB app-overtime.war en la aplicación app-overtime.
[24/07/25, 13:19:29:899 COT] 00000064 com.ibm.ws.ejbcontainer.osgi.internal.NameSpaceBinderImpl    I CNTR0167I: El servidor está enlazando la interfaz cc.edu.unl.business.PartidoService del PartidoService enterprise bean en el app-overtime.war módulo de la aplicación app-overtime.  La ubicación de enlace es: ejblocal:app-overtime/app-overtime.war/PartidoService#cc.edu.unl.business.PartidoService
[24/07/25, 13:19:29:899 COT] 00000064 com.ibm.ws.ejbcontainer.osgi.internal.NameSpaceBinderImpl    I CNTR0167I: El servidor está enlazando la interfaz cc.edu.unl.business.PartidoService del PartidoService enterprise bean en el app-overtime.war módulo de la aplicación app-overtime.  La ubicación de enlace es: ejblocal:cc.edu.unl.business.PartidoService
[24/07/25, 13:19:29:899 COT] 00000064 com.ibm.ws.ejbcontainer.runtime.AbstractEJBRuntime           I CNTR0167I: El servidor está enlazando la interfaz cc.edu.unl.business.PartidoService del PartidoService enterprise bean en el app-overtime.war módulo de la aplicación app-overtime.  La ubicación de enlace es: java:global/app-overtime/PartidoService!cc.edu.unl.business.PartidoService
[24/07/25, 13:19:29:900 COT] 00000064 com.ibm.ws.ejbcontainer.osgi.internal.NameSpaceBinderImpl    I CNTR0167I: El servidor está enlazando la interfaz cc.edu.unl.business.TablaGoleadoresService del TablaGoleadoresService enterprise bean en el app-overtime.war módulo de la aplicación app-overtime.  La ubicación de enlace es: ejblocal:app-overtime/app-overtime.war/TablaGoleadoresService#cc.edu.unl.business.TablaGoleadoresService
[24/07/25, 13:19:29:900 COT] 00000064 com.ibm.ws.ejbcontainer.osgi.internal.NameSpaceBinderImpl    I CNTR0167I: El servidor está enlazando la interfaz cc.edu.unl.business.TablaGoleadoresService del TablaGoleadoresService enterprise bean en el app-overtime.war módulo de la aplicación app-overtime.  La ubicación de enlace es: ejblocal:cc.edu.unl.business.TablaGoleadoresService
[24/07/25, 13:19:29:900 COT] 00000064 com.ibm.ws.ejbcontainer.runtime.AbstractEJBRuntime           I CNTR0167I: El servidor está enlazando la interfaz cc.edu.unl.business.TablaGoleadoresService del TablaGoleadoresService enterprise bean en el app-overtime.war módulo de la aplicación app-overtime.  La ubicación de enlace es: java:global/app-overtime/TablaGoleadoresService!cc.edu.unl.business.TablaGoleadoresService
[24/07/25, 13:19:29:900 COT] 00000064 com.ibm.ws.ejbcontainer.osgi.internal.NameSpaceBinderImpl    I CNTR0167I: El servidor está enlazando la interfaz cc.edu.unl.business.TablaPosicionesService del TablaPosicionesService enterprise bean en el app-overtime.war módulo de la aplicación app-overtime.  La ubicación de enlace es: ejblocal:app-overtime/app-overtime.war/TablaPosicionesService#cc.edu.unl.business.TablaPosicionesService
[24/07/25, 13:19:29:900 COT] 00000064 com.ibm.ws.ejbcontainer.osgi.internal.NameSpaceBinderImpl    I CNTR0167I: El servidor está enlazando la interfaz cc.edu.unl.business.TablaPosicionesService del TablaPosicionesService enterprise bean en el app-overtime.war módulo de la aplicación app-overtime.  La ubicación de enlace es: ejblocal:cc.edu.unl.business.TablaPosicionesService
[24/07/25, 13:19:29:900 COT] 00000064 com.ibm.ws.ejbcontainer.runtime.AbstractEJBRuntime           I CNTR0167I: El servidor está enlazando la interfaz cc.edu.unl.business.TablaPosicionesService del TablaPosicionesService enterprise bean en el app-overtime.war módulo de la aplicación app-overtime.  La ubicación de enlace es: java:global/app-overtime/TablaPosicionesService!cc.edu.unl.business.TablaPosicionesService
[24/07/25, 13:19:29:900 COT] 00000064 com.ibm.ws.ejbcontainer.osgi.internal.NameSpaceBinderImpl    I CNTR0167I: El servidor está enlazando la interfaz cc.edu.unl.repository.CrudGenericService del CrudGenericService enterprise bean en el app-overtime.war módulo de la aplicación app-overtime.  La ubicación de enlace es: ejblocal:app-overtime/app-overtime.war/CrudGenericService#cc.edu.unl.repository.CrudGenericService
[24/07/25, 13:19:29:900 COT] 00000064 com.ibm.ws.ejbcontainer.osgi.internal.NameSpaceBinderImpl    I CNTR0167I: El servidor está enlazando la interfaz cc.edu.unl.repository.CrudGenericService del CrudGenericService enterprise bean en el app-overtime.war módulo de la aplicación app-overtime.  La ubicación de enlace es: ejblocal:cc.edu.unl.repository.CrudGenericService
[24/07/25, 13:19:29:900 COT] 00000064 com.ibm.ws.ejbcontainer.runtime.AbstractEJBRuntime           I CNTR0167I: El servidor está enlazando la interfaz cc.edu.unl.repository.CrudGenericService del CrudGenericService enterprise bean en el app-overtime.war módulo de la aplicación app-overtime.  La ubicación de enlace es: java:global/app-overtime/CrudGenericService!cc.edu.unl.repository.CrudGenericService
[24/07/25, 13:19:29:900 COT] 00000064 com.ibm.ws.ejbcontainer.osgi.internal.NameSpaceBinderImpl    I CNTR0167I: El servidor está enlazando la interfaz cc.edu.unl.business.EquipoService del EquipoService enterprise bean en el app-overtime.war módulo de la aplicación app-overtime.  La ubicación de enlace es: ejblocal:app-overtime/app-overtime.war/EquipoService#cc.edu.unl.business.EquipoService
[24/07/25, 13:19:29:900 COT] 00000064 com.ibm.ws.ejbcontainer.osgi.internal.NameSpaceBinderImpl    I CNTR0167I: El servidor está enlazando la interfaz cc.edu.unl.business.EquipoService del EquipoService enterprise bean en el app-overtime.war módulo de la aplicación app-overtime.  La ubicación de enlace es: ejblocal:cc.edu.unl.business.EquipoService
[24/07/25, 13:19:29:900 COT] 00000064 com.ibm.ws.ejbcontainer.runtime.AbstractEJBRuntime           I CNTR0167I: El servidor está enlazando la interfaz cc.edu.unl.business.EquipoService del EquipoService enterprise bean en el app-overtime.war módulo de la aplicación app-overtime.  La ubicación de enlace es: java:global/app-overtime/EquipoService!cc.edu.unl.business.EquipoService
[24/07/25, 13:19:29:900 COT] 00000064 com.ibm.ws.ejbcontainer.osgi.internal.EJBRuntimeImpl         I CNTR4001I: Se ha iniciado correctamente el módulo EJB app-overtime.war en la aplicación app-overtime.
[24/07/25, 13:19:29:902 COT] 00000064 com.ibm.ws.webcontainer.osgi.webapp.WebGroup                 I SRVE0169I: Cargando módulo web: tuapp.
[24/07/25, 13:19:29:902 COT] 00000064 com.ibm.ws.webcontainer                                      I SRVE0250I: El módulo web tuapp se ha enlazado con default_host.
[24/07/25, 13:19:29:903 COT] 00000064 com.ibm.ws.http.internal.VirtualHostImpl                     A CWWKT0016I: Aplicación web disponible (default_host): http://localhost:9080/app-overtime/
[24/07/25, 13:19:29:904 COT] 000000b5 com.ibm.ws.session.WASSessionCore                            I SESN0176I: Se creará un nuevo contexto de sesión para la clave de aplicación default_host/app-overtime
[24/07/25, 13:19:29:905 COT] 000000b5 com.ibm.ws.util                                              I SESN0172I: El gestor de sesiones está utilizando la implementación de SecureRandom Java por omisión para la generación del ID de sesión.
[24/07/25, 13:19:29:937 COT] 000000c4 com.ibm.ws.webcontainer.osgi.mbeans.PluginGenerator          I SRVE9103I: Se ha generado automáticamente un archivo de configuración para un plug-in de servidor web para este servidor en C:\SandboxPOO\Proyecto\app-overtime\app-overtime\target\liberty\wlp\usr\servers\defaultServer\logs\state\plugin-cfg.xml.
[24/07/25, 13:19:32:434 COT] 000000b5 org.apache.myfaces.webapp.MyFacesContainerInitializer        I Using io.openliberty.faces40.internal.ee.WASMyFacesContainerInitializer
[24/07/25, 13:19:32:436 COT] 000000b5 org.apache.myfaces.webapp.MyFacesContainerInitializer        I Added FacesServlet with mappings=[/faces/*, *.jsf, *.faces, *.xhtml]
[24/07/25, 13:19:32:436 COT] 000000b5 enliberty.faces40.internal.ee.WASMyFacesContainerInitializer I Added StartupServletContextListener to the servlet context
[24/07/25, 13:19:32:472 COT] 000000b5 org.apache.myfaces.config.DefaultFacesConfigurationProvider  I Found jakarta.faces.application.ApplicationFactory factory implementation: io.openliberty.faces40.internal.config.WASApplicationFactoryImpl
[24/07/25, 13:19:32:811 COT] 000000b5 org.apache.myfaces.application.ApplicationImpl               I Couldn't discover the current project stage, using Production
[24/07/25, 13:19:32:819 COT] 000000b5 org.primefaces.webapp.PostConstructApplicationEventListener  I Running on PrimeFaces 15.0.0
[24/07/25, 13:19:32:839 COT] 000000b5 org.apache.myfaces.webapp.FacesInitializerImpl               I MyFaces Core has started, it took [395] ms.
[24/07/25, 13:19:32:842 COT] 000000b5 com.ibm.ws.app.manager.AppMessageHelper                      A CWWKZ0003I: La aplicación app-overtime se ha actualizado en 5.603 segundos.
[24/07/25, 13:19:41:701 COT] 000000b5 com.ibm.ws.webcontainer.servlet                              I SRVE0242I: [app-overtime] [/app-overtime] [FacesServlet]: Inicialización satisfactoria.
[24/07/25, 13:19:41:824 COT] 000000b5 org.apache.myfaces.el.ELResolverBuilder                      I Chain of EL resolvers: [org.apache.myfaces.el.resolver.implicitobject.ImplicitObjectResolver@38ddf489, org.jboss.weld.module.web.el.WeldELResolver@1d33b706, org.apache.myfaces.el.resolver.CompositeComponentELResolver@c7881c5, org.apache.myfaces.el.resolver.FlashELResolver@4f07d64c, org.apache.myfaces.el.resolver.ResourceResolver@18a91a99, jakarta.el.ResourceBundleELResolver@1822050d, org.apache.myfaces.el.resolver.ResourceBundleResolver@509cc965, org.apache.myfaces.el.resolver.ImportConstantsELResolver@2158c08c, org.apache.el.stream.StreamELResolverImpl@71f56bec, jakarta.el.StaticFieldELResolver@797712b2, jakarta.el.MapELResolver@4f162b18, jakarta.el.ListELResolver@28adced6, jakarta.el.ArrayELResolver@725d6a24, jakarta.el.BeanELResolver@337e045f]
[24/07/25, 13:19:41:833 COT] 000000b5 com.ibm.ws.webcontainer.webapp                               I SRVE0292I: Mensaje de servlet - [app-overtime]:.No state saving method defined, assuming default server state saving
[24/07/25, 13:23:26:461 COT] 000000e8 com.ibm.ws.http.internal.VirtualHostImpl                     A CWWKT0017I: Aplicación web eliminada (default_host): http://localhost:9080/app-overtime/
[24/07/25, 13:23:26:463 COT] 000000e8 com.ibm.ws.webcontainer.servlet                              I SRVE0253I: [app-overtime] [/app-overtime] [FacesServlet]: Destrucción satisfactoria.
[24/07/25, 13:23:26:468 COT] 000000e8 com.ibm.ws.ejbcontainer.osgi.internal.EJBRuntimeImpl         I CNTR4003I: Se está deteniendo el módulo EJB app-overtime.war en la aplicación app-overtime.
[24/07/25, 13:23:26:468 COT] 000000e8 com.ibm.ws.ejbcontainer.osgi.internal.EJBRuntimeImpl         I CNTR4004I: Se ha detenido correctamente el módulo EJB app-overtime.war en la aplicación app-overtime.
[24/07/25, 13:23:26:477 COT] 000000e8 com.ibm.ws.app.manager.AppMessageHelper                      A CWWKZ0009I: La aplicación app-overtime se ha detenido correctamente.
[24/07/25, 13:23:26:488 COT] 000000e8 com.ibm.ws.app.manager.AppMessageHelper                      I CWWKZ0018I: Iniciando la aplicación app-overtime.
[24/07/25, 13:23:26:488 COT] 000000e8 bm.ws.app.manager.war.internal.WARDeployedAppInfoFactoryImpl I CWWKZ0134I: La aplicación app-overtime está utilizando la definición de aplicación dinámica en la ubicación C:\SandboxPOO\Proyecto\app-overtime\app-overtime\target\liberty\wlp\usr\servers\defaultServer\apps\app-overtime.war.xml.
[24/07/25, 13:23:26:516 COT] 000000c7 com.ibm.ws.webcontainer.osgi.mbeans.PluginGenerator          I SRVE9103I: Se ha generado automáticamente un archivo de configuración para un plug-in de servidor web para este servidor en C:\SandboxPOO\Proyecto\app-overtime\app-overtime\target\liberty\wlp\usr\servers\defaultServer\logs\state\plugin-cfg.xml.
[24/07/25, 13:23:26:863 COT] 000000e8 eclipselink                                                  I CWWJP9990I: [eclipselink] EclipseLink, versión: Eclipse Persistence Services - 4.0.2.v202306161219
[24/07/25, 13:23:28:604 COT] 000000e8 org.jboss.weld.Event                                         I WELD-000411: Observer method [BackedAnnotatedMethod] org.apache.myfaces.config.annotation.CdiAnnotationProviderExtension.processAnnotatedType(@Observes ProcessAnnotatedType<T>) receives events for all annotated types. Consider restricting events using @WithAnnotations or a generic type with bounds.
[24/07/25, 13:23:29:065 COT] 000000e8 com.ibm.ws.ejbcontainer.osgi.internal.EJBRuntimeImpl         I CNTR4000I: Se está iniciando el módulo EJB app-overtime.war en la aplicación app-overtime.
[24/07/25, 13:23:29:066 COT] 000000e8 com.ibm.ws.ejbcontainer.osgi.internal.NameSpaceBinderImpl    I CNTR0167I: El servidor está enlazando la interfaz cc.edu.unl.business.PartidoService del PartidoService enterprise bean en el app-overtime.war módulo de la aplicación app-overtime.  La ubicación de enlace es: ejblocal:app-overtime/app-overtime.war/PartidoService#cc.edu.unl.business.PartidoService
[24/07/25, 13:23:29:067 COT] 000000e8 com.ibm.ws.ejbcontainer.osgi.internal.NameSpaceBinderImpl    I CNTR0167I: El servidor está enlazando la interfaz cc.edu.unl.business.PartidoService del PartidoService enterprise bean en el app-overtime.war módulo de la aplicación app-overtime.  La ubicación de enlace es: ejblocal:cc.edu.unl.business.PartidoService
[24/07/25, 13:23:29:067 COT] 000000e8 com.ibm.ws.ejbcontainer.runtime.AbstractEJBRuntime           I CNTR0167I: El servidor está enlazando la interfaz cc.edu.unl.business.PartidoService del PartidoService enterprise bean en el app-overtime.war módulo de la aplicación app-overtime.  La ubicación de enlace es: java:global/app-overtime/PartidoService!cc.edu.unl.business.PartidoService
[24/07/25, 13:23:29:067 COT] 000000e8 com.ibm.ws.ejbcontainer.osgi.internal.NameSpaceBinderImpl    I CNTR0167I: El servidor está enlazando la interfaz cc.edu.unl.business.EquipoService del EquipoService enterprise bean en el app-overtime.war módulo de la aplicación app-overtime.  La ubicación de enlace es: ejblocal:app-overtime/app-overtime.war/EquipoService#cc.edu.unl.business.EquipoService
[24/07/25, 13:23:29:067 COT] 000000e8 com.ibm.ws.ejbcontainer.osgi.internal.NameSpaceBinderImpl    I CNTR0167I: El servidor está enlazando la interfaz cc.edu.unl.business.EquipoService del EquipoService enterprise bean en el app-overtime.war módulo de la aplicación app-overtime.  La ubicación de enlace es: ejblocal:cc.edu.unl.business.EquipoService
[24/07/25, 13:23:29:067 COT] 000000e8 com.ibm.ws.ejbcontainer.runtime.AbstractEJBRuntime           I CNTR0167I: El servidor está enlazando la interfaz cc.edu.unl.business.EquipoService del EquipoService enterprise bean en el app-overtime.war módulo de la aplicación app-overtime.  La ubicación de enlace es: java:global/app-overtime/EquipoService!cc.edu.unl.business.EquipoService
[24/07/25, 13:23:29:067 COT] 000000e8 com.ibm.ws.ejbcontainer.osgi.internal.NameSpaceBinderImpl    I CNTR0167I: El servidor está enlazando la interfaz cc.edu.unl.business.TablaGoleadoresService del TablaGoleadoresService enterprise bean en el app-overtime.war módulo de la aplicación app-overtime.  La ubicación de enlace es: ejblocal:app-overtime/app-overtime.war/TablaGoleadoresService#cc.edu.unl.business.TablaGoleadoresService
[24/07/25, 13:23:29:067 COT] 000000e8 com.ibm.ws.ejbcontainer.osgi.internal.NameSpaceBinderImpl    I CNTR0167I: El servidor está enlazando la interfaz cc.edu.unl.business.TablaGoleadoresService del TablaGoleadoresService enterprise bean en el app-overtime.war módulo de la aplicación app-overtime.  La ubicación de enlace es: ejblocal:cc.edu.unl.business.TablaGoleadoresService
[24/07/25, 13:23:29:067 COT] 000000e8 com.ibm.ws.ejbcontainer.runtime.AbstractEJBRuntime           I CNTR0167I: El servidor está enlazando la interfaz cc.edu.unl.business.TablaGoleadoresService del TablaGoleadoresService enterprise bean en el app-overtime.war módulo de la aplicación app-overtime.  La ubicación de enlace es: java:global/app-overtime/TablaGoleadoresService!cc.edu.unl.business.TablaGoleadoresService
[24/07/25, 13:23:29:067 COT] 000000e8 com.ibm.ws.ejbcontainer.osgi.internal.NameSpaceBinderImpl    I CNTR0167I: El servidor está enlazando la interfaz cc.edu.unl.business.TablaPosicionesService del TablaPosicionesService enterprise bean en el app-overtime.war módulo de la aplicación app-overtime.  La ubicación de enlace es: ejblocal:app-overtime/app-overtime.war/TablaPosicionesService#cc.edu.unl.business.TablaPosicionesService
[24/07/25, 13:23:29:067 COT] 000000e8 com.ibm.ws.ejbcontainer.osgi.internal.NameSpaceBinderImpl    I CNTR0167I: El servidor está enlazando la interfaz cc.edu.unl.business.TablaPosicionesService del TablaPosicionesService enterprise bean en el app-overtime.war módulo de la aplicación app-overtime.  La ubicación de enlace es: ejblocal:cc.edu.unl.business.TablaPosicionesService
[24/07/25, 13:23:29:067 COT] 000000e8 com.ibm.ws.ejbcontainer.runtime.AbstractEJBRuntime           I CNTR0167I: El servidor está enlazando la interfaz cc.edu.unl.business.TablaPosicionesService del TablaPosicionesService enterprise bean en el app-overtime.war módulo de la aplicación app-overtime.  La ubicación de enlace es: java:global/app-overtime/TablaPosicionesService!cc.edu.unl.business.TablaPosicionesService
[24/07/25, 13:23:29:067 COT] 000000e8 com.ibm.ws.ejbcontainer.osgi.internal.NameSpaceBinderImpl    I CNTR0167I: El servidor está enlazando la interfaz cc.edu.unl.repository.CrudGenericService del CrudGenericService enterprise bean en el app-overtime.war módulo de la aplicación app-overtime.  La ubicación de enlace es: ejblocal:app-overtime/app-overtime.war/CrudGenericService#cc.edu.unl.repository.CrudGenericService
[24/07/25, 13:23:29:067 COT] 000000e8 com.ibm.ws.ejbcontainer.osgi.internal.NameSpaceBinderImpl    I CNTR0167I: El servidor está enlazando la interfaz cc.edu.unl.repository.CrudGenericService del CrudGenericService enterprise bean en el app-overtime.war módulo de la aplicación app-overtime.  La ubicación de enlace es: ejblocal:cc.edu.unl.repository.CrudGenericService
[24/07/25, 13:23:29:067 COT] 000000e8 com.ibm.ws.ejbcontainer.runtime.AbstractEJBRuntime           I CNTR0167I: El servidor está enlazando la interfaz cc.edu.unl.repository.CrudGenericService del CrudGenericService enterprise bean en el app-overtime.war módulo de la aplicación app-overtime.  La ubicación de enlace es: java:global/app-overtime/CrudGenericService!cc.edu.unl.repository.CrudGenericService
[24/07/25, 13:23:29:068 COT] 000000e8 com.ibm.ws.ejbcontainer.osgi.internal.EJBRuntimeImpl         I CNTR4001I: Se ha iniciado correctamente el módulo EJB app-overtime.war en la aplicación app-overtime.
[24/07/25, 13:23:29:068 COT] 000000e8 com.ibm.ws.webcontainer.osgi.webapp.WebGroup                 I SRVE0169I: Cargando módulo web: tuapp.
[24/07/25, 13:23:29:069 COT] 000000e8 com.ibm.ws.webcontainer                                      I SRVE0250I: El módulo web tuapp se ha enlazado con default_host.
[24/07/25, 13:23:29:069 COT] 000000e8 com.ibm.ws.http.internal.VirtualHostImpl                     A CWWKT0016I: Aplicación web disponible (default_host): http://localhost:9080/app-overtime/
[24/07/25, 13:23:29:071 COT] 000000b5 com.ibm.ws.session.WASSessionCore                            I SESN0176I: Se creará un nuevo contexto de sesión para la clave de aplicación default_host/app-overtime
[24/07/25, 13:23:29:071 COT] 000000b5 com.ibm.ws.util                                              I SESN0172I: El gestor de sesiones está utilizando la implementación de SecureRandom Java por omisión para la generación del ID de sesión.
[24/07/25, 13:23:29:112 COT] 000000e8 com.ibm.ws.webcontainer.osgi.mbeans.PluginGenerator          I SRVE9103I: Se ha generado automáticamente un archivo de configuración para un plug-in de servidor web para este servidor en C:\SandboxPOO\Proyecto\app-overtime\app-overtime\target\liberty\wlp\usr\servers\defaultServer\logs\state\plugin-cfg.xml.
[24/07/25, 13:23:30:461 COT] 000000b5 org.apache.myfaces.webapp.MyFacesContainerInitializer        I Using io.openliberty.faces40.internal.ee.WASMyFacesContainerInitializer
[24/07/25, 13:23:30:462 COT] 000000b5 org.apache.myfaces.webapp.MyFacesContainerInitializer        I Added FacesServlet with mappings=[/faces/*, *.jsf, *.faces, *.xhtml]
[24/07/25, 13:23:30:462 COT] 000000b5 enliberty.faces40.internal.ee.WASMyFacesContainerInitializer I Added StartupServletContextListener to the servlet context
[24/07/25, 13:23:30:474 COT] 000000b5 org.apache.myfaces.config.DefaultFacesConfigurationProvider  I Found jakarta.faces.application.ApplicationFactory factory implementation: io.openliberty.faces40.internal.config.WASApplicationFactoryImpl
[24/07/25, 13:23:30:659 COT] 000000b5 org.apache.myfaces.application.ApplicationImpl               I Couldn't discover the current project stage, using Production
[24/07/25, 13:23:30:663 COT] 000000b5 org.primefaces.webapp.PostConstructApplicationEventListener  I Running on PrimeFaces 15.0.0
[24/07/25, 13:23:30:667 COT] 000000b5 org.apache.myfaces.webapp.FacesInitializerImpl               I MyFaces Core has started, it took [201] ms.
[24/07/25, 13:23:30:668 COT] 000000b5 com.ibm.ws.app.manager.AppMessageHelper                      A CWWKZ0003I: La aplicación app-overtime se ha actualizado en 4.181 segundos.
[24/07/25, 13:23:34:620 COT] 000000e3 com.ibm.ws.webcontainer.servlet                              I SRVE0242I: [app-overtime] [/app-overtime] [FacesServlet]: Inicialización satisfactoria.
[24/07/25, 13:23:34:781 COT] 000000e3 com.ibm.ws.webcontainer.webapp                               I SRVE0292I: Mensaje de servlet - [app-overtime]:.No state saving method defined, assuming default server state saving
[24/07/25, 13:23:34:858 COT] 000000e3 com.ibm.ws.webcontainer.util.ApplicationErrorUtils           E SRVE0777E: Excepción lanzada por la clase de aplicación 'jakarta.faces.webapp.FacesServlet.service:239'
jakarta.servlet.ServletException: View "/login.xhtml" could not be restored.
	at jakarta.faces.webapp.FacesServlet.service(FacesServlet.java:239)
	at com.ibm.ws.webcontainer.servlet.ServletWrapper.service(ServletWrapper.java:1260)
	at com.ibm.ws.webcontainer.servlet.ServletWrapper.handleRequest(ServletWrapper.java:748)
	at com.ibm.ws.webcontainer.servlet.ServletWrapper.handleRequest(ServletWrapper.java:445)
	at com.ibm.ws.webcontainer.filter.WebAppFilterChain.invokeTarget(WebAppFilterChain.java:197)
	at com.ibm.ws.webcontainer.filter.WebAppFilterChain.doFilter(WebAppFilterChain.java:100)
	at com.ibm.ws.security.jaspi.JaspiServletFilter.doFilter(JaspiServletFilter.java:58)
	at com.ibm.ws.webcontainer.filter.FilterInstanceWrapper.doFilter(FilterInstanceWrapper.java:203)
	at com.ibm.ws.webcontainer.filter.WebAppFilterChain.doFilter(WebAppFilterChain.java:93)
	at com.ibm.ws.webcontainer.filter.WebAppFilterManager.doFilter(WebAppFilterManager.java:1068)
	at com.ibm.ws.webcontainer.filter.WebAppFilterManager.invokeFilters(WebAppFilterManager.java:1259)
	at com.ibm.ws.webcontainer.webapp.WebApp.handleRequest(WebApp.java:5076)
	at com.ibm.ws.webcontainer.osgi.DynamicVirtualHost$2.handleRequest(DynamicVirtualHost.java:318)
	at com.ibm.ws.webcontainer.WebContainer.handleRequest(WebContainer.java:1038)
	at com.ibm.ws.webcontainer.osgi.DynamicVirtualHost$2.run(DynamicVirtualHost.java:283)
	at com.ibm.ws.http.dispatcher.internal.channel.HttpDispatcherLink$TaskWrapper.run(HttpDispatcherLink.java:1248)
	at com.ibm.ws.http.dispatcher.internal.channel.HttpDispatcherLink.wrapHandlerAndExecute(HttpDispatcherLink.java:470)
	at com.ibm.ws.http.dispatcher.internal.channel.HttpDispatcherLink.ready(HttpDispatcherLink.java:429)
	at com.ibm.ws.http.channel.internal.inbound.HttpInboundLink.handleDiscrimination(HttpInboundLink.java:569)
	at com.ibm.ws.http.channel.internal.inbound.HttpInboundLink.handleNewRequest(HttpInboundLink.java:503)
	at com.ibm.ws.http.channel.internal.inbound.HttpInboundLink.processRequest(HttpInboundLink.java:363)
	at com.ibm.ws.http.channel.internal.inbound.HttpInboundLink.ready(HttpInboundLink.java:330)
	at com.ibm.ws.tcpchannel.internal.NewConnectionInitialReadCallback.sendToDiscriminators(NewConnectionInitialReadCallback.java:169)
	at com.ibm.ws.tcpchannel.internal.NewConnectionInitialReadCallback.complete(NewConnectionInitialReadCallback.java:77)
	at com.ibm.ws.tcpchannel.internal.WorkQueueManager.requestComplete(WorkQueueManager.java:516)
	at com.ibm.ws.tcpchannel.internal.WorkQueueManager.attemptIO(WorkQueueManager.java:586)
	at com.ibm.ws.tcpchannel.internal.WorkQueueManager.workerRun(WorkQueueManager.java:970)
	at com.ibm.ws.tcpchannel.internal.WorkQueueManager$Worker.run(WorkQueueManager.java:1059)
	at com.ibm.ws.threading.internal.ExecutorServiceImpl$RunnableWrapper.run(ExecutorServiceImpl.java:247)
	at java.base/java.util.concurrent.ThreadPoolExecutor.runWorker(ThreadPoolExecutor.java:1144)
	at java.base/java.util.concurrent.ThreadPoolExecutor$Worker.run(ThreadPoolExecutor.java:642)
	at java.base/java.lang.Thread.run(Thread.java:1583)
Caused by: jakarta.faces.application.ViewExpiredException: View "/login.xhtml" could not be restored.
	at org.apache.myfaces.lifecycle.RestoreViewExecutor.execute(RestoreViewExecutor.java:183)
	at org.apache.myfaces.lifecycle.LifecycleImpl.executePhase(LifecycleImpl.java:172)
	at org.apache.myfaces.lifecycle.LifecycleImpl.execute(LifecycleImpl.java:125)
	at jakarta.faces.webapp.FacesServlet.service(FacesServlet.java:223)
	... 31 more

[24/07/25, 13:23:35:410 COT] 000000e3 com.ibm.ws.logging.internal.impl.IncidentImpl                I FFDC1015I: Se ha creado una incidencia FFDC: "jakarta.servlet.ServletException: View "/login.xhtml" could not be restored. com.ibm.ws.webcontainer.filter.WebAppFilterChain.doFilter 82" en ffdc_25.07.24_13.23.34.0.log
[24/07/25, 13:23:35:512 COT] 000000e3 com.ibm.ws.logging.internal.impl.IncidentImpl                I FFDC1015I: Se ha creado una incidencia FFDC: "jakarta.servlet.ServletException: View "/login.xhtml" could not be restored. com.ibm.ws.webcontainer.filter.FilterInstanceWrapper.doFilter 144" en ffdc_25.07.24_13.23.35.0.log
[24/07/25, 13:23:35:519 COT] 000000e3 com.ibm.ws.logging.internal.impl.IncidentImpl                I FFDC1015I: Se ha creado una incidencia FFDC: "jakarta.servlet.ServletException: View "/login.xhtml" could not be restored. com.ibm.ws.webcontainer.filter.WebAppFilterManager.invokeFilters 1064" en ffdc_25.07.24_13.23.35.1.log
[24/07/25, 13:23:35:520 COT] 000000e3 com.ibm.ws.webcontainer.webapp                               E SRVE0315E: Se ha producido una excepción: java.lang.Throwable: jakarta.servlet.ServletException: View "/login.xhtml" could not be restored.
	at com.ibm.ws.webcontainer.webapp.WebApp.handleRequest(WebApp.java:5134)
	at com.ibm.ws.webcontainer.osgi.DynamicVirtualHost$2.handleRequest(DynamicVirtualHost.java:318)
	at com.ibm.ws.webcontainer.WebContainer.handleRequest(WebContainer.java:1038)
	at com.ibm.ws.webcontainer.osgi.DynamicVirtualHost$2.run(DynamicVirtualHost.java:283)
	at com.ibm.ws.http.dispatcher.internal.channel.HttpDispatcherLink$TaskWrapper.run(HttpDispatcherLink.java:1248)
	at com.ibm.ws.http.dispatcher.internal.channel.HttpDispatcherLink.wrapHandlerAndExecute(HttpDispatcherLink.java:470)
	at com.ibm.ws.http.dispatcher.internal.channel.HttpDispatcherLink.ready(HttpDispatcherLink.java:429)
	at com.ibm.ws.http.channel.internal.inbound.HttpInboundLink.handleDiscrimination(HttpInboundLink.java:569)
	at com.ibm.ws.http.channel.internal.inbound.HttpInboundLink.handleNewRequest(HttpInboundLink.java:503)
	at com.ibm.ws.http.channel.internal.inbound.HttpInboundLink.processRequest(HttpInboundLink.java:363)
	at com.ibm.ws.http.channel.internal.inbound.HttpInboundLink.ready(HttpInboundLink.java:330)
	at com.ibm.ws.tcpchannel.internal.NewConnectionInitialReadCallback.sendToDiscriminators(NewConnectionInitialReadCallback.java:169)
	at com.ibm.ws.tcpchannel.internal.NewConnectionInitialReadCallback.complete(NewConnectionInitialReadCallback.java:77)
	at com.ibm.ws.tcpchannel.internal.WorkQueueManager.requestComplete(WorkQueueManager.java:516)
	at com.ibm.ws.tcpchannel.internal.WorkQueueManager.attemptIO(WorkQueueManager.java:586)
	at com.ibm.ws.tcpchannel.internal.WorkQueueManager.workerRun(WorkQueueManager.java:970)
	at com.ibm.ws.tcpchannel.internal.WorkQueueManager$Worker.run(WorkQueueManager.java:1059)
	at com.ibm.ws.threading.internal.ExecutorServiceImpl$RunnableWrapper.run(ExecutorServiceImpl.java:247)
	at java.base/java.util.concurrent.ThreadPoolExecutor.runWorker(ThreadPoolExecutor.java:1144)
	at java.base/java.util.concurrent.ThreadPoolExecutor$Worker.run(ThreadPoolExecutor.java:642)
	at java.base/java.lang.Thread.run(Thread.java:1583)
Caused by: jakarta.servlet.ServletException: View "/login.xhtml" could not be restored.
	at jakarta.faces.webapp.FacesServlet.service(FacesServlet.java:239)
	at com.ibm.ws.webcontainer.servlet.ServletWrapper.service(ServletWrapper.java:1260)
	at com.ibm.ws.webcontainer.servlet.ServletWrapper.handleRequest(ServletWrapper.java:748)
	at com.ibm.ws.webcontainer.servlet.ServletWrapper.handleRequest(ServletWrapper.java:445)
	at com.ibm.ws.webcontainer.filter.WebAppFilterChain.invokeTarget(WebAppFilterChain.java:197)
	at com.ibm.ws.webcontainer.filter.WebAppFilterChain.doFilter(WebAppFilterChain.java:100)
	at com.ibm.ws.security.jaspi.JaspiServletFilter.doFilter(JaspiServletFilter.java:58)
	at com.ibm.ws.webcontainer.filter.FilterInstanceWrapper.doFilter(FilterInstanceWrapper.java:203)
	at com.ibm.ws.webcontainer.filter.WebAppFilterChain.doFilter(WebAppFilterChain.java:93)
	at com.ibm.ws.webcontainer.filter.WebAppFilterManager.doFilter(WebAppFilterManager.java:1068)
	at com.ibm.ws.webcontainer.filter.WebAppFilterManager.invokeFilters(WebAppFilterManager.java:1259)
	at com.ibm.ws.webcontainer.webapp.WebApp.handleRequest(WebApp.java:5076)
	... 20 more
Caused by: jakarta.faces.application.ViewExpiredException: View "/login.xhtml" could not be restored.
	at org.apache.myfaces.lifecycle.RestoreViewExecutor.execute(RestoreViewExecutor.java:183)
	at org.apache.myfaces.lifecycle.LifecycleImpl.executePhase(LifecycleImpl.java:172)
	at org.apache.myfaces.lifecycle.LifecycleImpl.execute(LifecycleImpl.java:125)
	at jakarta.faces.webapp.FacesServlet.service(FacesServlet.java:223)
	... 31 more

[24/07/25, 13:23:43:645 COT] 00000110 com.ibm.ws.webcontainer.util.ApplicationErrorUtils           E SRVE0777E: Excepción lanzada por la clase de aplicación 'jakarta.faces.webapp.FacesServlet.service:239'
jakarta.servlet.ServletException: View "/login.xhtml" could not be restored.
	at jakarta.faces.webapp.FacesServlet.service(FacesServlet.java:239)
	at com.ibm.ws.webcontainer.servlet.ServletWrapper.service(ServletWrapper.java:1260)
	at com.ibm.ws.webcontainer.servlet.ServletWrapper.handleRequest(ServletWrapper.java:748)
	at com.ibm.ws.webcontainer.servlet.ServletWrapper.handleRequest(ServletWrapper.java:445)
	at com.ibm.ws.webcontainer.filter.WebAppFilterChain.invokeTarget(WebAppFilterChain.java:197)
	at com.ibm.ws.webcontainer.filter.WebAppFilterChain.doFilter(WebAppFilterChain.java:100)
	at com.ibm.ws.security.jaspi.JaspiServletFilter.doFilter(JaspiServletFilter.java:58)
	at com.ibm.ws.webcontainer.filter.FilterInstanceWrapper.doFilter(FilterInstanceWrapper.java:203)
	at com.ibm.ws.webcontainer.filter.WebAppFilterChain.doFilter(WebAppFilterChain.java:93)
	at com.ibm.ws.webcontainer.filter.WebAppFilterManager.doFilter(WebAppFilterManager.java:1068)
	at com.ibm.ws.webcontainer.filter.WebAppFilterManager.invokeFilters(WebAppFilterManager.java:1259)
	at com.ibm.ws.webcontainer.filter.WebAppFilterManager.invokeFilters(WebAppFilterManager.java:1077)
	at com.ibm.ws.webcontainer.servlet.CacheServletWrapper.handleRequest(CacheServletWrapper.java:77)
	at com.ibm.ws.webcontainer40.servlet.CacheServletWrapper40.handleRequest(CacheServletWrapper40.java:87)
	at com.ibm.ws.webcontainer.WebContainer.handleRequest(WebContainer.java:969)
	at com.ibm.ws.webcontainer.osgi.DynamicVirtualHost$2.run(DynamicVirtualHost.java:283)
	at com.ibm.ws.http.dispatcher.internal.channel.HttpDispatcherLink$TaskWrapper.run(HttpDispatcherLink.java:1248)
	at com.ibm.ws.http.dispatcher.internal.channel.HttpDispatcherLink.wrapHandlerAndExecute(HttpDispatcherLink.java:470)
	at com.ibm.ws.http.dispatcher.internal.channel.HttpDispatcherLink.ready(HttpDispatcherLink.java:429)
	at com.ibm.ws.http.channel.internal.inbound.HttpInboundLink.handleDiscrimination(HttpInboundLink.java:569)
	at com.ibm.ws.http.channel.internal.inbound.HttpInboundLink.handleNewRequest(HttpInboundLink.java:503)
	at com.ibm.ws.http.channel.internal.inbound.HttpInboundLink.processRequest(HttpInboundLink.java:363)
	at com.ibm.ws.http.channel.internal.inbound.HttpInboundLink.ready(HttpInboundLink.java:330)
	at com.ibm.ws.tcpchannel.internal.NewConnectionInitialReadCallback.sendToDiscriminators(NewConnectionInitialReadCallback.java:169)
	at com.ibm.ws.tcpchannel.internal.NewConnectionInitialReadCallback.complete(NewConnectionInitialReadCallback.java:77)
	at com.ibm.ws.tcpchannel.internal.WorkQueueManager.requestComplete(WorkQueueManager.java:516)
	at com.ibm.ws.tcpchannel.internal.WorkQueueManager.attemptIO(WorkQueueManager.java:586)
	at com.ibm.ws.tcpchannel.internal.WorkQueueManager.workerRun(WorkQueueManager.java:970)
	at com.ibm.ws.tcpchannel.internal.WorkQueueManager$Worker.run(WorkQueueManager.java:1059)
	at com.ibm.ws.threading.internal.ExecutorServiceImpl$RunnableWrapper.run(ExecutorServiceImpl.java:247)
	at java.base/java.util.concurrent.ThreadPoolExecutor.runWorker(ThreadPoolExecutor.java:1144)
	at java.base/java.util.concurrent.ThreadPoolExecutor$Worker.run(ThreadPoolExecutor.java:642)
	at java.base/java.lang.Thread.run(Thread.java:1583)
Caused by: jakarta.faces.application.ViewExpiredException: View "/login.xhtml" could not be restored.
	at org.apache.myfaces.lifecycle.RestoreViewExecutor.execute(RestoreViewExecutor.java:183)
	at org.apache.myfaces.lifecycle.LifecycleImpl.executePhase(LifecycleImpl.java:172)
	at org.apache.myfaces.lifecycle.LifecycleImpl.execute(LifecycleImpl.java:125)
	at jakarta.faces.webapp.FacesServlet.service(FacesServlet.java:223)
	... 32 more

[24/07/25, 13:23:48:891 COT] 000000e9 org.apache.myfaces.el.ELResolverBuilder                      I Chain of EL resolvers: [org.apache.myfaces.el.resolver.implicitobject.ImplicitObjectResolver@779819a3, org.jboss.weld.module.web.el.WeldELResolver@2556d472, org.apache.myfaces.el.resolver.CompositeComponentELResolver@be2268, org.apache.myfaces.el.resolver.FlashELResolver@5c06ce, org.apache.myfaces.el.resolver.ResourceResolver@21ebef0, jakarta.el.ResourceBundleELResolver@35fcea11, org.apache.myfaces.el.resolver.ResourceBundleResolver@44a033a4, org.apache.myfaces.el.resolver.ImportConstantsELResolver@242a2788, org.apache.el.stream.StreamELResolverImpl@5334e4c3, jakarta.el.StaticFieldELResolver@1ca20d6, jakarta.el.MapELResolver@44b20e58, jakarta.el.ListELResolver@31517721, jakarta.el.ArrayELResolver@45b78f34, jakarta.el.BeanELResolver@152bdbc4]
[24/07/25, 13:24:26:956 COT] 00000126 com.ibm.ws.http.internal.VirtualHostImpl                     A CWWKT0017I: Aplicación web eliminada (default_host): http://localhost:9080/app-overtime/
[24/07/25, 13:24:26:957 COT] 00000126 com.ibm.ws.webcontainer.servlet                              I SRVE0253I: [app-overtime] [/app-overtime] [FacesServlet]: Destrucción satisfactoria.
[24/07/25, 13:24:26:960 COT] 00000126 com.ibm.ws.ejbcontainer.osgi.internal.EJBRuntimeImpl         I CNTR4003I: Se está deteniendo el módulo EJB app-overtime.war en la aplicación app-overtime.
[24/07/25, 13:24:26:961 COT] 00000126 com.ibm.ws.ejbcontainer.osgi.internal.EJBRuntimeImpl         I CNTR4004I: Se ha detenido correctamente el módulo EJB app-overtime.war en la aplicación app-overtime.
[24/07/25, 13:24:26:973 COT] 00000126 com.ibm.ws.app.manager.AppMessageHelper                      A CWWKZ0009I: La aplicación app-overtime se ha detenido correctamente.
[24/07/25, 13:24:26:999 COT] 00000126 com.ibm.ws.app.manager.AppMessageHelper                      I CWWKZ0018I: Iniciando la aplicación app-overtime.
[24/07/25, 13:24:26:999 COT] 00000126 bm.ws.app.manager.war.internal.WARDeployedAppInfoFactoryImpl I CWWKZ0134I: La aplicación app-overtime está utilizando la definición de aplicación dinámica en la ubicación C:\SandboxPOO\Proyecto\app-overtime\app-overtime\target\liberty\wlp\usr\servers\defaultServer\apps\app-overtime.war.xml.
[24/07/25, 13:24:27:008 COT] 000000bc com.ibm.ws.webcontainer.osgi.mbeans.PluginGenerator          I SRVE9103I: Se ha generado automáticamente un archivo de configuración para un plug-in de servidor web para este servidor en C:\SandboxPOO\Proyecto\app-overtime\app-overtime\target\liberty\wlp\usr\servers\defaultServer\logs\state\plugin-cfg.xml.
[24/07/25, 13:24:27:292 COT] 00000126 eclipselink                                                  I CWWJP9990I: [eclipselink] EclipseLink, versión: Eclipse Persistence Services - 4.0.2.v202306161219
[24/07/25, 13:24:29:321 COT] 00000126 org.jboss.weld.Event                                         I WELD-000411: Observer method [BackedAnnotatedMethod] org.apache.myfaces.config.annotation.CdiAnnotationProviderExtension.processAnnotatedType(@Observes ProcessAnnotatedType<T>) receives events for all annotated types. Consider restricting events using @WithAnnotations or a generic type with bounds.
[24/07/25, 13:24:29:705 COT] 00000126 com.ibm.ws.ejbcontainer.osgi.internal.EJBRuntimeImpl         I CNTR4000I: Se está iniciando el módulo EJB app-overtime.war en la aplicación app-overtime.
[24/07/25, 13:24:29:706 COT] 00000126 com.ibm.ws.ejbcontainer.osgi.internal.NameSpaceBinderImpl    I CNTR0167I: El servidor está enlazando la interfaz cc.edu.unl.business.TablaGoleadoresService del TablaGoleadoresService enterprise bean en el app-overtime.war módulo de la aplicación app-overtime.  La ubicación de enlace es: ejblocal:app-overtime/app-overtime.war/TablaGoleadoresService#cc.edu.unl.business.TablaGoleadoresService
[24/07/25, 13:24:29:706 COT] 00000126 com.ibm.ws.ejbcontainer.osgi.internal.NameSpaceBinderImpl    I CNTR0167I: El servidor está enlazando la interfaz cc.edu.unl.business.TablaGoleadoresService del TablaGoleadoresService enterprise bean en el app-overtime.war módulo de la aplicación app-overtime.  La ubicación de enlace es: ejblocal:cc.edu.unl.business.TablaGoleadoresService
[24/07/25, 13:24:29:707 COT] 00000126 com.ibm.ws.ejbcontainer.runtime.AbstractEJBRuntime           I CNTR0167I: El servidor está enlazando la interfaz cc.edu.unl.business.TablaGoleadoresService del TablaGoleadoresService enterprise bean en el app-overtime.war módulo de la aplicación app-overtime.  La ubicación de enlace es: java:global/app-overtime/TablaGoleadoresService!cc.edu.unl.business.TablaGoleadoresService
[24/07/25, 13:24:29:707 COT] 00000126 com.ibm.ws.ejbcontainer.osgi.internal.NameSpaceBinderImpl    I CNTR0167I: El servidor está enlazando la interfaz cc.edu.unl.business.PartidoService del PartidoService enterprise bean en el app-overtime.war módulo de la aplicación app-overtime.  La ubicación de enlace es: ejblocal:app-overtime/app-overtime.war/PartidoService#cc.edu.unl.business.PartidoService
[24/07/25, 13:24:29:708 COT] 00000126 com.ibm.ws.ejbcontainer.osgi.internal.NameSpaceBinderImpl    I CNTR0167I: El servidor está enlazando la interfaz cc.edu.unl.business.PartidoService del PartidoService enterprise bean en el app-overtime.war módulo de la aplicación app-overtime.  La ubicación de enlace es: ejblocal:cc.edu.unl.business.PartidoService
[24/07/25, 13:24:29:708 COT] 00000126 com.ibm.ws.ejbcontainer.runtime.AbstractEJBRuntime           I CNTR0167I: El servidor está enlazando la interfaz cc.edu.unl.business.PartidoService del PartidoService enterprise bean en el app-overtime.war módulo de la aplicación app-overtime.  La ubicación de enlace es: java:global/app-overtime/PartidoService!cc.edu.unl.business.PartidoService
[24/07/25, 13:24:29:708 COT] 00000126 com.ibm.ws.ejbcontainer.osgi.internal.NameSpaceBinderImpl    I CNTR0167I: El servidor está enlazando la interfaz cc.edu.unl.business.EquipoService del EquipoService enterprise bean en el app-overtime.war módulo de la aplicación app-overtime.  La ubicación de enlace es: ejblocal:app-overtime/app-overtime.war/EquipoService#cc.edu.unl.business.EquipoService
[24/07/25, 13:24:29:708 COT] 00000126 com.ibm.ws.ejbcontainer.osgi.internal.NameSpaceBinderImpl    I CNTR0167I: El servidor está enlazando la interfaz cc.edu.unl.business.EquipoService del EquipoService enterprise bean en el app-overtime.war módulo de la aplicación app-overtime.  La ubicación de enlace es: ejblocal:cc.edu.unl.business.EquipoService
[24/07/25, 13:24:29:708 COT] 00000126 com.ibm.ws.ejbcontainer.runtime.AbstractEJBRuntime           I CNTR0167I: El servidor está enlazando la interfaz cc.edu.unl.business.EquipoService del EquipoService enterprise bean en el app-overtime.war módulo de la aplicación app-overtime.  La ubicación de enlace es: java:global/app-overtime/EquipoService!cc.edu.unl.business.EquipoService
[24/07/25, 13:24:29:709 COT] 00000126 com.ibm.ws.ejbcontainer.osgi.internal.NameSpaceBinderImpl    I CNTR0167I: El servidor está enlazando la interfaz cc.edu.unl.business.TablaPosicionesService del TablaPosicionesService enterprise bean en el app-overtime.war módulo de la aplicación app-overtime.  La ubicación de enlace es: ejblocal:app-overtime/app-overtime.war/TablaPosicionesService#cc.edu.unl.business.TablaPosicionesService
[24/07/25, 13:24:29:709 COT] 00000126 com.ibm.ws.ejbcontainer.osgi.internal.NameSpaceBinderImpl    I CNTR0167I: El servidor está enlazando la interfaz cc.edu.unl.business.TablaPosicionesService del TablaPosicionesService enterprise bean en el app-overtime.war módulo de la aplicación app-overtime.  La ubicación de enlace es: ejblocal:cc.edu.unl.business.TablaPosicionesService
[24/07/25, 13:24:29:709 COT] 00000126 com.ibm.ws.ejbcontainer.runtime.AbstractEJBRuntime           I CNTR0167I: El servidor está enlazando la interfaz cc.edu.unl.business.TablaPosicionesService del TablaPosicionesService enterprise bean en el app-overtime.war módulo de la aplicación app-overtime.  La ubicación de enlace es: java:global/app-overtime/TablaPosicionesService!cc.edu.unl.business.TablaPosicionesService
[24/07/25, 13:24:29:709 COT] 00000126 com.ibm.ws.ejbcontainer.osgi.internal.NameSpaceBinderImpl    I CNTR0167I: El servidor está enlazando la interfaz cc.edu.unl.repository.CrudGenericService del CrudGenericService enterprise bean en el app-overtime.war módulo de la aplicación app-overtime.  La ubicación de enlace es: ejblocal:app-overtime/app-overtime.war/CrudGenericService#cc.edu.unl.repository.CrudGenericService
[24/07/25, 13:24:29:709 COT] 00000126 com.ibm.ws.ejbcontainer.osgi.internal.NameSpaceBinderImpl    I CNTR0167I: El servidor está enlazando la interfaz cc.edu.unl.repository.CrudGenericService del CrudGenericService enterprise bean en el app-overtime.war módulo de la aplicación app-overtime.  La ubicación de enlace es: ejblocal:cc.edu.unl.repository.CrudGenericService
[24/07/25, 13:24:29:709 COT] 00000126 com.ibm.ws.ejbcontainer.runtime.AbstractEJBRuntime           I CNTR0167I: El servidor está enlazando la interfaz cc.edu.unl.repository.CrudGenericService del CrudGenericService enterprise bean en el app-overtime.war módulo de la aplicación app-overtime.  La ubicación de enlace es: java:global/app-overtime/CrudGenericService!cc.edu.unl.repository.CrudGenericService
[24/07/25, 13:24:29:709 COT] 00000126 com.ibm.ws.ejbcontainer.osgi.internal.EJBRuntimeImpl         I CNTR4001I: Se ha iniciado correctamente el módulo EJB app-overtime.war en la aplicación app-overtime.
[24/07/25, 13:24:29:710 COT] 00000126 com.ibm.ws.webcontainer.osgi.webapp.WebGroup                 I SRVE0169I: Cargando módulo web: tuapp.
[24/07/25, 13:24:29:710 COT] 00000126 com.ibm.ws.webcontainer                                      I SRVE0250I: El módulo web tuapp se ha enlazado con default_host.
[24/07/25, 13:24:29:710 COT] 00000126 com.ibm.ws.http.internal.VirtualHostImpl                     A CWWKT0016I: Aplicación web disponible (default_host): http://localhost:9080/app-overtime/
[24/07/25, 13:24:29:712 COT] 000000ed com.ibm.ws.session.WASSessionCore                            I SESN0176I: Se creará un nuevo contexto de sesión para la clave de aplicación default_host/app-overtime
[24/07/25, 13:24:29:712 COT] 000000ed com.ibm.ws.util                                              I SESN0172I: El gestor de sesiones está utilizando la implementación de SecureRandom Java por omisión para la generación del ID de sesión.
[24/07/25, 13:24:29:754 COT] 00000126 com.ibm.ws.webcontainer.osgi.mbeans.PluginGenerator          I SRVE9103I: Se ha generado automáticamente un archivo de configuración para un plug-in de servidor web para este servidor en C:\SandboxPOO\Proyecto\app-overtime\app-overtime\target\liberty\wlp\usr\servers\defaultServer\logs\state\plugin-cfg.xml.
[24/07/25, 13:24:30:596 COT] 000000ed org.apache.myfaces.webapp.MyFacesContainerInitializer        I Using io.openliberty.faces40.internal.ee.WASMyFacesContainerInitializer
[24/07/25, 13:24:30:597 COT] 000000ed org.apache.myfaces.webapp.MyFacesContainerInitializer        I Added FacesServlet with mappings=[/faces/*, *.jsf, *.faces, *.xhtml]
[24/07/25, 13:24:30:597 COT] 000000ed enliberty.faces40.internal.ee.WASMyFacesContainerInitializer I Added StartupServletContextListener to the servlet context
[24/07/25, 13:24:30:614 COT] 000000ed org.apache.myfaces.config.DefaultFacesConfigurationProvider  I Found jakarta.faces.application.ApplicationFactory factory implementation: io.openliberty.faces40.internal.config.WASApplicationFactoryImpl
[24/07/25, 13:24:30:838 COT] 000000ed org.apache.myfaces.application.ApplicationImpl               I Couldn't discover the current project stage, using Production
[24/07/25, 13:24:30:883 COT] 000000ed org.primefaces.webapp.PostConstructApplicationEventListener  I Running on PrimeFaces 15.0.0
[24/07/25, 13:24:30:899 COT] 000000ed org.apache.myfaces.webapp.FacesInitializerImpl               I MyFaces Core has started, it took [297] ms.
[24/07/25, 13:24:30:902 COT] 000000ed com.ibm.ws.app.manager.AppMessageHelper                      A CWWKZ0003I: La aplicación app-overtime se ha actualizado en 3.902 segundos.
[24/07/25, 13:24:32:925 COT] 000000bc com.ibm.ws.webcontainer.servlet                              I SRVE0242I: [app-overtime] [/app-overtime] [FacesServlet]: Inicialización satisfactoria.
[24/07/25, 13:24:33:019 COT] 000000bc org.apache.myfaces.el.ELResolverBuilder                      I Chain of EL resolvers: [org.apache.myfaces.el.resolver.implicitobject.ImplicitObjectResolver@5372ea84, org.jboss.weld.module.web.el.WeldELResolver@3779d615, org.apache.myfaces.el.resolver.CompositeComponentELResolver@6bdc81fc, org.apache.myfaces.el.resolver.FlashELResolver@1c03c9bd, org.apache.myfaces.el.resolver.ResourceResolver@58612673, jakarta.el.ResourceBundleELResolver@21d19a14, org.apache.myfaces.el.resolver.ResourceBundleResolver@2e8d2cb3, org.apache.myfaces.el.resolver.ImportConstantsELResolver@2cc156fe, org.apache.el.stream.StreamELResolverImpl@7dc2afab, jakarta.el.StaticFieldELResolver@506e8b3d, jakarta.el.MapELResolver@1741dd37, jakarta.el.ListELResolver@31911f87, jakarta.el.ArrayELResolver@59c651e9, jakarta.el.BeanELResolver@7dd51e8f]
[24/07/25, 13:24:33:032 COT] 000000bc com.ibm.ws.webcontainer.webapp                               I SRVE0292I: Mensaje de servlet - [app-overtime]:.No state saving method defined, assuming default server state saving
[24/07/25, 13:26:20:251 COT] 00000027 com.ibm.ws.kernel.launch.internal.ServerCommandListener      A CWWKE0055I: Conclusión del servidor solicitada el jueves, 24 de julio de 2025 a las 13:26. El servidor defaultServer se está cerrando.
[24/07/25, 13:26:20:260 COT] 00000177 com.ibm.ws.runtime.update.internal.RuntimeUpdateManagerImpl  A CWWKE1100I: Esperando hasta 30 segundos para que el servidor se desactive temporalmente.
[24/07/25, 13:26:20:274 COT] 000000e1 com.ibm.ws.tcpchannel.internal.TCPChannel                    I CWWKO0220I: El canal TCP defaultHttpEndpoint ha detenido la escucha de solicitudes en el host kubernetes.docker.internal  (IPv4: 127.0.0.1) puerto 9080.
[24/07/25, 13:26:20:278 COT] 00000114 com.ibm.ws.tcpchannel.internal.TCPChannel                    I CWWKO0220I: El canal TCP defaultHttpEndpoint-ssl ha detenido la escucha de solicitudes en el host kubernetes.docker.internal  (IPv4: 127.0.0.1) puerto 9443.
[24/07/25, 13:26:20:279 COT] 00000114 com.ibm.ws.http.internal.VirtualHostImpl                     A CWWKT0017I: Aplicación web eliminada (default_host): https://localhost:9443/app-overtime/
[24/07/25, 13:26:21:294 COT] 00000177 com.ibm.ws.runtime.update.internal.RuntimeUpdateManagerImpl  I CWWKE1101I: La desactivación temporal del servidor ha finalizado.
[24/07/25, 13:26:21:367 COT] 000000ed com.ibm.ws.webcontainer.servlet                              I SRVE0253I: [app-overtime] [/app-overtime] [FacesServlet]: Destrucción satisfactoria.
[24/07/25, 13:26:21:371 COT] 000000ed com.ibm.ws.ejbcontainer.osgi.internal.EJBRuntimeImpl         I CNTR4003I: Se está deteniendo el módulo EJB app-overtime.war en la aplicación app-overtime.
[24/07/25, 13:26:21:371 COT] 000000ed com.ibm.ws.ejbcontainer.osgi.internal.EJBRuntimeImpl         I CNTR4004I: Se ha detenido correctamente el módulo EJB app-overtime.war en la aplicación app-overtime.
[24/07/25, 13:26:21:381 COT] 000000ed com.ibm.ws.app.manager.AppMessageHelper                      A CWWKZ0009I: La aplicación app-overtime se ha detenido correctamente.
[24/07/25, 13:26:21:536 COT] 00000177 com.ibm.tx.jta.impl.FailureScopeController                   A WTRN0105I: El servicio de transacciones se ha concluido satisfactoriamente sin ninguna transacción que necesite recuperación.
[24/07/25, 13:26:21:873 COT] 00000177 ibm.ws.security.authentication.internal.jaas.JAASServiceImpl I CWWKS1124I: Se ha desactivado el plugin de autenticación colectiva con el nombre de clase NullCollectiveAuthenticationPlugin. 
[24/07/25, 13:26:21:881 COT] 00000177 com.ibm.ws.security.ready.internal.SecurityReadyServiceImpl  I CWWKS0009I: El servicio de seguridad se ha detenido.
[24/07/25, 13:26:22:812 COT] 00000001 com.ibm.ws.kernel.launch.internal.FrameworkManager           A CWWKE0036I: El servidor defaultServer se ha detenido después de 16 minutos, 33.319 segundos.
