------Start of DE processing------ = [30/07/25, 08:23:23:483 COT]
Exception = java.lang.RuntimeException
Source = com.ibm.wsspi.injectionengine.InjectionBinding.getInjectionObject
probeid = 408
Stack Dump = java.lang.RuntimeException: jakarta.persistence.PersistenceException: Excepción [EclipseLink-4002] (Eclipse Persistence Services - 4.0.2.v202306161219): org.eclipse.persistence.exceptions.DatabaseException
Excepción interna: java.sql.SQLNonTransientException: Public Key Retrieval is not allowed DSRA0010E: Estado SQL = 08001, Código de error = 0
Código de error: 0
	at com.ibm.ws.jpa.management.JPAPUnitInfo.getEntityManagerFactory(JPAPUnitInfo.java:814)
	at com.ibm.ws.jpa.management.JPAPUnitInfo.getEntityManagerPool(JPAPUnitInfo.java:1023)
	at com.ibm.ws.jpa.management.JPATxEntityManager.<init>(JPATxEntityManager.java:149)
	at com.ibm.ws.jpa.container.v31.JPATxEntityManagerV31.<init>(JPATxEntityManagerV31.java:47)
	at com.ibm.ws.jpa.container.v31.internal.JPA31Runtime.createJPATxEntityManager(JPA31Runtime.java:73)
	at com.ibm.ws.jpa.management.AbstractJPAComponent.getEntityManager(AbstractJPAComponent.java:278)
	at com.ibm.ws.jpa.container.osgi.jndi.JPAJndiLookupObjectFactory.getObjectInstance(JPAJndiLookupObjectFactory.java:151)
	at com.ibm.wsspi.injectionengine.InjectionBinding.getInjectionObjectInstance(InjectionBinding.java:1560)
	at com.ibm.wsspi.injectionengine.InjectionBinding.getInjectionObject(InjectionBinding.java:1436)
	at com.ibm.wsspi.injectionengine.InjectionBinding.getInjectableObject(InjectionBinding.java:1376)
	at com.ibm.wsspi.injectionengine.InjectionTarget.inject(InjectionTarget.java:106)
	at com.ibm.ws.cdi.impl.weld.injection.WebSphereInjectionServicesImpl.inject(WebSphereInjectionServicesImpl.java:200)
	at com.ibm.ws.cdi.impl.weld.injection.WebSphereInjectionServicesImpl.inject(WebSphereInjectionServicesImpl.java:152)
	at com.ibm.ws.cdi.impl.weld.injection.WebSphereInjectionServicesImpl.access$000(WebSphereInjectionServicesImpl.java:76)
	at com.ibm.ws.cdi.impl.weld.injection.WebSphereInjectionServicesImpl$1.run(WebSphereInjectionServicesImpl.java:136)
	at com.ibm.ws.cdi.impl.weld.injection.WebSphereInjectionServicesImpl$1.run(WebSphereInjectionServicesImpl.java:132)
	at java.base/java.security.AccessController.doPrivileged(AccessController.java:571)
	at com.ibm.ws.cdi.impl.weld.injection.WebSphereInjectionServicesImpl.callInject(WebSphereInjectionServicesImpl.java:132)
	at com.ibm.ws.cdi.impl.weld.injection.WebSphereInjectionServicesImpl.injectJavaEEResources(WebSphereInjectionServicesImpl.java:114)
	at com.ibm.ws.cdi.impl.weld.injection.WebSphereInjectionServicesImpl.aroundInject(WebSphereInjectionServicesImpl.java:319)
	at org.jboss.weld.injection.InjectionContextImpl.run(InjectionContextImpl.java:46)
	at org.jboss.weld.injection.producer.DefaultInjector.inject(DefaultInjector.java:73)
	at org.jboss.weld.module.ejb.DynamicInjectionPointInjector.inject(DynamicInjectionPointInjector.java:61)
	at org.jboss.weld.module.ejb.SessionBeanInjectionTarget.inject(SessionBeanInjectionTarget.java:138)
	at com.ibm.ws.cdi.impl.managedobject.CDIManagedObject.cdiInjection(CDIManagedObject.java:204)
	at com.ibm.ws.cdi.impl.managedobject.CDIManagedObject.inject(CDIManagedObject.java:177)
	at com.ibm.ejs.container.ManagedBeanOBase.injectInstance(ManagedBeanOBase.java:144)
	at com.ibm.ejs.container.StatelessBeanO.injectInstance(StatelessBeanO.java:277)
	at com.ibm.ejs.container.StatelessBeanO.initialize(StatelessBeanO.java:161)
	at com.ibm.ejs.container.BeanOFactory.create(BeanOFactory.java:105)
	at com.ibm.ejs.container.EJSHome.createBeanO(EJSHome.java:932)
	at com.ibm.ejs.container.EJSHome.createBeanO(EJSHome.java:1029)
	at com.ibm.ejs.container.activator.UncachedActivationStrategy.atActivate(UncachedActivationStrategy.java:64)
	at com.ibm.ejs.container.activator.Activator.preInvokeActivateBean(Activator.java:265)
	at com.ibm.ejs.container.EJSContainer.preInvokeActivate(EJSContainer.java:3003)
	at com.ibm.ejs.container.EJSContainer.EjbPreInvoke(EJSContainer.java:2392)
	at cc.edu.unl.business.EJSLocalNSLTorneoService_18b58ef8.guardarTorneo(EJSLocalNSLTorneoService_18b58ef8.java)
	at java.base/jdk.internal.reflect.DirectMethodHandleAccessor.invoke(DirectMethodHandleAccessor.java:103)
	at java.base/java.lang.reflect.Method.invoke(Method.java:580)
	at org.jboss.weld.util.reflection.Reflections.invokeAndUnwrap(Reflections.java:410)
	at org.jboss.weld.module.ejb.EnterpriseBeanProxyMethodHandler.invoke(EnterpriseBeanProxyMethodHandler.java:133)
	at org.jboss.weld.bean.proxy.EnterpriseTargetBeanInstance.invoke(EnterpriseTargetBeanInstance.java:56)
	at org.jboss.weld.module.ejb.InjectionPointPropagatingEnterpriseTargetBeanInstance.invoke(InjectionPointPropagatingEnterpriseTargetBeanInstance.java:68)
	at org.jboss.weld.bean.proxy.ProxyMethodHandler.invoke(ProxyMethodHandler.java:106)
	at cc.edu.unl.business.TorneoService$Proxy$_$$_Weld$EnterpriseProxy$.guardarTorneo(Unknown Source)
	at cc.edu.unl.controller.TorneoBean.crearTorneo(TorneoBean.java:44)
	at java.base/jdk.internal.reflect.DirectMethodHandleAccessor.invoke(DirectMethodHandleAccessor.java:103)
	at java.base/java.lang.reflect.Method.invoke(Method.java:580)
	at org.apache.el.parser.AstValue.invoke(AstValue.java:253)
	at org.apache.el.MethodExpressionImpl.invoke(MethodExpressionImpl.java:267)
	at org.apache.myfaces.view.facelets.el.ContextAwareTagMethodExpression.invoke(ContextAwareTagMethodExpression.java:96)
	at org.apache.myfaces.application.ActionListenerImpl.processAction(ActionListenerImpl.java:67)
	at jakarta.faces.component.UICommand.broadcast(UICommand.java:65)
	at jakarta.faces.component.UIViewRoot._broadcastAll(UIViewRoot.java:1233)
	at jakarta.faces.component.UIViewRoot.broadcastEvents(UIViewRoot.java:414)
	at jakarta.faces.component.UIViewRoot._process(UIViewRoot.java:1705)
	at jakarta.faces.component.UIViewRoot.processApplication(UIViewRoot.java:915)
	at org.apache.myfaces.lifecycle.InvokeApplicationExecutor.execute(InvokeApplicationExecutor.java:43)
	at org.apache.myfaces.lifecycle.LifecycleImpl.executePhase(LifecycleImpl.java:172)
	at org.apache.myfaces.lifecycle.LifecycleImpl.execute(LifecycleImpl.java:125)
	at jakarta.faces.webapp.FacesServlet.service(FacesServlet.java:223)
	at com.ibm.ws.webcontainer.servlet.ServletWrapper.service(ServletWrapper.java:1260)
	at com.ibm.ws.webcontainer.servlet.ServletWrapper.handleRequest(ServletWrapper.java:748)
	at com.ibm.ws.webcontainer.servlet.ServletWrapper.handleRequest(ServletWrapper.java:445)
	at com.ibm.ws.webcontainer.filter.WebAppFilterChain.invokeTarget(WebAppFilterChain.java:197)
	at com.ibm.ws.webcontainer.filter.WebAppFilterChain.doFilter(WebAppFilterChain.java:100)
	at com.ibm.ws.security.jaspi.JaspiServletFilter.doFilter(JaspiServletFilter.java:58)
	at com.ibm.ws.webcontainer.filter.FilterInstanceWrapper.doFilter(FilterInstanceWrapper.java:203)
	at com.ibm.ws.webcontainer.filter.WebAppFilterChain.doFilter(WebAppFilterChain.java:93)
	at com.ibm.ws.webcontainer.filter.WebAppFilterManager.doFilter(WebAppFilterManager.java:1068)
	at com.ibm.ws.webcontainer.filter.WebAppFilterManager.invokeFilters(WebAppFilterManager.java:1259)
	at com.ibm.ws.webcontainer.filter.WebAppFilterManager.invokeFilters(WebAppFilterManager.java:1077)
	at com.ibm.ws.webcontainer.servlet.CacheServletWrapper.handleRequest(CacheServletWrapper.java:77)
	at com.ibm.ws.webcontainer40.servlet.CacheServletWrapper40.handleRequest(CacheServletWrapper40.java:87)
	at com.ibm.ws.webcontainer.WebContainer.handleRequest(WebContainer.java:969)
	at com.ibm.ws.webcontainer.osgi.DynamicVirtualHost$2.run(DynamicVirtualHost.java:283)
	at com.ibm.ws.http.dispatcher.internal.channel.HttpDispatcherLink$TaskWrapper.run(HttpDispatcherLink.java:1248)
	at com.ibm.ws.http.dispatcher.internal.channel.HttpDispatcherLink.wrapHandlerAndExecute(HttpDispatcherLink.java:470)
	at com.ibm.ws.http.dispatcher.internal.channel.HttpDispatcherLink.ready(HttpDispatcherLink.java:429)
	at com.ibm.ws.http.channel.internal.inbound.HttpInboundLink.handleDiscrimination(HttpInboundLink.java:569)
	at com.ibm.ws.http.channel.internal.inbound.HttpInboundLink.handleNewRequest(HttpInboundLink.java:503)
	at com.ibm.ws.http.channel.internal.inbound.HttpInboundLink.processRequest(HttpInboundLink.java:363)
	at com.ibm.ws.http.channel.internal.inbound.HttpICLReadCallback.complete(HttpICLReadCallback.java:72)
	at com.ibm.ws.tcpchannel.internal.WorkQueueManager.requestComplete(WorkQueueManager.java:516)
	at com.ibm.ws.tcpchannel.internal.WorkQueueManager.attemptIO(WorkQueueManager.java:586)
	at com.ibm.ws.tcpchannel.internal.WorkQueueManager.workerRun(WorkQueueManager.java:970)
	at com.ibm.ws.tcpchannel.internal.WorkQueueManager$Worker.run(WorkQueueManager.java:1059)
	at com.ibm.ws.threading.internal.ExecutorServiceImpl$RunnableWrapper.run(ExecutorServiceImpl.java:247)
	at java.base/java.util.concurrent.ThreadPoolExecutor.runWorker(ThreadPoolExecutor.java:1144)
	at java.base/java.util.concurrent.ThreadPoolExecutor$Worker.run(ThreadPoolExecutor.java:642)
	at java.base/java.lang.Thread.run(Thread.java:1583)
Caused by: jakarta.persistence.PersistenceException: Excepción [EclipseLink-4002] (Eclipse Persistence Services - 4.0.2.v202306161219): org.eclipse.persistence.exceptions.DatabaseException
Excepción interna: java.sql.SQLNonTransientException: Public Key Retrieval is not allowed DSRA0010E: Estado SQL = 08001, Código de error = 0
Código de error: 0
	at org.eclipse.persistence.internal.jpa.EntityManagerSetupImpl.deploy(EntityManagerSetupImpl.java:856)
	at org.eclipse.persistence.internal.jpa.EntityManagerFactoryDelegate.getAbstractSession(EntityManagerFactoryDelegate.java:221)
	at org.eclipse.persistence.internal.jpa.EntityManagerFactoryDelegate.getDatabaseSession(EntityManagerFactoryDelegate.java:199)
	at org.eclipse.persistence.internal.jpa.EntityManagerFactoryImpl.getDatabaseSession(EntityManagerFactoryImpl.java:534)
	at org.eclipse.persistence.jpa.PersistenceProvider.createContainerEntityManagerFactoryImpl(PersistenceProvider.java:385)
	at org.eclipse.persistence.jpa.PersistenceProvider.createContainerEntityManagerFactory(PersistenceProvider.java:313)
	at com.ibm.ws.jpa.management.JPAPUnitInfo.createEMFactory(JPAPUnitInfo.java:936)
	at com.ibm.ws.jpa.management.JPAPUnitInfo.initialize(JPAPUnitInfo.java:772)
	at com.ibm.ws.jpa.management.JPAPxmlInfo.extractPersistenceUnits(JPAPxmlInfo.java:184)
	at com.ibm.ws.jpa.management.JPAScopeInfo.processPersistenceUnit(JPAScopeInfo.java:90)
	at com.ibm.ws.jpa.management.JPAApplInfo.addPersistenceUnits(JPAApplInfo.java:121)
	at com.ibm.ws.jpa.container.osgi.internal.JPAComponentImpl.processWebModulePersistenceXml(JPAComponentImpl.java:595)
	at com.ibm.ws.jpa.container.osgi.internal.JPAComponentImpl.applicationStarting(JPAComponentImpl.java:378)
	at com.ibm.ws.container.service.state.internal.ApplicationStateManager.fireStarting(ApplicationStateManager.java:53)
	at com.ibm.ws.container.service.state.internal.StateChangeServiceImpl.fireApplicationStarting(StateChangeServiceImpl.java:52)
	at com.ibm.ws.app.manager.module.internal.SimpleDeployedAppInfoBase.preDeployApp(SimpleDeployedAppInfoBase.java:549)
	at com.ibm.ws.app.manager.module.internal.SimpleDeployedAppInfoBase.installApp(SimpleDeployedAppInfoBase.java:510)
	at com.ibm.ws.app.manager.module.internal.DeployedAppInfoBase.deployApp(DeployedAppInfoBase.java:351)
	at com.ibm.ws.app.manager.war.internal.WARApplicationHandlerImpl.install(WARApplicationHandlerImpl.java:67)
	at com.ibm.ws.app.manager.internal.statemachine.StartAction.execute(StartAction.java:184)
	at com.ibm.ws.app.manager.internal.statemachine.ApplicationStateMachineImpl.enterState(ApplicationStateMachineImpl.java:1369)
	at com.ibm.ws.app.manager.internal.statemachine.ApplicationStateMachineImpl.performAction(ApplicationStateMachineImpl.java:1233)
	at com.ibm.ws.app.manager.internal.statemachine.ApplicationStateMachineImpl.run(ApplicationStateMachineImpl.java:920)
	... 4 more
Caused by: Excepción [EclipseLink-4002] (Eclipse Persistence Services - 4.0.2.v202306161219): org.eclipse.persistence.exceptions.DatabaseException
Excepción interna: java.sql.SQLNonTransientException: Public Key Retrieval is not allowed DSRA0010E: Estado SQL = 08001, Código de error = 0
Código de error: 0
	at org.eclipse.persistence.exceptions.DatabaseException.sqlException(DatabaseException.java:319)
	at org.eclipse.persistence.sessions.JNDIConnector.connect(JNDIConnector.java:152)
	at org.eclipse.persistence.sessions.DatasourceLogin.connectToDatasource(DatasourceLogin.java:174)
	at org.eclipse.persistence.internal.databaseaccess.DatasourceAccessor.connectInternal(DatasourceAccessor.java:359)
	at org.eclipse.persistence.internal.databaseaccess.DatabaseAccessor.connectInternal(DatabaseAccessor.java:318)
	at org.eclipse.persistence.internal.databaseaccess.DatasourceAccessor.connect(DatasourceAccessor.java:451)
	at org.eclipse.persistence.sessions.server.ConnectionPool.buildConnection(ConnectionPool.java:219)
	at org.eclipse.persistence.sessions.server.ExternalConnectionPool.startUp(ExternalConnectionPool.java:154)
	at org.eclipse.persistence.sessions.server.ServerSession.connect(ServerSession.java:530)
	at org.eclipse.persistence.internal.sessions.DatabaseSessionImpl.login(DatabaseSessionImpl.java:824)
	at org.eclipse.persistence.internal.jpa.EntityManagerFactoryProvider.login(EntityManagerFactoryProvider.java:261)
	at org.eclipse.persistence.internal.jpa.EntityManagerSetupImpl.deploy(EntityManagerSetupImpl.java:771)
	... 26 more
Caused by: java.sql.SQLNonTransientException: Public Key Retrieval is not allowed DSRA0010E: Estado SQL = 08001, Código de error = 0
	at com.mysql.cj.jdbc.exceptions.SQLError.createSQLException(SQLError.java:102)
	at com.mysql.cj.jdbc.exceptions.SQLExceptionsMapping.translateException(SQLExceptionsMapping.java:114)
	at com.mysql.cj.jdbc.ConnectionImpl.createNewIO(ConnectionImpl.java:833)
	at com.mysql.cj.jdbc.ConnectionImpl.<init>(ConnectionImpl.java:416)
	at com.mysql.cj.jdbc.ConnectionImpl.getInstance(ConnectionImpl.java:238)
	at com.mysql.cj.jdbc.NonRegisteringDriver.connect(NonRegisteringDriver.java:180)
	at com.mysql.cj.jdbc.MysqlDataSource.getConnection(MysqlDataSource.java:408)
	at com.mysql.cj.jdbc.MysqlDataSource.getConnection(MysqlDataSource.java:120)
	at com.mysql.cj.jdbc.MysqlConnectionPoolDataSource.getPooledConnection(MysqlConnectionPoolDataSource.java:58)
	at com.ibm.ws.rsadapter.impl.DatabaseHelper$1.run(DatabaseHelper.java:1518)
	at com.ibm.ws.rsadapter.impl.DatabaseHelper$1.run(DatabaseHelper.java:1502)
	at java.base/java.security.AccessController.doPrivileged(AccessController.java:714)
	at java.base/java.security.AccessController.doPrivilegedWithCombiner(AccessController.java:618)
	at com.ibm.ws.rsadapter.impl.DatabaseHelper.getPooledConnection(DatabaseHelper.java:1502)
	at com.ibm.ws.rsadapter.impl.WSManagedConnectionFactoryImpl.getConnection(WSManagedConnectionFactoryImpl.java:857)
	at com.ibm.ws.rsadapter.impl.WSManagedConnectionFactoryImpl.createManagedConnection(WSManagedConnectionFactoryImpl.java:698)
	at com.ibm.ejs.j2c.FreePool.createManagedConnectionWithMCWrapper(FreePool.java:1376)
	at com.ibm.ejs.j2c.FreePool.createOrWaitForConnection(FreePool.java:1250)
	at com.ibm.ejs.j2c.PoolManager.reserve(PoolManager.java:1471)
	at com.ibm.ejs.j2c.ConnectionManager.allocateMCWrapper(ConnectionManager.java:576)
	at com.ibm.ejs.j2c.ConnectionManager.allocateConnection(ConnectionManager.java:308)
	at com.ibm.ws.rsadapter.jdbc.WSJdbcDataSource.getConnection(WSJdbcDataSource.java:142)
	at com.ibm.ws.rsadapter.jdbc.WSJdbcDataSource.getConnection(WSJdbcDataSource.java:244)
	at org.eclipse.persistence.sessions.JNDIConnector.connect(JNDIConnector.java:149)
	... 36 more
Caused by: com.mysql.cj.exceptions.UnableToConnectException: Public Key Retrieval is not allowed
	at java.base/jdk.internal.reflect.DirectConstructorHandleAccessor.newInstance(DirectConstructorHandleAccessor.java:62)
	at java.base/java.lang.reflect.Constructor.newInstanceWithCaller(Constructor.java:502)
	at java.base/java.lang.reflect.Constructor.newInstance(Constructor.java:486)
	at com.mysql.cj.exceptions.ExceptionFactory.createException(ExceptionFactory.java:52)
	at com.mysql.cj.exceptions.ExceptionFactory.createException(ExceptionFactory.java:76)
	at com.mysql.cj.protocol.a.authentication.CachingSha2PasswordPlugin.nextAuthenticationStep(CachingSha2PasswordPlugin.java:122)
	at com.mysql.cj.protocol.a.authentication.CachingSha2PasswordPlugin.nextAuthenticationStep(CachingSha2PasswordPlugin.java:40)
	at com.mysql.cj.protocol.a.NativeAuthenticationProvider.proceedHandshakeWithPluggableAuthentication(NativeAuthenticationProvider.java:436)
	at com.mysql.cj.protocol.a.NativeAuthenticationProvider.connect(NativeAuthenticationProvider.java:206)
	at com.mysql.cj.protocol.a.NativeProtocol.connect(NativeProtocol.java:1333)
	at com.mysql.cj.NativeSession.connect(NativeSession.java:155)
	at com.mysql.cj.jdbc.ConnectionImpl.connectOneTryOnly(ConnectionImpl.java:957)
	at com.mysql.cj.jdbc.ConnectionImpl.createNewIO(ConnectionImpl.java:821)
	... 57 more

Dump of callerThis
Object type = com.ibm.ws.jpa.management.JPAPCtxtInjectionBinding

==> Performing default dump from com.ibm.ws.injectionengine.ffdc.InjectionDiagnosticModule  = Wed Jul 30 08:23:23 COT 2025
 = *** Start InjectionDiagnosticModule Dump ***
 = 
 = *** Start InjectionEngine Dump    ---> com.ibm.ws.injectionengine.osgi.internal.OSGiInjectionEngineImpl@6191d4c6
 = 
 =    Default Factories : 
 =       Indirect    = com.ibm.ws.injectionengine.osgi.internal.IndirectJndiLookupReferenceFactoryImpl@29f10ed9
 =       ResIndirect = com.ibm.ws.injectionengine.osgi.internal.IndirectJndiLookupReferenceFactoryImpl@268419b7
 =       ResRef      = com.ibm.ws.injectionengine.osgi.internal.ResRefReferenceFactoryImpl@2567f7a8
 =       ResAuto     = com.ibm.ws.injectionengine.osgi.internal.ResAutoLinkReferenceFactoryImpl@4a3f2026
 =       EJBLink     = com.ibm.ws.injectionengine.osgi.internal.EJBLinkReferenceFactoryImpl@6b19687e
 =       MBLink      = com.ibm.ws.injectionengine.factory.MBLinkReferenceFactoryImpl@6d569d0b
 = 
 =    Actual Factories : 
 =       com.ibm.ws.ejbcontainer.injection.factory.MBLinkReferenceFactoryImpl@7796edbe
 = 
 =    Registered Processors : 
 =       jakarta.annotation.sql.DataSourceDefinition : com.ibm.ws.injectionengine.processor.DataSourceDefinitionProcessorProvider@441bdd7a
 =       jakarta.persistence.PersistenceContext : com.ibm.ws.jpa.container.osgi.internal.JPAPCtxtProcessorProvider@6461171f
 =       jakarta.enterprise.concurrent.ManagedScheduledExecutorDefinition : io.openliberty.concurrent.internal.processor.ManagedScheduledExecutorDefinitionProvider@3d86605d
 =       jakarta.enterprise.concurrent.ContextServiceDefinition : io.openliberty.concurrent.internal.processor.ContextServiceDefinitionProvider@7d3d814e
 =       jakarta.inject.Inject : com.ibm.ws.cdi.impl.inject.InjectProcessorProvider@6757739e
 =       jakarta.ejb.EJB : com.ibm.ws.ejb.injection.processor.EJBProcessorProvider@be25984
 =       jakarta.enterprise.concurrent.ManagedExecutorDefinition : io.openliberty.concurrent.internal.processor.ManagedExecutorDefinitionProvider@568442d
 =       jakarta.enterprise.concurrent.ManagedThreadFactoryDefinition : io.openliberty.concurrent.internal.processor.ManagedThreadFactoryDefinitionProvider@14ce923f
 =       jakarta.annotation.Resource : com.ibm.ws.injectionengine.processor.ResourceProcessorProvider@4859d8bb
 =       jakarta.persistence.PersistenceUnit : com.ibm.ws.jpa.container.osgi.internal.JPAPUnitProcessorProvider@51ee864d
 = 
 =    Registered Object Factories : 
 = 
 =    Registered No-Override Object Factories : 
 =       jakarta.annotation.Resource
 =          jakarta.ejb.EntityContext : com.ibm.ws.injectionengine.ObjectFactoryInfoImpl@1660f971[class com.ibm.ws.ejbcontainer.injection.factory.EJBContextObjectFactory, null]
 =          jakarta.validation.ValidatorFactory : com.ibm.ws.beanvalidation.ValidatorFactoryObjectFactoryInfo@765fcee8
 =          com.ibm.websphere.ejbcontainer.SessionContextExtension : com.ibm.ws.injectionengine.ObjectFactoryInfoImpl@70455c98[class com.ibm.ws.ejbcontainer.injection.factory.EJBContextObjectFactory, null]
 =          jakarta.ejb.MessageDrivenContext : com.ibm.ws.injectionengine.ObjectFactoryInfoImpl@553c7033[class com.ibm.ws.ejbcontainer.injection.factory.EJBContextObjectFactory, null]
 =          com.ibm.wsspi.uow.UOWManager : com.ibm.ws.transaction.services.UOWManagerObjectFactoryInfo@4486a094
 =          jakarta.ejb.EJBContext : com.ibm.ws.injectionengine.ObjectFactoryInfoImpl@4c260e62[class com.ibm.ws.ejbcontainer.injection.factory.EJBContextObjectFactory, null]
 =          com.ibm.websphere.ejbcontainer.MessageDrivenContextExtension : com.ibm.ws.injectionengine.ObjectFactoryInfoImpl@165d2ae2[class com.ibm.ws.ejbcontainer.injection.factory.EJBContextObjectFactory, null]
 =          jakarta.validation.Validator : com.ibm.ws.beanvalidation.ValidatorObjectFactoryInfo@20567df2
 =          jakarta.ejb.SessionContext : com.ibm.ws.injectionengine.ObjectFactoryInfoImpl@51a5eb6c[class com.ibm.ws.ejbcontainer.injection.factory.EJBContextObjectFactory, null]
 =          jakarta.enterprise.inject.spi.BeanManager : com.ibm.ws.cdi.jndi.liberty.BeanManagerObjectFactoryInfo@2d0cba24
 =          jakarta.transaction.UserTransaction : com.ibm.ws.transaction.services.TransactionObjectFactoryInfo@52f98f5d
 =          jakarta.ejb.TimerService : com.ibm.ws.injectionengine.ObjectFactoryInfoImpl@4153c11d[class com.ibm.ws.ejbcontainer.injection.factory.TimerServiceObjectFactory, null]
 =          com.ibm.websphere.ejbcontainer.EJBContextExtension : com.ibm.ws.injectionengine.ObjectFactoryInfoImpl@3f53acd0[class com.ibm.ws.ejbcontainer.injection.factory.EJBContextObjectFactory, null]
 =          jakarta.transaction.TransactionSynchronizationRegistry : com.ibm.ws.transaction.services.TransactionSynchronizationRegistryObjectFactoryInfo@77c6ec84
 = 
 =    Registered Override Reference Factories : 
 = 
 =    Registered MetaDataListeners : 
 =       com.ibm.ws.cdi.impl.CDIContainerImpl@695b0646
 =       com.ibm.ws.ejbcontainer.osgi.internal.EJBRuntimeImpl@365f7959
 = 
 =    isEmbeddable    : false
 = 
 = *** InjectionEngine Dump Complete ***
 = 
 = *** InjectionDiagnosticModule Dump Complete ***
+ Data for directive [Default] obtained. = 
==> Dump complete for com.ibm.ws.injectionengine.ffdc.InjectionDiagnosticModule  = Wed Jul 30 08:23:23 COT 2025
