------Start of DE processing------ = [30/07/25, 08:21:54:342 COT]
Exception = com.ibm.ws.rsadapter.exceptions.DataStoreAdapterException
Source = com.ibm.ejs.j2c.poolmanager.FreePool.createManagedConnectionWithMCWrapper
probeid = 199
Stack Dump = com.ibm.ws.rsadapter.exceptions.DataStoreAdapterException: DSRA8100E: No se ha podido obtener PooledConnection de DataSource. with SQL State : 08001 SQL Code : 0
	at com.ibm.ws.rsadapter.impl.DatabaseHelper.getPooledConnection(DatabaseHelper.java:1528)
	at com.ibm.ws.rsadapter.impl.WSManagedConnectionFactoryImpl.getConnection(WSManagedConnectionFactoryImpl.java:857)
	at com.ibm.ws.rsadapter.impl.WSManagedConnectionFactoryImpl.createManagedConnection(WSManagedConnectionFactoryImpl.java:698)
	at com.ibm.ejs.j2c.FreePool.createManagedConnectionWithMCWrapper(FreePool.java:1376)
	at com.ibm.ejs.j2c.FreePool.createOrWaitForConnection(FreePool.java:1250)
	at com.ibm.ejs.j2c.PoolManager.reserve(PoolManager.java:1471)
	at com.ibm.ejs.j2c.ConnectionManager.allocateMCWrapper(ConnectionManager.java:576)
	at com.ibm.ejs.j2c.ConnectionManager.allocateConnection(ConnectionManager.java:308)
	at com.ibm.ws.rsadapter.jdbc.WSJdbcDataSource.getConnection(WSJdbcDataSource.java:142)
	at com.ibm.ws.rsadapter.jdbc.WSJdbcDataSource.getConnection(WSJdbcDataSource.java:244)
	at org.eclipse.persistence.sessions.JNDIConnector.connect(JNDIConnector.java:149)
	at org.eclipse.persistence.sessions.DatasourceLogin.connectToDatasource(DatasourceLogin.java:174)
	at org.eclipse.persistence.internal.databaseaccess.DatasourceAccessor.connectInternal(DatasourceAccessor.java:359)
	at org.eclipse.persistence.internal.databaseaccess.DatabaseAccessor.connectInternal(DatabaseAccessor.java:318)
	at org.eclipse.persistence.internal.databaseaccess.DatasourceAccessor.connect(DatasourceAccessor.java:451)
	at org.eclipse.persistence.sessions.server.ConnectionPool.buildConnection(ConnectionPool.java:219)
	at org.eclipse.persistence.sessions.server.ExternalConnectionPool.startUp(ExternalConnectionPool.java:154)
	at org.eclipse.persistence.sessions.server.ServerSession.connect(ServerSession.java:530)
	at org.eclipse.persistence.internal.sessions.DatabaseSessionImpl.login(DatabaseSessionImpl.java:824)
	at org.eclipse.persistence.internal.jpa.EntityManagerFactoryProvider.login(EntityManagerFactoryProvider.java:261)
	at org.eclipse.persistence.internal.jpa.EntityManagerSetupImpl.deploy(EntityManagerSetupImpl.java:771)
	at org.eclipse.persistence.internal.jpa.EntityManagerFactoryDelegate.getAbstractSession(EntityManagerFactoryDelegate.java:221)
	at org.eclipse.persistence.internal.jpa.EntityManagerFactoryDelegate.getDatabaseSession(EntityManagerFactoryDelegate.java:199)
	at org.eclipse.persistence.internal.jpa.EntityManagerFactoryImpl.getDatabaseSession(EntityManagerFactoryImpl.java:534)
	at org.eclipse.persistence.jpa.PersistenceProvider.createContainerEntityManagerFactoryImpl(PersistenceProvider.java:385)
	at org.eclipse.persistence.jpa.PersistenceProvider.createContainerEntityManagerFactory(PersistenceProvider.java:313)
	at com.ibm.ws.jpa.management.JPAPUnitInfo.createEMFactory(JPAPUnitInfo.java:936)
	at com.ibm.ws.jpa.management.JPAPUnitInfo.initialize(JPAPUnitInfo.java:772)
	at com.ibm.ws.jpa.management.JPAPxmlInfo.extractPersistenceUnits(JPAPxmlInfo.java:184)
	at com.ibm.ws.jpa.management.JPAScopeInfo.processPersistenceUnit(JPAScopeInfo.java:90)
	at com.ibm.ws.jpa.management.JPAApplInfo.addPersistenceUnits(JPAApplInfo.java:121)
	at com.ibm.ws.jpa.container.osgi.internal.JPAComponentImpl.processWebModulePersistenceXml(JPAComponentImpl.java:595)
	at com.ibm.ws.jpa.container.osgi.internal.JPAComponentImpl.applicationStarting(JPAComponentImpl.java:378)
	at com.ibm.ws.container.service.state.internal.ApplicationStateManager.fireStarting(ApplicationStateManager.java:53)
	at com.ibm.ws.container.service.state.internal.StateChangeServiceImpl.fireApplicationStarting(StateChangeServiceImpl.java:52)
	at com.ibm.ws.app.manager.module.internal.SimpleDeployedAppInfoBase.preDeployApp(SimpleDeployedAppInfoBase.java:549)
	at com.ibm.ws.app.manager.module.internal.SimpleDeployedAppInfoBase.installApp(SimpleDeployedAppInfoBase.java:510)
	at com.ibm.ws.app.manager.module.internal.DeployedAppInfoBase.deployApp(DeployedAppInfoBase.java:351)
	at com.ibm.ws.app.manager.war.internal.WARApplicationHandlerImpl.install(WARApplicationHandlerImpl.java:67)
	at com.ibm.ws.app.manager.internal.statemachine.StartAction.execute(StartAction.java:184)
	at com.ibm.ws.app.manager.internal.statemachine.ApplicationStateMachineImpl.enterState(ApplicationStateMachineImpl.java:1369)
	at com.ibm.ws.app.manager.internal.statemachine.ApplicationStateMachineImpl.run(ApplicationStateMachineImpl.java:912)
	at com.ibm.ws.threading.internal.ExecutorServiceImpl$RunnableWrapper.run(ExecutorServiceImpl.java:247)
	at java.base/java.util.concurrent.ThreadPoolExecutor.runWorker(ThreadPoolExecutor.java:1144)
	at java.base/java.util.concurrent.ThreadPoolExecutor$Worker.run(ThreadPoolExecutor.java:642)
	at java.base/java.lang.Thread.run(Thread.java:1583)
Caused by: java.sql.SQLNonTransientException: Public Key Retrieval is not allowed DSRA0010E: Estado SQL = 08001, Código de error = 0
	at com.mysql.cj.jdbc.exceptions.SQLError.createSQLException(SQLError.java:102)
	at com.mysql.cj.jdbc.exceptions.SQLExceptionsMapping.translateException(SQLExceptionsMapping.java:114)
	at com.mysql.cj.jdbc.ConnectionImpl.createNewIO(ConnectionImpl.java:833)
	at com.mysql.cj.jdbc.ConnectionImpl.<init>(ConnectionImpl.java:416)
	at com.mysql.cj.jdbc.ConnectionImpl.getInstance(ConnectionImpl.java:238)
	at com.mysql.cj.jdbc.NonRegisteringDriver.connect(NonRegisteringDriver.java:180)
	at com.mysql.cj.jdbc.MysqlDataSource.getConnection(MysqlDataSource.java:408)
	at com.mysql.cj.jdbc.MysqlDataSource.getConnection(MysqlDataSource.java:120)
	at com.mysql.cj.jdbc.MysqlConnectionPoolDataSource.getPooledConnection(MysqlConnectionPoolDataSource.java:58)
	at com.ibm.ws.rsadapter.impl.DatabaseHelper$1.run(DatabaseHelper.java:1518)
	at com.ibm.ws.rsadapter.impl.DatabaseHelper$1.run(DatabaseHelper.java:1502)
	at java.base/java.security.AccessController.doPrivileged(AccessController.java:714)
	at java.base/java.security.AccessController.doPrivilegedWithCombiner(AccessController.java:618)
	at com.ibm.ws.rsadapter.impl.DatabaseHelper.getPooledConnection(DatabaseHelper.java:1502)
	... 45 more
Caused by: com.mysql.cj.exceptions.UnableToConnectException: Public Key Retrieval is not allowed
	at java.base/jdk.internal.reflect.DirectConstructorHandleAccessor.newInstance(DirectConstructorHandleAccessor.java:62)
	at java.base/java.lang.reflect.Constructor.newInstanceWithCaller(Constructor.java:502)
	at java.base/java.lang.reflect.Constructor.newInstance(Constructor.java:486)
	at com.mysql.cj.exceptions.ExceptionFactory.createException(ExceptionFactory.java:52)
	at com.mysql.cj.exceptions.ExceptionFactory.createException(ExceptionFactory.java:76)
	at com.mysql.cj.protocol.a.authentication.CachingSha2PasswordPlugin.nextAuthenticationStep(CachingSha2PasswordPlugin.java:122)
	at com.mysql.cj.protocol.a.authentication.CachingSha2PasswordPlugin.nextAuthenticationStep(CachingSha2PasswordPlugin.java:40)
	at com.mysql.cj.protocol.a.NativeAuthenticationProvider.proceedHandshakeWithPluggableAuthentication(NativeAuthenticationProvider.java:436)
	at com.mysql.cj.protocol.a.NativeAuthenticationProvider.connect(NativeAuthenticationProvider.java:206)
	at com.mysql.cj.protocol.a.NativeProtocol.connect(NativeProtocol.java:1333)
	at com.mysql.cj.NativeSession.connect(NativeSession.java:155)
	at com.mysql.cj.jdbc.ConnectionImpl.connectOneTryOnly(ConnectionImpl.java:957)
	at com.mysql.cj.jdbc.ConnectionImpl.createNewIO(ConnectionImpl.java:821)
	... 56 more

Dump of callerThis
Object type = com.ibm.ejs.j2c.FreePool
  tc = class com.ibm.websphere.ras.TraceComponent@538fa73
    strings[0] = "TraceComponent[com.ibm.ejs.j2c.FreePool,class com.ibm.ejs.j2c.FreePool,[WAS.j2c],com.ibm.ws.j2c.resources.J2CAMessages,null]"
  mcWrapperList = class com.ibm.ejs.j2c.MCWrapperList@1a4ebea5
    serialVersionUID = -4093886924342827512
    serialVersionUID = "/* Could not access serialVersionUID */"
    DEFAULT_CAPACITY = "/* Could not access DEFAULT_CAPACITY */"
    EMPTY_ELEMENTDATA = "/* Could not access EMPTY_ELEMENTDATA */"
    DEFAULTCAPACITY_EMPTY_ELEMENTDATA = "/* Could not access DEFAULTCAPACITY_EMPTY_ELEMENTDATA */"
    elementData = "/* Could not access elementData */"
    size = "/* Could not access size */"
    modCount = "/* Could not access modCount */"
  nl = "
"
  freeConnectionLockObject = class com.ibm.ejs.j2c.FreePool$1@663a731c
    this$0 = class com.ibm.ejs.j2c.FreePool@7c387318
  pm = class com.ibm.ejs.j2c.PoolManager@2a04d654
    tc = class com.ibm.websphere.ras.TraceComponent@565e08f3
      strings[0] = "TraceComponent[com.ibm.ejs.j2c.PoolManager,class com.ibm.ejs.j2c.PoolManager,[WAS.j2c],com.ibm.ws.j2c.resources.J2CAMessages,null]"
    alertResourceBundleName = "com.ibm.ws.j2c.resources.J2CAMessages"
    nl = "
"
    connectorSvc = class com.ibm.ejs.j2c.ConnectorServiceImpl@2bc0cee7
      tc = class com.ibm.websphere.ras.TraceComponent@74a691d3
      authDataServiceRef = class com.ibm.wsspi.kernel.service.utils.AtomicServiceReference@25145926
      classLoaderIdentifierService = class com.ibm.ws.classloading.internal.ClassLoadingServiceImpl@494dcf4a
      deferrableSchedXSvcRef = class com.ibm.wsspi.kernel.service.utils.AtomicServiceReference@d2249b6
      execSvcRef = class com.ibm.wsspi.kernel.service.utils.AtomicServiceReference@18670c4f
      isHeritageEnabled = false
      nonDeferrableSchedXSvcRef = class com.ibm.wsspi.kernel.service.utils.AtomicServiceReference@1f3dab0c
      rrsXAResFactorySvcRef = class com.ibm.wsspi.kernel.service.utils.AtomicServiceReference@38ad003e
      transactionManager = class com.ibm.ws.transaction.services.TransactionManagerService@27dd8164
      variableRegistrySvcRef = class com.ibm.wsspi.kernel.service.utils.AtomicServiceReference@778e4a4
      tc = class com.ibm.websphere.ras.TraceComponent@7b16e515
      NLS = class com.ibm.ejs.ras.TraceNLS@75ef4a8c
    gConfigProps = class com.ibm.ejs.j2c.J2CGlobalConfigProperties@1e57fca2
    reaperThreadStarted = false
    taskTimerLockObject = class com.ibm.ejs.j2c.PoolManager$PoolManagerLock@27fa0bbd
    waitSkip = 0
    displayInfiniteWaitMessage = false
    tlsArrayLists = class java.util.concurrent.ConcurrentHashMap@48ebb634
      serialVersionUID = "/* Could not access serialVersionUID */"
      MAXIMUM_CAPACITY = "/* Could not access MAXIMUM_CAPACITY */"
      DEFAULT_CAPACITY = "/* Could not access DEFAULT_CAPACITY */"
      MAX_ARRAY_SIZE = "/* Could not access MAX_ARRAY_SIZE */"
      DEFAULT_CONCURRENCY_LEVEL = "/* Could not access DEFAULT_CONCURRENCY_LEVEL */"
      LOAD_FACTOR = "/* Could not access LOAD_FACTOR */"
      TREEIFY_THRESHOLD = "/* Could not access TREEIFY_THRESHOLD */"
      UNTREEIFY_THRESHOLD = "/* Could not access UNTREEIFY_THRESHOLD */"
      MIN_TREEIFY_CAPACITY = "/* Could not access MIN_TREEIFY_CAPACITY */"
      MIN_TRANSFER_STRIDE = "/* Could not access MIN_TRANSFER_STRIDE */"
      RESIZE_STAMP_BITS = "/* Could not access RESIZE_STAMP_BITS */"
      MAX_RESIZERS = "/* Could not access MAX_RESIZERS */"
      RESIZE_STAMP_SHIFT = "/* Could not access RESIZE_STAMP_SHIFT */"
      MOVED = "/* Could not access MOVED */"
      TREEBIN = "/* Could not access TREEBIN */"
      RESERVED = "/* Could not access RESERVED */"
      HASH_BITS = "/* Could not access HASH_BITS */"
      NCPU = "/* Could not access NCPU */"
      serialPersistentFields = "/* Could not access serialPersistentFields */"
      table = "/* Could not access table */"
      nextTable = "/* Could not access nextTable */"
      baseCount = "/* Could not access baseCount */"
      sizeCtl = "/* Could not access sizeCtl */"
      transferIndex = "/* Could not access transferIndex */"
      cellsBusy = "/* Could not access cellsBusy */"
      counterCells = "/* Could not access counterCells */"
      keySet = "/* Could not access keySet */"
      values = "/* Could not access values */"
      entrySet = "/* Could not access entrySet */"
      U = "/* Could not access U */"
      SIZECTL = "/* Could not access SIZECTL */"
      TRANSFERINDEX = "/* Could not access TRANSFERINDEX */"
      BASECOUNT = "/* Could not access BASECOUNT */"
      CELLSBUSY = "/* Could not access CELLSBUSY */"
      CELLVALUE = "/* Could not access CELLVALUE */"
      ABASE = "/* Could not access ABASE */"
      ASHIFT = "/* Could not access ASHIFT */"
      keySet = "/* Could not access keySet */"
      values = "/* Could not access values */"
    sharedPool = class com.ibm.ejs.j2c.SharedPool[200]
      SharedPool[0] = class com.ibm.ejs.j2c.SharedPool@259308ff
      SharedPool[1] = class com.ibm.ejs.j2c.SharedPool@6e0e7b88
      SharedPool[2] = class com.ibm.ejs.j2c.SharedPool@2e93ef29
      SharedPool[3] = class com.ibm.ejs.j2c.SharedPool@21a76b5d
      SharedPool[4] = class com.ibm.ejs.j2c.SharedPool@1cce4b66
      SharedPool[5] = class com.ibm.ejs.j2c.SharedPool@101b14c
      SharedPool[6] = class com.ibm.ejs.j2c.SharedPool@30daece2
      SharedPool[7] = class com.ibm.ejs.j2c.SharedPool@2a3d8427
      SharedPool[8] = class com.ibm.ejs.j2c.SharedPool@44467f7d
      SharedPool[9] = class com.ibm.ejs.j2c.SharedPool@48412d68
      SharedPool[10] = class com.ibm.ejs.j2c.SharedPool@2f9b757e
      SharedPool[11] = class com.ibm.ejs.j2c.SharedPool@69c1c016
      SharedPool[12] = class com.ibm.ejs.j2c.SharedPool@1e0bf7c4
      SharedPool[13] = class com.ibm.ejs.j2c.SharedPool@5fe0a300
      SharedPool[14] = class com.ibm.ejs.j2c.SharedPool@2ba41d07
      SharedPool[15] = class com.ibm.ejs.j2c.SharedPool@4c82a915
      SharedPool[16] = class com.ibm.ejs.j2c.SharedPool@df6d296
      SharedPool[17] = class com.ibm.ejs.j2c.SharedPool@5754888b
      SharedPool[18] = class com.ibm.ejs.j2c.SharedPool@5c13eb43
      SharedPool[19] = class com.ibm.ejs.j2c.SharedPool@5002bd5
      SharedPool[20] = class com.ibm.ejs.j2c.SharedPool@3ed93b81
      SharedPool[21] = class com.ibm.ejs.j2c.SharedPool@4d3afc01
      SharedPool[22] = class com.ibm.ejs.j2c.SharedPool@eb05f16
      SharedPool[23] = class com.ibm.ejs.j2c.SharedPool@a6a8396
      SharedPool[24] = class com.ibm.ejs.j2c.SharedPool@7d98a469
      SharedPool[25] = class com.ibm.ejs.j2c.SharedPool@6758852f
      SharedPool[26] = class com.ibm.ejs.j2c.SharedPool@6b9c2e3d
      SharedPool[27] = class com.ibm.ejs.j2c.SharedPool@353476eb
      SharedPool[28] = class com.ibm.ejs.j2c.SharedPool@d3727c8
      SharedPool[29] = class com.ibm.ejs.j2c.SharedPool@2ee5babc
      SharedPool[30] = class com.ibm.ejs.j2c.SharedPool@2402949b
      SharedPool[31] = class com.ibm.ejs.j2c.SharedPool@32173dde
      SharedPool[32] = class com.ibm.ejs.j2c.SharedPool@62a4533
      SharedPool[33] = class com.ibm.ejs.j2c.SharedPool@5193f10
      SharedPool[34] = class com.ibm.ejs.j2c.SharedPool@358fc564
      SharedPool[35] = class com.ibm.ejs.j2c.SharedPool@3e7de7c6
      SharedPool[36] = class com.ibm.ejs.j2c.SharedPool@6aaa2ee7
      SharedPool[37] = class com.ibm.ejs.j2c.SharedPool@26077d1d
      SharedPool[38] = class com.ibm.ejs.j2c.SharedPool@6d68385c
      SharedPool[39] = class com.ibm.ejs.j2c.SharedPool@3c7ab1e0
      SharedPool[40] = class com.ibm.ejs.j2c.SharedPool@79c6d9e
      SharedPool[41] = class com.ibm.ejs.j2c.SharedPool@1a6e07e5
      SharedPool[42] = class com.ibm.ejs.j2c.SharedPool@3668662c
      SharedPool[43] = class com.ibm.ejs.j2c.SharedPool@5ff424b0
      SharedPool[44] = class com.ibm.ejs.j2c.SharedPool@3b60424d
      SharedPool[45] = class com.ibm.ejs.j2c.SharedPool@51db3beb
      SharedPool[46] = class com.ibm.ejs.j2c.SharedPool@24f77efa
      SharedPool[47] = class com.ibm.ejs.j2c.SharedPool@5ad81f70
      SharedPool[48] = class com.ibm.ejs.j2c.SharedPool@63934c4c
      SharedPool[49] = class com.ibm.ejs.j2c.SharedPool@6b9f27b6
      SharedPool[50] = class com.ibm.ejs.j2c.SharedPool@74808491
      SharedPool[51] = class com.ibm.ejs.j2c.SharedPool@6e3936ee
      SharedPool[52] = class com.ibm.ejs.j2c.SharedPool@1731f649
      SharedPool[53] = class com.ibm.ejs.j2c.SharedPool@501c18e
      SharedPool[54] = class com.ibm.ejs.j2c.SharedPool@75d579b3
      SharedPool[55] = class com.ibm.ejs.j2c.SharedPool@527cafa1
      SharedPool[56] = class com.ibm.ejs.j2c.SharedPool@4a678819
      SharedPool[57] = class com.ibm.ejs.j2c.SharedPool@41e13d6a
      SharedPool[58] = class com.ibm.ejs.j2c.SharedPool@1fa7dc04
      SharedPool[59] = class com.ibm.ejs.j2c.SharedPool@289169f6
      SharedPool[60] = class com.ibm.ejs.j2c.SharedPool@5ec01bbd
      SharedPool[61] = class com.ibm.ejs.j2c.SharedPool@16026762
      SharedPool[62] = class com.ibm.ejs.j2c.SharedPool@37e4de5a
      SharedPool[63] = class com.ibm.ejs.j2c.SharedPool@1419cf89
      SharedPool[64] = class com.ibm.ejs.j2c.SharedPool@4ada3344
      SharedPool[65] = class com.ibm.ejs.j2c.SharedPool@4fe6740a
      SharedPool[66] = class com.ibm.ejs.j2c.SharedPool@5e6165a2
      SharedPool[67] = class com.ibm.ejs.j2c.SharedPool@45e9c60
      SharedPool[68] = class com.ibm.ejs.j2c.SharedPool@1f85dfbc
      SharedPool[69] = class com.ibm.ejs.j2c.SharedPool@63bfbe62
      SharedPool[70] = class com.ibm.ejs.j2c.SharedPool@36268bc2
      SharedPool[71] = class com.ibm.ejs.j2c.SharedPool@46ebbcfa
      SharedPool[72] = class com.ibm.ejs.j2c.SharedPool@77a2e3a4
      SharedPool[73] = class com.ibm.ejs.j2c.SharedPool@69701f9c
      SharedPool[74] = class com.ibm.ejs.j2c.SharedPool@6b8af1eb
      SharedPool[75] = class com.ibm.ejs.j2c.SharedPool@701d8c0c
      SharedPool[76] = class com.ibm.ejs.j2c.SharedPool@1042fe68
      SharedPool[77] = class com.ibm.ejs.j2c.SharedPool@79279f03
      SharedPool[78] = class com.ibm.ejs.j2c.SharedPool@459e3c65
      SharedPool[79] = class com.ibm.ejs.j2c.SharedPool@597fb536
      SharedPool[80] = class com.ibm.ejs.j2c.SharedPool@5e49b1cf
      SharedPool[81] = class com.ibm.ejs.j2c.SharedPool@1bd3f282
      SharedPool[82] = class com.ibm.ejs.j2c.SharedPool@2f9a8889
      SharedPool[83] = class com.ibm.ejs.j2c.SharedPool@be84e49
      SharedPool[84] = class com.ibm.ejs.j2c.SharedPool@18bc4132
      SharedPool[85] = class com.ibm.ejs.j2c.SharedPool@1cfff745
      SharedPool[86] = class com.ibm.ejs.j2c.SharedPool@675afa93
      SharedPool[87] = class com.ibm.ejs.j2c.SharedPool@2e897a37
      SharedPool[88] = class com.ibm.ejs.j2c.SharedPool@54460b05
      SharedPool[89] = class com.ibm.ejs.j2c.SharedPool@37608b17
      SharedPool[90] = class com.ibm.ejs.j2c.SharedPool@7de710a
      SharedPool[91] = class com.ibm.ejs.j2c.SharedPool@6263fb04
      SharedPool[92] = class com.ibm.ejs.j2c.SharedPool@699ca6e
      SharedPool[93] = class com.ibm.ejs.j2c.SharedPool@3512d199
      SharedPool[94] = class com.ibm.ejs.j2c.SharedPool@4130a010
      SharedPool[95] = class com.ibm.ejs.j2c.SharedPool@3cf6c8e9
      SharedPool[96] = class com.ibm.ejs.j2c.SharedPool@7474bfa3
      SharedPool[97] = class com.ibm.ejs.j2c.SharedPool@574936ad
      SharedPool[98] = class com.ibm.ejs.j2c.SharedPool@13bd3c74
      SharedPool[99] = class com.ibm.ejs.j2c.SharedPool@19860f6a
      SharedPool[100] = class com.ibm.ejs.j2c.SharedPool@48de325e
      SharedPool[101] = class com.ibm.ejs.j2c.SharedPool@56bc99b6
      SharedPool[102] = class com.ibm.ejs.j2c.SharedPool@2c184189
      SharedPool[103] = class com.ibm.ejs.j2c.SharedPool@54ce63f
      SharedPool[104] = class com.ibm.ejs.j2c.SharedPool@3cb9780a
      SharedPool[105] = class com.ibm.ejs.j2c.SharedPool@efa2702
      SharedPool[106] = class com.ibm.ejs.j2c.SharedPool@60003b5d
      SharedPool[107] = class com.ibm.ejs.j2c.SharedPool@29f447c
      SharedPool[108] = class com.ibm.ejs.j2c.SharedPool@7511150d
      SharedPool[109] = class com.ibm.ejs.j2c.SharedPool@2a0cfe9a
      SharedPool[110] = class com.ibm.ejs.j2c.SharedPool@4b37f255
      SharedPool[111] = class com.ibm.ejs.j2c.SharedPool@3373f3eb
      SharedPool[112] = class com.ibm.ejs.j2c.SharedPool@4eb731f5
      SharedPool[113] = class com.ibm.ejs.j2c.SharedPool@302ee97
      SharedPool[114] = class com.ibm.ejs.j2c.SharedPool@77d311f8
      SharedPool[115] = class com.ibm.ejs.j2c.SharedPool@5b935842
      SharedPool[116] = class com.ibm.ejs.j2c.SharedPool@2c5ce25c
      SharedPool[117] = class com.ibm.ejs.j2c.SharedPool@383ec716
      SharedPool[118] = class com.ibm.ejs.j2c.SharedPool@578d4d38
      SharedPool[119] = class com.ibm.ejs.j2c.SharedPool@169d4ec3
      SharedPool[120] = class com.ibm.ejs.j2c.SharedPool@5d18104e
      SharedPool[121] = class com.ibm.ejs.j2c.SharedPool@13d06a8c
      SharedPool[122] = class com.ibm.ejs.j2c.SharedPool@2e891143
      SharedPool[123] = class com.ibm.ejs.j2c.SharedPool@521ea907
      SharedPool[124] = class com.ibm.ejs.j2c.SharedPool@4f19596a
      SharedPool[125] = class com.ibm.ejs.j2c.SharedPool@5f8dce0f
      SharedPool[126] = class com.ibm.ejs.j2c.SharedPool@39e8dfb4
      SharedPool[127] = class com.ibm.ejs.j2c.SharedPool@1e190f1f
      SharedPool[128] = class com.ibm.ejs.j2c.SharedPool@1bced7bf
      SharedPool[129] = class com.ibm.ejs.j2c.SharedPool@2a829f7f
      SharedPool[130] = class com.ibm.ejs.j2c.SharedPool@5568e0e4
      SharedPool[131] = class com.ibm.ejs.j2c.SharedPool@3df7ca1
      SharedPool[132] = class com.ibm.ejs.j2c.SharedPool@6ec1304a
      SharedPool[133] = class com.ibm.ejs.j2c.SharedPool@5006338a
      SharedPool[134] = class com.ibm.ejs.j2c.SharedPool@427b96ae
      SharedPool[135] = class com.ibm.ejs.j2c.SharedPool@3a39d034
      SharedPool[136] = class com.ibm.ejs.j2c.SharedPool@5d9df459
      SharedPool[137] = class com.ibm.ejs.j2c.SharedPool@3c661603
      SharedPool[138] = class com.ibm.ejs.j2c.SharedPool@223629c7
      SharedPool[139] = class com.ibm.ejs.j2c.SharedPool@567ae5c5
      SharedPool[140] = class com.ibm.ejs.j2c.SharedPool@6477fc6f
      SharedPool[141] = class com.ibm.ejs.j2c.SharedPool@682d38ec
      SharedPool[142] = class com.ibm.ejs.j2c.SharedPool@7bc65c3f
      SharedPool[143] = class com.ibm.ejs.j2c.SharedPool@7a93da4f
      SharedPool[144] = class com.ibm.ejs.j2c.SharedPool@215cd5f6
      SharedPool[145] = class com.ibm.ejs.j2c.SharedPool@20b77369
      SharedPool[146] = class com.ibm.ejs.j2c.SharedPool@6959e4e4
      SharedPool[147] = class com.ibm.ejs.j2c.SharedPool@d7c0a22
      SharedPool[148] = class com.ibm.ejs.j2c.SharedPool@4ac89d1e
      SharedPool[149] = class com.ibm.ejs.j2c.SharedPool@51ff8315
      SharedPool[150] = class com.ibm.ejs.j2c.SharedPool@7727330a
      SharedPool[151] = class com.ibm.ejs.j2c.SharedPool@1ae71ad6
      SharedPool[152] = class com.ibm.ejs.j2c.SharedPool@14c954f9
      SharedPool[153] = class com.ibm.ejs.j2c.SharedPool@39839a5e
      SharedPool[154] = class com.ibm.ejs.j2c.SharedPool@77f25107
      SharedPool[155] = class com.ibm.ejs.j2c.SharedPool@55e1c485
      SharedPool[156] = class com.ibm.ejs.j2c.SharedPool@bd13c5c
      SharedPool[157] = class com.ibm.ejs.j2c.SharedPool@2e250612
      SharedPool[158] = class com.ibm.ejs.j2c.SharedPool@4bba00b8
      SharedPool[159] = class com.ibm.ejs.j2c.SharedPool@102420a6
      SharedPool[160] = class com.ibm.ejs.j2c.SharedPool@1295cd22
      SharedPool[161] = class com.ibm.ejs.j2c.SharedPool@14065cf4
      SharedPool[162] = class com.ibm.ejs.j2c.SharedPool@f22210c
      SharedPool[163] = class com.ibm.ejs.j2c.SharedPool@3e32015e
      SharedPool[164] = class com.ibm.ejs.j2c.SharedPool@2f23767
      SharedPool[165] = class com.ibm.ejs.j2c.SharedPool@24353a31
      SharedPool[166] = class com.ibm.ejs.j2c.SharedPool@3a8145fa
      SharedPool[167] = class com.ibm.ejs.j2c.SharedPool@14978b05
      SharedPool[168] = class com.ibm.ejs.j2c.SharedPool@7cdcfff
      SharedPool[169] = class com.ibm.ejs.j2c.SharedPool@a249985
      SharedPool[170] = class com.ibm.ejs.j2c.SharedPool@3abaa3ae
      SharedPool[171] = class com.ibm.ejs.j2c.SharedPool@12ddc85f
      SharedPool[172] = class com.ibm.ejs.j2c.SharedPool@7b065fcc
      SharedPool[173] = class com.ibm.ejs.j2c.SharedPool@55c01998
      SharedPool[174] = class com.ibm.ejs.j2c.SharedPool@3a88775d
      SharedPool[175] = class com.ibm.ejs.j2c.SharedPool@466bdf63
      SharedPool[176] = class com.ibm.ejs.j2c.SharedPool@f5a105d
      SharedPool[177] = class com.ibm.ejs.j2c.SharedPool@5a83d4f7
      SharedPool[178] = class com.ibm.ejs.j2c.SharedPool@23c87265
      SharedPool[179] = class com.ibm.ejs.j2c.SharedPool@3b4021b8
      SharedPool[180] = class com.ibm.ejs.j2c.SharedPool@64c70675
      SharedPool[181] = class com.ibm.ejs.j2c.SharedPool@20a74276
      SharedPool[182] = class com.ibm.ejs.j2c.SharedPool@409c475d
      SharedPool[183] = class com.ibm.ejs.j2c.SharedPool@7aebe317
      SharedPool[184] = class com.ibm.ejs.j2c.SharedPool@2643b691
      SharedPool[185] = class com.ibm.ejs.j2c.SharedPool@3cedf4dd
      SharedPool[186] = class com.ibm.ejs.j2c.SharedPool@1ee9fab2
      SharedPool[187] = class com.ibm.ejs.j2c.SharedPool@3b3f4123
      SharedPool[188] = class com.ibm.ejs.j2c.SharedPool@f39feb
      SharedPool[189] = class com.ibm.ejs.j2c.SharedPool@53ebd834
      SharedPool[190] = class com.ibm.ejs.j2c.SharedPool@2069491
      SharedPool[191] = class com.ibm.ejs.j2c.SharedPool@4371fbab
      SharedPool[192] = class com.ibm.ejs.j2c.SharedPool@5f6138e9
      SharedPool[193] = class com.ibm.ejs.j2c.SharedPool@52c66149
      SharedPool[194] = class com.ibm.ejs.j2c.SharedPool@6452c59c
      SharedPool[195] = class com.ibm.ejs.j2c.SharedPool@2832d61e
      SharedPool[196] = class com.ibm.ejs.j2c.SharedPool@7ec20581
      SharedPool[197] = class com.ibm.ejs.j2c.SharedPool@1fefef39
      SharedPool[198] = class com.ibm.ejs.j2c.SharedPool@6de3a77d
      SharedPool[199] = class com.ibm.ejs.j2c.SharedPool@53df1ef9
    freePool = class com.ibm.ejs.j2c.FreePool[100]
      FreePool[0] = class com.ibm.ejs.j2c.FreePool@3d5ff70e
      FreePool[1] = class com.ibm.ejs.j2c.FreePool@5d2941bb
      FreePool[2] = class com.ibm.ejs.j2c.FreePool@2d01cd2c
      FreePool[3] = class com.ibm.ejs.j2c.FreePool@68236a3
      FreePool[4] = class com.ibm.ejs.j2c.FreePool@44a746fa
      FreePool[5] = class com.ibm.ejs.j2c.FreePool@5314f34c
      FreePool[6] = class com.ibm.ejs.j2c.FreePool@705f2caf
      FreePool[7] = class com.ibm.ejs.j2c.FreePool@67ff2b29
      FreePool[8] = class com.ibm.ejs.j2c.FreePool@191121ba
      FreePool[9] = class com.ibm.ejs.j2c.FreePool@6deb3f47
      FreePool[10] = class com.ibm.ejs.j2c.FreePool@64d85c01
      FreePool[11] = class com.ibm.ejs.j2c.FreePool@7ae095d0
      FreePool[12] = class com.ibm.ejs.j2c.FreePool@6a6c67c7
      FreePool[13] = class com.ibm.ejs.j2c.FreePool@5e497cca
      FreePool[14] = class com.ibm.ejs.j2c.FreePool@78d71b56
      FreePool[15] = class com.ibm.ejs.j2c.FreePool@6675f89
      FreePool[16] = class com.ibm.ejs.j2c.FreePool@f3c52dd
      FreePool[17] = class com.ibm.ejs.j2c.FreePool@1a86d0dc
      FreePool[18] = class com.ibm.ejs.j2c.FreePool@5acb7571
      FreePool[19] = class com.ibm.ejs.j2c.FreePool@666cf2b6
      FreePool[20] = class com.ibm.ejs.j2c.FreePool@b2bee1c
      FreePool[21] = class com.ibm.ejs.j2c.FreePool@2707cf95
      FreePool[22] = class com.ibm.ejs.j2c.FreePool@266646f9
      FreePool[23] = class com.ibm.ejs.j2c.FreePool@279ee9c1
      FreePool[24] = class com.ibm.ejs.j2c.FreePool@7311a820
      FreePool[25] = class com.ibm.ejs.j2c.FreePool@6af3bab0
      FreePool[26] = class com.ibm.ejs.j2c.FreePool@7e367899
      FreePool[27] = class com.ibm.ejs.j2c.FreePool@2eb6467f
      FreePool[28] = class com.ibm.ejs.j2c.FreePool@5018bb21
      FreePool[29] = class com.ibm.ejs.j2c.FreePool@2749bda8
      FreePool[30] = class com.ibm.ejs.j2c.FreePool@6a76eb68
      FreePool[31] = class com.ibm.ejs.j2c.FreePool@766fdde7
      FreePool[32] = class com.ibm.ejs.j2c.FreePool@63bbb1b8
      FreePool[33] = class com.ibm.ejs.j2c.FreePool@9f5f49a
      FreePool[34] = class com.ibm.ejs.j2c.FreePool@54057367
      FreePool[35] = class com.ibm.ejs.j2c.FreePool@5c0d0ce5
      FreePool[36] = class com.ibm.ejs.j2c.FreePool@620540ad
      FreePool[37] = class com.ibm.ejs.j2c.FreePool@44f23953
      FreePool[38] = class com.ibm.ejs.j2c.FreePool@3b93f4e1
      FreePool[39] = class com.ibm.ejs.j2c.FreePool@fcdbd52
      FreePool[40] = class com.ibm.ejs.j2c.FreePool@4785942e
      FreePool[41] = class com.ibm.ejs.j2c.FreePool@12e8052c
      FreePool[42] = class com.ibm.ejs.j2c.FreePool@3678cf6c
      FreePool[43] = class com.ibm.ejs.j2c.FreePool@543dd3dc
      FreePool[44] = class com.ibm.ejs.j2c.FreePool@3f720991
      FreePool[45] = class com.ibm.ejs.j2c.FreePool@6de1ba36
      FreePool[46] = class com.ibm.ejs.j2c.FreePool@1d920b49
      FreePool[47] = class com.ibm.ejs.j2c.FreePool@270b8814
      FreePool[48] = class com.ibm.ejs.j2c.FreePool@81a23e5
      FreePool[49] = class com.ibm.ejs.j2c.FreePool@68ca08da
      FreePool[50] = class com.ibm.ejs.j2c.FreePool@650f8ec9
      FreePool[51] = class com.ibm.ejs.j2c.FreePool@1ebfe154
      FreePool[52] = class com.ibm.ejs.j2c.FreePool@47e3fc6d
      FreePool[53] = class com.ibm.ejs.j2c.FreePool@7f57b093
      FreePool[54] = class com.ibm.ejs.j2c.FreePool@66371076
      FreePool[55] = class com.ibm.ejs.j2c.FreePool@7e3f8a5
      FreePool[56] = class com.ibm.ejs.j2c.FreePool@5f3b7ca0
      FreePool[57] = class com.ibm.ejs.j2c.FreePool@1daa8cfc
      FreePool[58] = class com.ibm.ejs.j2c.FreePool@43409b9f
      FreePool[59] = class com.ibm.ejs.j2c.FreePool@5bfe6582
      FreePool[60] = class com.ibm.ejs.j2c.FreePool@5fa4dc21
      FreePool[61] = class com.ibm.ejs.j2c.FreePool@16207645
      FreePool[62] = class com.ibm.ejs.j2c.FreePool@51fb8b7d
      FreePool[63] = class com.ibm.ejs.j2c.FreePool@7c387318
      FreePool[64] = class com.ibm.ejs.j2c.FreePool@790126b5
      FreePool[65] = class com.ibm.ejs.j2c.FreePool@3db860
      FreePool[66] = class com.ibm.ejs.j2c.FreePool@15ba747c
      FreePool[67] = class com.ibm.ejs.j2c.FreePool@1897b5d5
      FreePool[68] = class com.ibm.ejs.j2c.FreePool@68d31cfc
      FreePool[69] = class com.ibm.ejs.j2c.FreePool@5c0473e
      FreePool[70] = class com.ibm.ejs.j2c.FreePool@431fca6e
      FreePool[71] = class com.ibm.ejs.j2c.FreePool@6603f6c5
      FreePool[72] = class com.ibm.ejs.j2c.FreePool@16472205
      FreePool[73] = class com.ibm.ejs.j2c.FreePool@11b97e44
      FreePool[74] = class com.ibm.ejs.j2c.FreePool@2cc89aa7
      FreePool[75] = class com.ibm.ejs.j2c.FreePool@5584e425
      FreePool[76] = class com.ibm.ejs.j2c.FreePool@7a7cb39a
      FreePool[77] = class com.ibm.ejs.j2c.FreePool@206db9cf
      FreePool[78] = class com.ibm.ejs.j2c.FreePool@489812c7
      FreePool[79] = class com.ibm.ejs.j2c.FreePool@3a4f723d
      FreePool[80] = class com.ibm.ejs.j2c.FreePool@25b0f68d
      FreePool[81] = class com.ibm.ejs.j2c.FreePool@68de9035
      FreePool[82] = class com.ibm.ejs.j2c.FreePool@6058a9c3
      FreePool[83] = class com.ibm.ejs.j2c.FreePool@21c7e16f
      FreePool[84] = class com.ibm.ejs.j2c.FreePool@3617f44
      FreePool[85] = class com.ibm.ejs.j2c.FreePool@1f220825
      FreePool[86] = class com.ibm.ejs.j2c.FreePool@3a91bcb3
      FreePool[87] = class com.ibm.ejs.j2c.FreePool@2443ee17
      FreePool[88] = class com.ibm.ejs.j2c.FreePool@2c502e84
      FreePool[89] = class com.ibm.ejs.j2c.FreePool@23bc780b
      FreePool[90] = class com.ibm.ejs.j2c.FreePool@147f2ceb
      FreePool[91] = class com.ibm.ejs.j2c.FreePool@2f775b25
      FreePool[92] = class com.ibm.ejs.j2c.FreePool@27e6441
      FreePool[93] = class com.ibm.ejs.j2c.FreePool@42c22825
      FreePool[94] = class com.ibm.ejs.j2c.FreePool@2fb74ce2
      FreePool[95] = class com.ibm.ejs.j2c.FreePool@3a0c9442
      FreePool[96] = class com.ibm.ejs.j2c.FreePool@4b21a32e
      FreePool[97] = class com.ibm.ejs.j2c.FreePool@18f1296f
      FreePool[98] = class com.ibm.ejs.j2c.FreePool@db4a6cf
      FreePool[99] = class com.ibm.ejs.j2c.FreePool@53449dbf
    mcWrapperWaiterList = class com.ibm.ejs.j2c.MCWrapperList@8a015ae
      serialVersionUID = -4093886924342827512
      serialVersionUID = "/* Could not access serialVersionUID */"
      DEFAULT_CAPACITY = "/* Could not access DEFAULT_CAPACITY */"
      EMPTY_ELEMENTDATA = "/* Could not access EMPTY_ELEMENTDATA */"
      DEFAULTCAPACITY_EMPTY_ELEMENTDATA = "/* Could not access DEFAULTCAPACITY_EMPTY_ELEMENTDATA */"
      elementData = "/* Could not access elementData */"
      size = "/* Could not access size */"
      modCount = "/* Could not access modCount */"
    mcToMCWMap = class java.util.HashMap@59796906
      serialVersionUID = "/* Could not access serialVersionUID */"
      DEFAULT_INITIAL_CAPACITY = "/* Could not access DEFAULT_INITIAL_CAPACITY */"
      MAXIMUM_CAPACITY = "/* Could not access MAXIMUM_CAPACITY */"
      DEFAULT_LOAD_FACTOR = "/* Could not access DEFAULT_LOAD_FACTOR */"
      TREEIFY_THRESHOLD = "/* Could not access TREEIFY_THRESHOLD */"
      UNTREEIFY_THRESHOLD = "/* Could not access UNTREEIFY_THRESHOLD */"
      MIN_TREEIFY_CAPACITY = "/* Could not access MIN_TREEIFY_CAPACITY */"
      table = "/* Could not access table */"
      entrySet = "/* Could not access entrySet */"
      size = "/* Could not access size */"
      modCount = "/* Could not access modCount */"
      threshold = "/* Could not access threshold */"
      loadFactor = "/* Could not access loadFactor */"
      keySet = "/* Could not access keySet */"
      values = "/* Could not access values */"
    rwl = class java.util.concurrent.locks.ReentrantReadWriteLock@7de3759b
      serialVersionUID = "/* Could not access serialVersionUID */"
      readerLock = "/* Could not access readerLock */"
      writerLock = "/* Could not access writerLock */"
      sync = "/* Could not access sync */"
    mcToMCWMapRead = class java.util.concurrent.locks.ReentrantReadWriteLock$ReadLock@360b0a2b
      serialVersionUID = "/* Could not access serialVersionUID */"
      sync = "/* Could not access sync */"
    mcToMCWMapWrite = class java.util.concurrent.locks.ReentrantReadWriteLock$WriteLock@3e0e7421
      serialVersionUID = "/* Could not access serialVersionUID */"
      sync = "/* Could not access sync */"
    raClassLoader = null
    pmCounterLock = class com.ibm.ejs.j2c.PoolManager$PoolManagerLock@2cad0bbf
    destroyMCWrapperListLock = class com.ibm.ejs.j2c.PoolManager$PoolManagerLock@4a04ec1c
    totalConnectionCount = class java.util.concurrent.atomic.AtomicInteger@24b0fd25
      serialVersionUID = "/* Could not access serialVersionUID */"
      U = "/* Could not access U */"
      VALUE = "/* Could not access VALUE */"
      value = "/* Could not access value */"
      serialVersionUID = "/* Could not access serialVersionUID */"
    poolManagerBalancePoolLock = class com.ibm.ejs.j2c.PoolManager$PoolManagerLock@69d22aee
    waiterFreePoolLock = class com.ibm.ejs.j2c.PoolManager$PoolManagerLock@2d663498
    waiterCount = 0
    allowConnectionRequests = true
    connectionPoolShutDown = false
    poolManagerTestConnectionLock = class com.ibm.ejs.j2c.PoolManager$PoolManagerLock@40ef4924
    collectorCount = 0
    mcWrappersToDestroy = class java.util.ArrayList@6315cdc9
      serialVersionUID = "/* Could not access serialVersionUID */"
      DEFAULT_CAPACITY = "/* Could not access DEFAULT_CAPACITY */"
      EMPTY_ELEMENTDATA = "/* Could not access EMPTY_ELEMENTDATA */"
      DEFAULTCAPACITY_EMPTY_ELEMENTDATA = "/* Could not access DEFAULTCAPACITY_EMPTY_ELEMENTDATA */"
      elementData = "/* Could not access elementData */"
      size = "/* Could not access size */"
      modCount = "/* Could not access modCount */"
    mcWrapperDoesExistInFreePool = true
    synchronizedAllReady = false
    dontNotifyWaiter = true
    dontDecrementTotalCounter = false
    unusedTimeoutEnabled = false
    connectionTimeout = 30
    maxConnections = 20
    minConnections = 5
    purgePolicy = class com.ibm.ws.jca.adapter.PurgePolicy@1be80e1f
      EntirePool = class com.ibm.ws.jca.adapter.PurgePolicy@1be80e1f
      FailingConnectionOnly = class com.ibm.ws.jca.adapter.PurgePolicy@153a6c2a
      ValidateAllConnections = class com.ibm.ws.jca.adapter.PurgePolicy@41195b3
      $VALUES = class com.ibm.ws.jca.adapter.PurgePolicy[3]
      name = "/* Could not access name */"
      ordinal = "/* Could not access ordinal */"
      hash = "/* Could not access hash */"
    reapTime = 180
    unusedTimeout = 1800
    agedTimeout = -1
    agedTimeoutMillis = -1000
    holdTimeLimit = 10
    maxSharedBuckets = 200
    maxFreePoolHashSize = 100
    maxNumberOfMCsAllowableInThread = 0
    throwExceptionOnMCThreadCheck = false
    waitersStartedTime = 0
    waitersEndedTime = 0
    parkedMCWrapper = null
    createParkedConnection = true
    parkedConnectionLockObject = class com.ibm.ejs.j2c.PoolManager$PoolManagerLock@37e6fb07
    totalPoolConnectionRequests = 0
    am = null
    amLockObject = class com.ibm.ejs.j2c.PoolManager$PoolManagerLock@142e9bee
    pmQuiesced = false
    activeRequest = class java.util.concurrent.atomic.AtomicInteger@77c110af
      serialVersionUID = "/* Could not access serialVersionUID */"
      U = "/* Could not access U */"
      VALUE = "/* Could not access VALUE */"
      value = "/* Could not access value */"
      serialVersionUID = "/* Could not access serialVersionUID */"
    updateToPoolInProgressLockObject = class com.ibm.ejs.j2c.PoolManager$PoolManagerLock@34c2b6b3
    updateToPoolInProgress = false
    updateToPoolInProgressSleepTime = 250
    activeTLSRequest = class java.util.concurrent.atomic.AtomicInteger@347c4def
      serialVersionUID = "/* Could not access serialVersionUID */"
      U = "/* Could not access U */"
      VALUE = "/* Could not access VALUE */"
      value = "/* Could not access value */"
      serialVersionUID = "/* Could not access serialVersionUID */"
    updateToTLSPoolInProgressLockObject = class com.ibm.ejs.j2c.PoolManager$PoolManagerLock@546d4165
    updateToTLSPoolInProgress = class java.util.concurrent.atomic.AtomicBoolean@2bd6672f
      serialVersionUID = "/* Could not access serialVersionUID */"
      VALUE = "/* Could not access VALUE */"
      value = "/* Could not access value */"
    updateToTLSPoolInProgressSleepTime = 250
    writer = null
    traceWriter = null
    printWriter = null
    tscdList = class java.util.Vector@5cc51c42
      elementData = "/* Could not access elementData */"
      elementCount = "/* Could not access elementCount */"
      capacityIncrement = "/* Could not access capacityIncrement */"
      serialVersionUID = "/* Could not access serialVersionUID */"
      modCount = "/* Could not access modCount */"
    logSerialReuseMessage = true
    _quiesce = false
    _quiesceTime = null
    nonDeferredReaperAlarm = false
    claimedVictimPercent = 0.0
    enableInuseConnectionDestroy = true
    localConnection_ = null
    maxCapacity = 0
    isThreadLocalConnectionEnabled = false
    getConnectionMap = class java.util.concurrent.ConcurrentHashMap@28d76d9b
      serialVersionUID = "/* Could not access serialVersionUID */"
      MAXIMUM_CAPACITY = "/* Could not access MAXIMUM_CAPACITY */"
      DEFAULT_CAPACITY = "/* Could not access DEFAULT_CAPACITY */"
      MAX_ARRAY_SIZE = "/* Could not access MAX_ARRAY_SIZE */"
      DEFAULT_CONCURRENCY_LEVEL = "/* Could not access DEFAULT_CONCURRENCY_LEVEL */"
      LOAD_FACTOR = "/* Could not access LOAD_FACTOR */"
      TREEIFY_THRESHOLD = "/* Could not access TREEIFY_THRESHOLD */"
      UNTREEIFY_THRESHOLD = "/* Could not access UNTREEIFY_THRESHOLD */"
      MIN_TREEIFY_CAPACITY = "/* Could not access MIN_TREEIFY_CAPACITY */"
      MIN_TRANSFER_STRIDE = "/* Could not access MIN_TRANSFER_STRIDE */"
      RESIZE_STAMP_BITS = "/* Could not access RESIZE_STAMP_BITS */"
      MAX_RESIZERS = "/* Could not access MAX_RESIZERS */"
      RESIZE_STAMP_SHIFT = "/* Could not access RESIZE_STAMP_SHIFT */"
      MOVED = "/* Could not access MOVED */"
      TREEBIN = "/* Could not access TREEBIN */"
      RESERVED = "/* Could not access RESERVED */"
      HASH_BITS = "/* Could not access HASH_BITS */"
      NCPU = "/* Could not access NCPU */"
      serialPersistentFields = "/* Could not access serialPersistentFields */"
      table = "/* Could not access table */"
      nextTable = "/* Could not access nextTable */"
      baseCount = "/* Could not access baseCount */"
      sizeCtl = "/* Could not access sizeCtl */"
      transferIndex = "/* Could not access transferIndex */"
      cellsBusy = "/* Could not access cellsBusy */"
      counterCells = "/* Could not access counterCells */"
      keySet = "/* Could not access keySet */"
      values = "/* Could not access values */"
      entrySet = "/* Could not access entrySet */"
      U = "/* Could not access U */"
      SIZECTL = "/* Could not access SIZECTL */"
      TRANSFERINDEX = "/* Could not access TRANSFERINDEX */"
      BASECOUNT = "/* Could not access BASECOUNT */"
      CELLSBUSY = "/* Could not access CELLSBUSY */"
      CELLVALUE = "/* Could not access CELLVALUE */"
      ABASE = "/* Could not access ABASE */"
      ASHIFT = "/* Could not access ASHIFT */"
      keySet = "/* Could not access keySet */"
      values = "/* Could not access values */"
    alarmThreadCounter = class java.util.concurrent.atomic.AtomicInteger@7285128c
      serialVersionUID = "/* Could not access serialVersionUID */"
      U = "/* Could not access U */"
      VALUE = "/* Could not access VALUE */"
      value = "/* Could not access value */"
      serialVersionUID = "/* Could not access serialVersionUID */"
    abortConnectionsActionName = "abortConnections"
    abortConnectionsInUse = "inuse"
    amMaxInUseTimeLockObject = class com.ibm.ejs.j2c.PoolManager$PoolManagerLock@15502328
    maxInUseTimeAlarmThreadCounter = class java.util.concurrent.atomic.AtomicInteger@e759997
      serialVersionUID = "/* Could not access serialVersionUID */"
      U = "/* Could not access U */"
      VALUE = "/* Could not access VALUE */"
      value = "/* Could not access value */"
      serialVersionUID = "/* Could not access serialVersionUID */"
    maxInUseTime = -1
    amMaxInUseTime = null
    maxInUseTimeThreadStarted = false
    maxInUseTimeTaskTimerLockObject = class com.ibm.ejs.j2c.PoolManager$PoolManagerLock@1d5d8677
    maxInUseTimeCollectorCount = 0
  numberOfConnectionsInFreePool = 0
  numberOfConnectionsAssignedToThisFreePool = 0
  raClassLoader = null
  fatalErrorNotificationTime = 0
  _mcWrapperDoesNotExistInFreePool = false
  _synchronizeInMethod = true
  _notifyWaiter = false
  _decrementTotalCounter = true
  fop_gets = 0
  fnop_gets = 0
  freePoolQueuedRequests = 0
  freePoolCreateManagedConnection = 0
  numberOfClaimedVictims = 0
  numberOfClaimedVictims_CRI_Only_Mismatch = 0
  numberOfClaimedVictims_Subject_Only_Mismatch = 0
  numberOfClaimedVictims_CRI_Subject_Mismatch = 0
  numberOfClaimedVictims_MM_Only_Mismatch = 0
  fop_get_notfound = 0
  fnop_get_notfound = 0
  gConfigProps = class com.ibm.ejs.j2c.J2CGlobalConfigProperties@1e57fca2
    tc = class com.ibm.websphere.ras.TraceComponent@64bee8a8
      strings[0] = "TraceComponent[com.ibm.ejs.j2c.J2CGlobalConfigProperties,class com.ibm.ejs.j2c.J2CGlobalConfigProperties,[WAS.j2c],com.ibm.ws.j2c.resources.J2CAMessages,null]"
    serialVersionUID = 3666445884103132373
    jndiName = "jdbc/tuappDS"
    XpathId = "dataSource[tuappDS]/connectionManager[default-0]"
    cfName = "jdbc/tuappDS"
    logMissingTranContext = false
    validatingMCFSupported = true
    sendClaimedVictomToGetConnection = false
    raSupportsReauthentication = false
    transactionResourceRegistration = null
    checkManagedConnectionInstanceof = true
    checkManagedConnectionInstanceofLock = class com.ibm.ejs.j2c.J2CGlobalConfigProperties$J2CLock@4796e622
    checkManagedConnectionInstanceofInitialized = false
    embeddedRa = false
    embeddedRaInitialized = false
    connectionSynchronizationProvider = false
    connectionSynchronizationProviderInitialized = false
    connectionPoolingEnabled = true
    connectionPoolingEnabledInitialized = false
    instanceOfDissociatableManagedConnection = false
    instanceOfDissociatableManagedConnectionInitialized = false
    commitPriority = 0
    transactionSupport = class jakarta.resource.spi.TransactionSupport$TransactionSupportLevel@53cbd49b
      NoTransaction = class jakarta.resource.spi.TransactionSupport$TransactionSupportLevel@680dc52c
      LocalTransaction = class jakarta.resource.spi.TransactionSupport$TransactionSupportLevel@3fca6fe9
      XATransaction = class jakarta.resource.spi.TransactionSupport$TransactionSupportLevel@53cbd49b
      $VALUES = class jakarta.resource.spi.TransactionSupport$TransactionSupportLevel[3]
      name = "/* Could not access name */"
      ordinal = "/* Could not access ordinal */"
      hash = "/* Could not access hash */"
    dynamicEnlistmentSupported = false
    smartHandleSupport = false
    cciLocalTranSupported = true
    connectionTimeout = 30
    autoCloseConnections = true
    maxConnections = 20
    minConnections = 5
    purgePolicy = class com.ibm.ws.jca.adapter.PurgePolicy@1be80e1f
    reapTime = 180
    unusedTimeout = 1800
    agedTimeout = -1
    agedTimeoutMillis = -1000
    stopPoolRequests = false
    maxSharedBuckets = 200
    maxFreePoolHashSize = 100
    holdTimeLimit = 10
    numConnectionsPerThreadLocal = 0
    orphanConnHoldTimeLimitSeconds = 10
    maxInUseTime = -1
    changeSupport = class java.beans.PropertyChangeSupport@71505654
      map = "/* Could not access map */"
      source = "/* Could not access source */"
      serialPersistentFields = "/* Could not access serialPersistentFields */"
      serialVersionUID = "/* Could not access serialVersionUID */"
    vChangeSupport = class java.beans.VetoableChangeSupport@cf1837
      map = "/* Could not access map */"
      source = "/* Could not access source */"
      serialPersistentFields = "/* Could not access serialPersistentFields */"
      serialVersionUID = "/* Could not access serialVersionUID */"
    raMetaDataProps = null
    dsMetaDataProps = null
    callResourceAdapterStatMethods = false
    numberOfInuseConnections = 0
    numberOfInuseConnectionsLockObject = class com.ibm.ejs.j2c.J2CGlobalConfigProperties$J2CLock@701849fa
    numberOfFreeConnections = 0
    numberOfFreeConnectionsLockObject = class com.ibm.ejs.j2c.J2CGlobalConfigProperties$J2CLock@7dfa246e
    maxNumberOfMCsAllowableInThread = 0
    parkIfDissociateUnavailable = false
    throwExceptionOnMCThreadCheck = false
    appName = null
    modName = null
    compName = null

