------Start of DE processing------ = [30/07/25, 08:21:54:405 COT]
Exception = jakarta.persistence.PersistenceException
Source = com.ibm.ws.jpa.management.JPAPUnitInfo.createEMFactory
probeid = 759
Stack Dump = jakarta.persistence.PersistenceException: Excepción [EclipseLink-4002] (Eclipse Persistence Services - 4.0.2.v202306161219): org.eclipse.persistence.exceptions.DatabaseException
Excepción interna: java.sql.SQLNonTransientException: Public Key Retrieval is not allowed DSRA0010E: Estado SQL = 08001, Código de error = 0
Código de error: 0
	at org.eclipse.persistence.internal.jpa.EntityManagerSetupImpl.deploy(EntityManagerSetupImpl.java:856)
	at org.eclipse.persistence.internal.jpa.EntityManagerFactoryDelegate.getAbstractSession(EntityManagerFactoryDelegate.java:221)
	at org.eclipse.persistence.internal.jpa.EntityManagerFactoryDelegate.getDatabaseSession(EntityManagerFactoryDelegate.java:199)
	at org.eclipse.persistence.internal.jpa.EntityManagerFactoryImpl.getDatabaseSession(EntityManagerFactoryImpl.java:534)
	at org.eclipse.persistence.jpa.PersistenceProvider.createContainerEntityManagerFactoryImpl(PersistenceProvider.java:385)
	at org.eclipse.persistence.jpa.PersistenceProvider.createContainerEntityManagerFactory(PersistenceProvider.java:313)
	at com.ibm.ws.jpa.management.JPAPUnitInfo.createEMFactory(JPAPUnitInfo.java:936)
	at com.ibm.ws.jpa.management.JPAPUnitInfo.initialize(JPAPUnitInfo.java:772)
	at com.ibm.ws.jpa.management.JPAPxmlInfo.extractPersistenceUnits(JPAPxmlInfo.java:184)
	at com.ibm.ws.jpa.management.JPAScopeInfo.processPersistenceUnit(JPAScopeInfo.java:90)
	at com.ibm.ws.jpa.management.JPAApplInfo.addPersistenceUnits(JPAApplInfo.java:121)
	at com.ibm.ws.jpa.container.osgi.internal.JPAComponentImpl.processWebModulePersistenceXml(JPAComponentImpl.java:595)
	at com.ibm.ws.jpa.container.osgi.internal.JPAComponentImpl.applicationStarting(JPAComponentImpl.java:378)
	at com.ibm.ws.container.service.state.internal.ApplicationStateManager.fireStarting(ApplicationStateManager.java:53)
	at com.ibm.ws.container.service.state.internal.StateChangeServiceImpl.fireApplicationStarting(StateChangeServiceImpl.java:52)
	at com.ibm.ws.app.manager.module.internal.SimpleDeployedAppInfoBase.preDeployApp(SimpleDeployedAppInfoBase.java:549)
	at com.ibm.ws.app.manager.module.internal.SimpleDeployedAppInfoBase.installApp(SimpleDeployedAppInfoBase.java:510)
	at com.ibm.ws.app.manager.module.internal.DeployedAppInfoBase.deployApp(DeployedAppInfoBase.java:351)
	at com.ibm.ws.app.manager.war.internal.WARApplicationHandlerImpl.install(WARApplicationHandlerImpl.java:67)
	at com.ibm.ws.app.manager.internal.statemachine.StartAction.execute(StartAction.java:184)
	at com.ibm.ws.app.manager.internal.statemachine.ApplicationStateMachineImpl.enterState(ApplicationStateMachineImpl.java:1369)
	at com.ibm.ws.app.manager.internal.statemachine.ApplicationStateMachineImpl.run(ApplicationStateMachineImpl.java:912)
	at com.ibm.ws.threading.internal.ExecutorServiceImpl$RunnableWrapper.run(ExecutorServiceImpl.java:247)
	at java.base/java.util.concurrent.ThreadPoolExecutor.runWorker(ThreadPoolExecutor.java:1144)
	at java.base/java.util.concurrent.ThreadPoolExecutor$Worker.run(ThreadPoolExecutor.java:642)
	at java.base/java.lang.Thread.run(Thread.java:1583)
Caused by: Excepción [EclipseLink-4002] (Eclipse Persistence Services - 4.0.2.v202306161219): org.eclipse.persistence.exceptions.DatabaseException
Excepción interna: java.sql.SQLNonTransientException: Public Key Retrieval is not allowed DSRA0010E: Estado SQL = 08001, Código de error = 0
Código de error: 0
	at org.eclipse.persistence.exceptions.DatabaseException.sqlException(DatabaseException.java:319)
	at org.eclipse.persistence.sessions.JNDIConnector.connect(JNDIConnector.java:152)
	at org.eclipse.persistence.sessions.DatasourceLogin.connectToDatasource(DatasourceLogin.java:174)
	at org.eclipse.persistence.internal.databaseaccess.DatasourceAccessor.connectInternal(DatasourceAccessor.java:359)
	at org.eclipse.persistence.internal.databaseaccess.DatabaseAccessor.connectInternal(DatabaseAccessor.java:318)
	at org.eclipse.persistence.internal.databaseaccess.DatasourceAccessor.connect(DatasourceAccessor.java:451)
	at org.eclipse.persistence.sessions.server.ConnectionPool.buildConnection(ConnectionPool.java:219)
	at org.eclipse.persistence.sessions.server.ExternalConnectionPool.startUp(ExternalConnectionPool.java:154)
	at org.eclipse.persistence.sessions.server.ServerSession.connect(ServerSession.java:530)
	at org.eclipse.persistence.internal.sessions.DatabaseSessionImpl.login(DatabaseSessionImpl.java:824)
	at org.eclipse.persistence.internal.jpa.EntityManagerFactoryProvider.login(EntityManagerFactoryProvider.java:261)
	at org.eclipse.persistence.internal.jpa.EntityManagerSetupImpl.deploy(EntityManagerSetupImpl.java:771)
	... 25 more
Caused by: java.sql.SQLNonTransientException: Public Key Retrieval is not allowed DSRA0010E: Estado SQL = 08001, Código de error = 0
	at com.mysql.cj.jdbc.exceptions.SQLError.createSQLException(SQLError.java:102)
	at com.mysql.cj.jdbc.exceptions.SQLExceptionsMapping.translateException(SQLExceptionsMapping.java:114)
	at com.mysql.cj.jdbc.ConnectionImpl.createNewIO(ConnectionImpl.java:833)
	at com.mysql.cj.jdbc.ConnectionImpl.<init>(ConnectionImpl.java:416)
	at com.mysql.cj.jdbc.ConnectionImpl.getInstance(ConnectionImpl.java:238)
	at com.mysql.cj.jdbc.NonRegisteringDriver.connect(NonRegisteringDriver.java:180)
	at com.mysql.cj.jdbc.MysqlDataSource.getConnection(MysqlDataSource.java:408)
	at com.mysql.cj.jdbc.MysqlDataSource.getConnection(MysqlDataSource.java:120)
	at com.mysql.cj.jdbc.MysqlConnectionPoolDataSource.getPooledConnection(MysqlConnectionPoolDataSource.java:58)
	at com.ibm.ws.rsadapter.impl.DatabaseHelper$1.run(DatabaseHelper.java:1518)
	at com.ibm.ws.rsadapter.impl.DatabaseHelper$1.run(DatabaseHelper.java:1502)
	at java.base/java.security.AccessController.doPrivileged(AccessController.java:714)
	at java.base/java.security.AccessController.doPrivilegedWithCombiner(AccessController.java:618)
	at com.ibm.ws.rsadapter.impl.DatabaseHelper.getPooledConnection(DatabaseHelper.java:1502)
	at com.ibm.ws.rsadapter.impl.WSManagedConnectionFactoryImpl.getConnection(WSManagedConnectionFactoryImpl.java:857)
	at com.ibm.ws.rsadapter.impl.WSManagedConnectionFactoryImpl.createManagedConnection(WSManagedConnectionFactoryImpl.java:698)
	at com.ibm.ejs.j2c.FreePool.createManagedConnectionWithMCWrapper(FreePool.java:1376)
	at com.ibm.ejs.j2c.FreePool.createOrWaitForConnection(FreePool.java:1250)
	at com.ibm.ejs.j2c.PoolManager.reserve(PoolManager.java:1471)
	at com.ibm.ejs.j2c.ConnectionManager.allocateMCWrapper(ConnectionManager.java:576)
	at com.ibm.ejs.j2c.ConnectionManager.allocateConnection(ConnectionManager.java:308)
	at com.ibm.ws.rsadapter.jdbc.WSJdbcDataSource.getConnection(WSJdbcDataSource.java:142)
	at com.ibm.ws.rsadapter.jdbc.WSJdbcDataSource.getConnection(WSJdbcDataSource.java:244)
	at org.eclipse.persistence.sessions.JNDIConnector.connect(JNDIConnector.java:149)
	... 35 more
Caused by: com.mysql.cj.exceptions.UnableToConnectException: Public Key Retrieval is not allowed
	at java.base/jdk.internal.reflect.DirectConstructorHandleAccessor.newInstance(DirectConstructorHandleAccessor.java:62)
	at java.base/java.lang.reflect.Constructor.newInstanceWithCaller(Constructor.java:502)
	at java.base/java.lang.reflect.Constructor.newInstance(Constructor.java:486)
	at com.mysql.cj.exceptions.ExceptionFactory.createException(ExceptionFactory.java:52)
	at com.mysql.cj.exceptions.ExceptionFactory.createException(ExceptionFactory.java:76)
	at com.mysql.cj.protocol.a.authentication.CachingSha2PasswordPlugin.nextAuthenticationStep(CachingSha2PasswordPlugin.java:122)
	at com.mysql.cj.protocol.a.authentication.CachingSha2PasswordPlugin.nextAuthenticationStep(CachingSha2PasswordPlugin.java:40)
	at com.mysql.cj.protocol.a.NativeAuthenticationProvider.proceedHandshakeWithPluggableAuthentication(NativeAuthenticationProvider.java:436)
	at com.mysql.cj.protocol.a.NativeAuthenticationProvider.connect(NativeAuthenticationProvider.java:206)
	at com.mysql.cj.protocol.a.NativeProtocol.connect(NativeProtocol.java:1333)
	at com.mysql.cj.NativeSession.connect(NativeSession.java:155)
	at com.mysql.cj.jdbc.ConnectionImpl.connectOneTryOnly(ConnectionImpl.java:957)
	at com.mysql.cj.jdbc.ConnectionImpl.createNewIO(ConnectionImpl.java:821)
	... 56 more

Dump of callerThis
Object type = com.ibm.ws.jpa.container.osgi.internal.OSGiJPAPUnitInfo
  tc = class com.ibm.websphere.ras.TraceComponent@2192844b
    strings[0] = "TraceComponent[com.ibm.ws.jpa.container.osgi.internal.OSGiJPAPUnitInfo,class com.ibm.ws.jpa.container.osgi.internal.OSGiJPAPUnitInfo,[JPA],com.ibm.ws.jpa.jpa,null]"
  disableWsJpaUrlProcessing = false
  ECLIPSELINK_TARGET_SERVER = "WebSphere_Liberty"
  scopeInfo = class com.ibm.ws.jpa.management.JPAScopeInfo@4a03ce82
    tc = class com.ibm.websphere.ras.TraceComponent@4cb6c2b
      strings[0] = "TraceComponent[com.ibm.ws.jpa.management.JPAScopeInfo,class com.ibm.ws.jpa.management.JPAScopeInfo,[JPA],com.ibm.ws.jpa.jpa,null]"
    scopeName = "app-overtime.war"
    scope = class com.ibm.ws.jpa.management.JPAPuScope@2acaec2a
      EJB_Scope = class com.ibm.ws.jpa.management.JPAPuScope@4f6534ac
      Web_Scope = class com.ibm.ws.jpa.management.JPAPuScope@2acaec2a
      EAR_Scope = class com.ibm.ws.jpa.management.JPAPuScope@233f0480
      Client_Scope = class com.ibm.ws.jpa.management.JPAPuScope@46f36760
      $VALUES = class com.ibm.ws.jpa.management.JPAPuScope[4]
      name = "/* Could not access name */"
      ordinal = "/* Could not access ordinal */"
      hash = "/* Could not access hash */"
    pxmlsInfo = class java.util.HashMap@753a2909
      serialVersionUID = "/* Could not access serialVersionUID */"
      DEFAULT_INITIAL_CAPACITY = "/* Could not access DEFAULT_INITIAL_CAPACITY */"
      MAXIMUM_CAPACITY = "/* Could not access MAXIMUM_CAPACITY */"
      DEFAULT_LOAD_FACTOR = "/* Could not access DEFAULT_LOAD_FACTOR */"
      TREEIFY_THRESHOLD = "/* Could not access TREEIFY_THRESHOLD */"
      UNTREEIFY_THRESHOLD = "/* Could not access UNTREEIFY_THRESHOLD */"
      MIN_TREEIFY_CAPACITY = "/* Could not access MIN_TREEIFY_CAPACITY */"
      table = "/* Could not access table */"
      entrySet = "/* Could not access entrySet */"
      size = "/* Could not access size */"
      modCount = "/* Could not access modCount */"
      threshold = "/* Could not access threshold */"
      loadFactor = "/* Could not access loadFactor */"
      keySet = "/* Could not access keySet */"
      values = "/* Could not access values */"
  serialVersionUID = -898488667409903028
  CLASS_NAME = "com.ibm.ws.jpa.management.JPAPUnitInfo"
  tc = class com.ibm.websphere.ras.TraceComponent@a50dd14
    strings[0] = "TraceComponent[com.ibm.ws.jpa.management.JPAPUnitInfo,class com.ibm.ws.jpa.management.JPAPUnitInfo,[JPA],com.ibm.ws.jpa.jpa,null]"
  tcTransformer = class com.ibm.websphere.ras.TraceComponent@24476f00
    strings[0] = "TraceComponent[com.ibm.ws.jpa.management.JPAPUnitInfo_Transformer,class com.ibm.ws.jpa.management.JPAPUnitInfo,[JPA.Transformer],com.ibm.ws.jpa.jpa,null]"
  tcBytecodeCapture = class com.ibm.websphere.ras.TraceComponent@30a0dcb1
    strings[0] = "TraceComponent[com.ibm.ws.jpa.management.JPAPUnitInfo_BytecodeCapture,class com.ibm.ws.jpa.management.JPAPUnitInfo,[JavaPersistenceByteCode],com.ibm.ws.jpa.jpa,null]"
  svThreadContextAccessor = class com.ibm.ws.util.ThreadContextAccessor$ReflectionThreadContextAccessorImpl@5ba444cb
    field = class java.lang.reflect.Field@379f29b6
    tc = class com.ibm.ejs.ras.TraceComponent@1b6d0fb4
      strings[0] = "TraceComponent[com.ibm.ws.util.ThreadContextAccessor,class com.ibm.ws.util.ThreadContextAccessor,[Runtime],null,null]"
    PRINT_STACK_ON_SET_CTX_CLASSLOADER = false
    PRIVILEGED_ACTION = class com.ibm.ws.util.ThreadContextAccessor$1@5ce5327f
    UNCHANGED = class com.ibm.ws.util.ThreadContextAccessor$Unchanged@5e769f80
    threadContextAccessor = class com.ibm.ws.util.ThreadContextAccessor$ReflectionThreadContextAccessorImpl@5ba444cb
  ivApplInfo = class com.ibm.ws.jpa.container.osgi.internal.OSGiJPAApplInfo@29d1d18f
    appInfo = class com.ibm.ws.container.service.app.deploy.internal.ApplicationInfoImpl@6d6b744f
      appName = "app-overtime"
      appMetaData = class com.ibm.ws.container.service.app.deploy.internal.ApplicationMetaDataImpl@492b0851
      appContainer = class com.ibm.ws.adaptable.module.internal.AdaptableContainerImpl@3e767f4e
      configHelper = class com.ibm.ws.app.manager.module.ApplicationNestedConfigHelper@696dc903
      applicationInformation = class com.ibm.ws.app.manager.internal.ApplicationInstallInfo@dd07b27
      serialVersionUID = 5227817860647895780
      $$$tc$$$ = class com.ibm.websphere.ras.TraceComponent@4e8beada
    serialVersionUID = 4444074326423067409
    $$$tc$$$ = class com.ibm.websphere.ras.TraceComponent@6f82b4be
      strings[0] = "TraceComponent[com.ibm.ws.jpa.container.osgi.internal.OSGiJPAApplInfo,class com.ibm.ws.jpa.container.osgi.internal.OSGiJPAApplInfo,[JPA],com.ibm.ws.jpa.jpa,null]"
    tc = class com.ibm.websphere.ras.TraceComponent@60356e1d
      strings[0] = "TraceComponent[com.ibm.ws.jpa.management.JPAApplInfo,class com.ibm.ws.jpa.management.JPAApplInfo,[JPA],com.ibm.ws.jpa.jpa,null]"
    ivJPAComponent = class com.ibm.ws.jpa.container.osgi.internal.JPAComponentImpl@67a67c92
      tc = class com.ibm.websphere.ras.TraceComponent@30e40c4d
      priv = class com.ibm.ws.kernel.service.util.SecureAction@2d9cfc2f
      REFERENCE_JPA_RUNTIME = "jpaRuntime"
      REFERENCE_TRANSACTION_MANAGER = "transactionManager"
      REFERENCE_CONTEXT_ACCESSOR = "contextAccessor"
      REFERENCE_RESOURCE_BINDING_LISTENERS = "resourceBindingListeners"
      REFERENCE_JPA_PROVIDER = "jpaProvider"
      REFERENCE_JPA_PROPS_PROVIDER = "jpaPropsProvider"
      REFERENCE_APP_COORD = "appCoord"
      REFERENCE_CLASSLOADING_SERVICE = "classLoadingService"
      DEFAULT_PROPS_PREFIX = "defaultProperties.0.property."
      DEFAULT_PROPS_NAME = ".name"
      DEFAULT_PROPS_VALUE = ".value"
      context = class org.apache.felix.scr.impl.manager.ComponentContextImpl@1320c19a
      props = class org.apache.felix.scr.impl.helper.ReadOnlyDictionary@62596567
      defaultProps = class java.util.HashMap@5cb8fdb5
      server = true
      stuckApps = class java.util.concurrent.ConcurrentSkipListSet@160f0f89
      jpaRuntime = class com.ibm.wsspi.kernel.service.utils.AtomicServiceReference@3b620c3
      ivContextAccessorSR = class com.ibm.wsspi.kernel.service.utils.AtomicServiceReference@2a6d0f8f
      resourceBindingListeners = class com.ibm.wsspi.kernel.service.utils.ConcurrentServiceReferenceSet@31a31a22
      providerIntegrationSR = class com.ibm.wsspi.kernel.service.utils.AtomicServiceReference@5f3e28d8
      propProviderSRs = class com.ibm.wsspi.kernel.service.utils.ConcurrentServiceReferenceSet@6d3cbbc4
      classLoadingService = class com.ibm.ws.classloading.internal.ClassLoadingServiceImpl@494dcf4a
      delayEntityManagerFactoryCreate = false
      serialVersionUID = -8532659829675948435
      tc = class com.ibm.websphere.ras.TraceComponent@10a9000a
      PASSWORD_PROPS = class java.util.Arrays$ArrayList@2fefd09b
      applList = class java.util.Collections$SynchronizedMap@6b4bd4e
      ivCallBackHandler = class com.ibm.ws.jpa.management.JPAUserTxCallBackHandler@28e23da8
      ivTxCallbackRegistered = false
    applName = "app-overtime"
    puScopes = class java.util.HashMap@6d198427
      serialVersionUID = "/* Could not access serialVersionUID */"
      DEFAULT_INITIAL_CAPACITY = "/* Could not access DEFAULT_INITIAL_CAPACITY */"
      MAXIMUM_CAPACITY = "/* Could not access MAXIMUM_CAPACITY */"
      DEFAULT_LOAD_FACTOR = "/* Could not access DEFAULT_LOAD_FACTOR */"
      TREEIFY_THRESHOLD = "/* Could not access TREEIFY_THRESHOLD */"
      UNTREEIFY_THRESHOLD = "/* Could not access UNTREEIFY_THRESHOLD */"
      MIN_TREEIFY_CAPACITY = "/* Could not access MIN_TREEIFY_CAPACITY */"
      table = "/* Could not access table */"
      entrySet = "/* Could not access entrySet */"
      size = "/* Could not access size */"
      modCount = "/* Could not access modCount */"
      threshold = "/* Could not access threshold */"
      loadFactor = "/* Could not access loadFactor */"
      keySet = "/* Could not access keySet */"
      values = "/* Could not access values */"
  ivArchivePuId = class com.ibm.ws.jpa.JPAPuId@7a483788
    serialVersionUID = 662612505904938066
    ivAppName = "app-overtime"
    ivModJarName = "app-overtime.war"
    ivPuName = "tuappPU"
    ivCurHashCode = 1291396889
  ivTxType = class jakarta.persistence.spi.PersistenceUnitTransactionType@2e6b819d
    JTA = class jakarta.persistence.spi.PersistenceUnitTransactionType@2e6b819d
    RESOURCE_LOCAL = class jakarta.persistence.spi.PersistenceUnitTransactionType@185252b2
      JTA = class jakarta.persistence.spi.PersistenceUnitTransactionType@2e6b819d
      RESOURCE_LOCAL = class jakarta.persistence.spi.PersistenceUnitTransactionType@185252b2
      $VALUES = class jakarta.persistence.spi.PersistenceUnitTransactionType[2]
      name = "/* Could not access name */"
      ordinal = "/* Could not access ordinal */"
      hash = "/* Could not access hash */"
    $VALUES = class jakarta.persistence.spi.PersistenceUnitTransactionType[2]
      PersistenceUnitTransactionType[0] = class jakarta.persistence.spi.PersistenceUnitTransactionType@2e6b819d
      PersistenceUnitTransactionType[1] = class jakarta.persistence.spi.PersistenceUnitTransactionType@185252b2
    name = "/* Could not access name */"
    ordinal = "/* Could not access ordinal */"
    hash = "/* Could not access hash */"
  ivDesc = ""
  ivProviderClassName = "org.eclipse.persistence.jpa.PersistenceProvider"
  ivJtaDataSource = class com.ibm.ws.rsadapter.jdbc.WSJdbcDataSource@6cc33347
    strings[0] = "_______________________________________________________________________"
    strings[1] = ""
    strings[2] = "    First Failure Data Capture information for"
    strings[3] = "          com.ibm.ws.rsadapter.jdbc.WSJdbcDataSource@6cc33347"
    strings[4] = "_______________________________________________________________________"
    strings[5] = ""
    strings[6] = "ResourceRefInfo:"
    strings[7] = "  
[Resource-ref CMConfigData key items]

	res-sharing-scope:        0 (SHAREABLE)
	res-isolation-level:      0 (TRANSACTION_NONE)
	res-auth:                 1 (APPLICATION)
	commitPriority            0
	branchCoupling            -1
	loginConfigurationName:   null
	loginConfigProperties:    {}
	Resource ref name:        not set
	Queue manager id:        not set

"
    strings[8] = "Connection Manager:"
    strings[9] = "  [ConnectionManager]@1a511920
JNDI Name <jdbc/tuappDS>
shareable <true>

"
    strings[10] = "_______________________________________________________________________"
    strings[11] = ""
    strings[12] = "    First Failure Data Capture information for"
    strings[13] = "          com.ibm.ws.rsadapter.impl.WSManagedConnectionFactoryImpl@b4c36bc"
    strings[14] = "_______________________________________________________________________"
    strings[15] = ""
    strings[16] = "com.ibm.ws.rsadapter.DSConfig@3fd5632"
    strings[17] = "[beginTranForResultSetScrollingAPIs, true, beginTranForVendorAPIs, true, commitOrRollbackOnCleanup, null, connectionSharing, MatchOriginalRequest, isolationLevel, -1, jndiName, jdbc/tuappDS, enableConnectionCasting, false, queryTimeout, null, statementCacheSize, 10, supplementalJDBCTrace, null, syncQueryTimeoutWithTransactionTimeout, false, transactional, true]"
    strings[18] = "{password=******, databaseName=overtime, allowPublicKeyRetrieval=false, serverName=localhost, serverTimezone=UTC, user=overtimeuser, portNumber=3306, useSSL=false}"
    strings[19] = "Vendor implementation class:"
    strings[20] = "  class com.mysql.cj.jdbc.MysqlConnectionPoolDataSource
"
    strings[21] = "Type:"
    strings[22] = "  interface javax.sql.ConnectionPoolDataSource
"
    strings[23] = "Underlying DataSource or Driver Object: com.mysql.cj.jdbc.MysqlConnectionPoolDataSource@6b1d110"
    strings[24] = "  com.mysql.cj.jdbc.MysqlConnectionPoolDataSource@6b1d110
"
    strings[25] = "Instance id:"
    strings[26] = "  1
"
    strings[27] = "Log Writer:"
    strings[28] = "  null
"
    strings[29] = "Counter of fatal connection errors on ManagedConnections created by this MCF:"
    strings[30] = "  0
"
  ivNonJtaDataSource = null
  ivMappingFileNames = class java.util.ArrayList@57100a87
    serialVersionUID = "/* Could not access serialVersionUID */"
    DEFAULT_CAPACITY = "/* Could not access DEFAULT_CAPACITY */"
    EMPTY_ELEMENTDATA = "/* Could not access EMPTY_ELEMENTDATA */"
    DEFAULTCAPACITY_EMPTY_ELEMENTDATA = "/* Could not access DEFAULTCAPACITY_EMPTY_ELEMENTDATA */"
    elementData = "/* Could not access elementData */"
    size = "/* Could not access size */"
    modCount = "/* Could not access modCount */"
  ivJarFileURLs = class java.util.ArrayList@70eaf443
    serialVersionUID = "/* Could not access serialVersionUID */"
    DEFAULT_CAPACITY = "/* Could not access DEFAULT_CAPACITY */"
    EMPTY_ELEMENTDATA = "/* Could not access EMPTY_ELEMENTDATA */"
    DEFAULTCAPACITY_EMPTY_ELEMENTDATA = "/* Could not access DEFAULTCAPACITY_EMPTY_ELEMENTDATA */"
    elementData = "/* Could not access elementData */"
    size = "/* Could not access size */"
    modCount = "/* Could not access modCount */"
  ivManagedClassNames = class java.util.ArrayList@4ba569a1
    serialVersionUID = "/* Could not access serialVersionUID */"
    DEFAULT_CAPACITY = "/* Could not access DEFAULT_CAPACITY */"
    EMPTY_ELEMENTDATA = "/* Could not access EMPTY_ELEMENTDATA */"
    DEFAULTCAPACITY_EMPTY_ELEMENTDATA = "/* Could not access DEFAULTCAPACITY_EMPTY_ELEMENTDATA */"
    elementData = "/* Could not access elementData */"
    size = "/* Could not access size */"
    modCount = "/* Could not access modCount */"
  ivExcludeUnlistedClasses = false
  ivProperties = class java.util.Properties@39306e21
    serialVersionUID = "/* Could not access serialVersionUID */"
    UNSAFE = "/* Could not access UNSAFE */"
    defaults = "/* Could not access defaults */"
    map = "/* Could not access map */"
    table = "/* Could not access table */"
    count = "/* Could not access count */"
    threshold = "/* Could not access threshold */"
    loadFactor = "/* Could not access loadFactor */"
    modCount = "/* Could not access modCount */"
    serialVersionUID = "/* Could not access serialVersionUID */"
    MAX_ARRAY_SIZE = "/* Could not access MAX_ARRAY_SIZE */"
    keySet = "/* Could not access keySet */"
    entrySet = "/* Could not access entrySet */"
    values = "/* Could not access values */"
    KEYS = "/* Could not access KEYS */"
    VALUES = "/* Could not access VALUES */"
    ENTRIES = "/* Could not access ENTRIES */"
  ivJtaDataSourceJNDIName = "jdbc/tuappDS"
  ivNonJtaDataSourceJNDIName = null
  ivPUnitRootURL = class java.net.URL@6ea30fb2
    BUILTIN_HANDLERS_PREFIX = "/* Could not access BUILTIN_HANDLERS_PREFIX */"
    serialVersionUID = "/* Could not access serialVersionUID */"
    protocolPathProp = "/* Could not access protocolPathProp */"
    protocol = "/* Could not access protocol */"
    host = "/* Could not access host */"
    port = "/* Could not access port */"
    file = "/* Could not access file */"
    query = "/* Could not access query */"
    authority = "/* Could not access authority */"
    path = "/* Could not access path */"
    userInfo = "/* Could not access userInfo */"
    ref = "/* Could not access ref */"
    hostAddress = "/* Could not access hostAddress */"
    handler = "/* Could not access handler */"
    hashCode = "/* Could not access hashCode */"
    tempState = "/* Could not access tempState */"
    factory = "/* Could not access factory */"
    defaultFactory = "/* Could not access defaultFactory */"
    handlers = "/* Could not access handlers */"
    streamHandlerLock = "/* Could not access streamHandlerLock */"
    serialPersistentFields = "/* Could not access serialPersistentFields */"
  ivClassLoader = class com.ibm.ws.classloading.internal.AppClassLoader@7064d970
    tc = class com.ibm.websphere.ras.TraceComponent@77901578
      strings[0] = "TraceComponent[com.ibm.ws.classloading.internal.AppClassLoader,class com.ibm.ws.classloading.internal.AppClassLoader,[ClassLoadingService],com.ibm.ws.classloading.internal.resources.ClassLoadingServiceMessages,null]"
    forbiddenClassNames = class java.util.Collections$UnmodifiableSet@1cb1494e
      serialVersionUID = "/* Could not access serialVersionUID */"
      serialVersionUID = "/* Could not access serialVersionUID */"
      c = "/* Could not access c */"
    FORBIDDEN_PROPERTIES = "forbidden.properties"
    disableSharedClassesCache = false
    PARENT_FIRST_SEARCH_ORDER = class java.util.Collections$UnmodifiableRandomAccessList@584afe0d
      serialVersionUID = "/* Could not access serialVersionUID */"
      serialVersionUID = "/* Could not access serialVersionUID */"
      list = "/* Could not access list */"
      serialVersionUID = "/* Could not access serialVersionUID */"
      c = "/* Could not access c */"
    packagesDefined = class java.util.Collections$SetFromMap@74d43561
      m = "/* Could not access m */"
      s = "/* Could not access s */"
      serialVersionUID = "/* Could not access serialVersionUID */"
    CLASS_LOADING_TRACE_PREFIX = "com.ibm.ws.class.load."
    DEFAULT_PACKAGE = "default.package"
    perPackageClassLoadingTraceComponents = class java.util.concurrent.ConcurrentHashMap@32f6a3d3
      serialVersionUID = "/* Could not access serialVersionUID */"
      MAXIMUM_CAPACITY = "/* Could not access MAXIMUM_CAPACITY */"
      DEFAULT_CAPACITY = "/* Could not access DEFAULT_CAPACITY */"
      MAX_ARRAY_SIZE = "/* Could not access MAX_ARRAY_SIZE */"
      DEFAULT_CONCURRENCY_LEVEL = "/* Could not access DEFAULT_CONCURRENCY_LEVEL */"
      LOAD_FACTOR = "/* Could not access LOAD_FACTOR */"
      TREEIFY_THRESHOLD = "/* Could not access TREEIFY_THRESHOLD */"
      UNTREEIFY_THRESHOLD = "/* Could not access UNTREEIFY_THRESHOLD */"
      MIN_TREEIFY_CAPACITY = "/* Could not access MIN_TREEIFY_CAPACITY */"
      MIN_TRANSFER_STRIDE = "/* Could not access MIN_TRANSFER_STRIDE */"
      RESIZE_STAMP_BITS = "/* Could not access RESIZE_STAMP_BITS */"
      MAX_RESIZERS = "/* Could not access MAX_RESIZERS */"
      RESIZE_STAMP_SHIFT = "/* Could not access RESIZE_STAMP_SHIFT */"
      MOVED = "/* Could not access MOVED */"
      TREEBIN = "/* Could not access TREEBIN */"
      RESERVED = "/* Could not access RESERVED */"
      HASH_BITS = "/* Could not access HASH_BITS */"
      NCPU = "/* Could not access NCPU */"
      serialPersistentFields = "/* Could not access serialPersistentFields */"
      table = "/* Could not access table */"
      nextTable = "/* Could not access nextTable */"
      baseCount = "/* Could not access baseCount */"
      sizeCtl = "/* Could not access sizeCtl */"
      transferIndex = "/* Could not access transferIndex */"
      cellsBusy = "/* Could not access cellsBusy */"
      counterCells = "/* Could not access counterCells */"
      keySet = "/* Could not access keySet */"
      values = "/* Could not access values */"
      entrySet = "/* Could not access entrySet */"
      U = "/* Could not access U */"
      SIZECTL = "/* Could not access SIZECTL */"
      TRANSFERINDEX = "/* Could not access TRANSFERINDEX */"
      BASECOUNT = "/* Could not access BASECOUNT */"
      CELLSBUSY = "/* Could not access CELLSBUSY */"
      CELLVALUE = "/* Could not access CELLVALUE */"
      ABASE = "/* Could not access ABASE */"
      ASHIFT = "/* Could not access ASHIFT */"
      keySet = "/* Could not access keySet */"
      values = "/* Could not access values */"
    config = class com.ibm.ws.classloading.internal.ClassLoaderConfigurationImpl@241b67fa
      DEFAULT_PROTECTION_DOMAIN = class java.security.ProtectionDomain@c23e94d
      delegateLast = false
      includeAppExtensions = true
      id = class com.ibm.ws.classloading.serializable.ClassLoaderIdentityImpl@513657ce
      parentId = class com.ibm.ws.classloading.serializable.ClassLoaderIdentityImpl@4b1e294b
      sharedLibraries = class java.util.ArrayList@3547649
      commonLibraries = class java.util.Collections$EmptyList@10ae9eef
      providers = class java.util.Collections$EmptyList@10ae9eef
      nativeLibraryContainers = class java.util.Collections$EmptyList@10ae9eef
      protectionDomain = class java.security.ProtectionDomain@73c52313
      serialVersionUID = 9091690180200375339
      $$$tc$$$ = class com.ibm.websphere.ras.TraceComponent@6628682b
    privateLibraries = null
    delegateLoaders = class com.ibm.ws.classloading.internal.util.CompositeIterable@2bae4fe2
      iterables = class java.util.Arrays$ArrayList@2b3e6c8e
      serialVersionUID = -1227195994638150837
      $$$tc$$$ = class com.ibm.websphere.ras.TraceComponent@51899c47
    nativeLibraryFiles = class java.util.ArrayList@7e8408cb
      serialVersionUID = "/* Could not access serialVersionUID */"
      DEFAULT_CAPACITY = "/* Could not access DEFAULT_CAPACITY */"
      EMPTY_ELEMENTDATA = "/* Could not access EMPTY_ELEMENTDATA */"
      DEFAULTCAPACITY_EMPTY_ELEMENTDATA = "/* Could not access DEFAULTCAPACITY_EMPTY_ELEMENTDATA */"
      elementData = "/* Could not access elementData */"
      size = "/* Could not access size */"
      modCount = "/* Could not access modCount */"
    transformers = class java.util.ArrayList@79ebd4f3
      serialVersionUID = "/* Could not access serialVersionUID */"
      DEFAULT_CAPACITY = "/* Could not access DEFAULT_CAPACITY */"
      EMPTY_ELEMENTDATA = "/* Could not access EMPTY_ELEMENTDATA */"
      DEFAULTCAPACITY_EMPTY_ELEMENTDATA = "/* Could not access DEFAULTCAPACITY_EMPTY_ELEMENTDATA */"
      elementData = "/* Could not access elementData */"
      size = "/* Could not access size */"
      modCount = "/* Could not access modCount */"
    systemTransformers = class java.util.concurrent.CopyOnWriteArrayList@2c1f0034
      serialVersionUID = "/* Could not access serialVersionUID */"
      lock = "/* Could not access lock */"
      array = "/* Could not access array */"
    apiAccess = class com.ibm.ws.classloading.internal.AppClassLoader@19ee1d1
      tc = class com.ibm.websphere.ras.TraceComponent@77901578
      forbiddenClassNames = class java.util.Collections$UnmodifiableSet@1cb1494e
      FORBIDDEN_PROPERTIES = "forbidden.properties"
      disableSharedClassesCache = false
      PARENT_FIRST_SEARCH_ORDER = class java.util.Collections$UnmodifiableRandomAccessList@584afe0d
      packagesDefined = class java.util.Collections$SetFromMap@4dcda003
      CLASS_LOADING_TRACE_PREFIX = "com.ibm.ws.class.load."
      DEFAULT_PACKAGE = "default.package"
      perPackageClassLoadingTraceComponents = class java.util.concurrent.ConcurrentHashMap@6cbeab4c
      config = class com.ibm.ws.classloading.internal.ClassLoaderConfigurationImpl@4e2792f
      privateLibraries = null
      delegateLoaders = class com.ibm.ws.classloading.internal.util.CompositeIterable@5ce03f21
      nativeLibraryFiles = class java.util.ArrayList@7c8d4106
      transformers = class java.util.ArrayList@65f07110
      systemTransformers = class java.util.concurrent.CopyOnWriteArrayList@2c1f0034
      apiAccess = class com.ibm.ws.classloading.internal.GatewayClassLoader@6589b516
      generator = class com.ibm.ws.classloading.internal.ClassGeneratorManager@15dd1c3c
      protectionDomains = class java.util.concurrent.ConcurrentHashMap@72cc5780
      hook = null
      serialVersionUID = 9086765173324157410
      checkpointPhase = class io.openliberty.checkpoint.spi.CheckpointPhase@1244f94
      tc = class com.ibm.websphere.ras.TraceComponent@fd9ad6b
      smartClassPath = class com.ibm.ws.classloading.internal.ContainerClassLoader$SmartClassPathImpl@2f8877cf
      nativeLibraryContainers = class java.util.ArrayList@399b8649
      redefiner = class com.ibm.ws.classloading.internal.util.ClassRedefiner@3001479a
      jarProtocol = "wsjar:"
      mapCreationQueue = class java.util.concurrent.Executors$AutoShutdownDelegatedExecutorService@3b29f2ac
      serialVersionUID = 251246017270836472
      parent = class com.ibm.ws.classloading.internal.GatewayClassLoader@6589b516
      serialVersionUID = -5610156362562585411
      $$$tc$$$ = class com.ibm.websphere.ras.TraceComponent@fe16ed1
      pdcache = "/* Could not access pdcache */"
    generator = class com.ibm.ws.classloading.internal.ClassGeneratorManager@15dd1c3c
      tc = class com.ibm.websphere.ras.TraceComponent@13ac254e
      generatorRefs = class com.ibm.wsspi.kernel.service.utils.ConcurrentServiceReferenceSet@4f7cee91
      serialVersionUID = 4152663586056483310
    protectionDomains = class java.util.concurrent.ConcurrentHashMap@6305883
      serialVersionUID = "/* Could not access serialVersionUID */"
      MAXIMUM_CAPACITY = "/* Could not access MAXIMUM_CAPACITY */"
      DEFAULT_CAPACITY = "/* Could not access DEFAULT_CAPACITY */"
      MAX_ARRAY_SIZE = "/* Could not access MAX_ARRAY_SIZE */"
      DEFAULT_CONCURRENCY_LEVEL = "/* Could not access DEFAULT_CONCURRENCY_LEVEL */"
      LOAD_FACTOR = "/* Could not access LOAD_FACTOR */"
      TREEIFY_THRESHOLD = "/* Could not access TREEIFY_THRESHOLD */"
      UNTREEIFY_THRESHOLD = "/* Could not access UNTREEIFY_THRESHOLD */"
      MIN_TREEIFY_CAPACITY = "/* Could not access MIN_TREEIFY_CAPACITY */"
      MIN_TRANSFER_STRIDE = "/* Could not access MIN_TRANSFER_STRIDE */"
      RESIZE_STAMP_BITS = "/* Could not access RESIZE_STAMP_BITS */"
      MAX_RESIZERS = "/* Could not access MAX_RESIZERS */"
      RESIZE_STAMP_SHIFT = "/* Could not access RESIZE_STAMP_SHIFT */"
      MOVED = "/* Could not access MOVED */"
      TREEBIN = "/* Could not access TREEBIN */"
      RESERVED = "/* Could not access RESERVED */"
      HASH_BITS = "/* Could not access HASH_BITS */"
      NCPU = "/* Could not access NCPU */"
      serialPersistentFields = "/* Could not access serialPersistentFields */"
      table = "/* Could not access table */"
      nextTable = "/* Could not access nextTable */"
      baseCount = "/* Could not access baseCount */"
      sizeCtl = "/* Could not access sizeCtl */"
      transferIndex = "/* Could not access transferIndex */"
      cellsBusy = "/* Could not access cellsBusy */"
      counterCells = "/* Could not access counterCells */"
      keySet = "/* Could not access keySet */"
      values = "/* Could not access values */"
      entrySet = "/* Could not access entrySet */"
      U = "/* Could not access U */"
      SIZECTL = "/* Could not access SIZECTL */"
      TRANSFERINDEX = "/* Could not access TRANSFERINDEX */"
      BASECOUNT = "/* Could not access BASECOUNT */"
      CELLSBUSY = "/* Could not access CELLSBUSY */"
      CELLVALUE = "/* Could not access CELLVALUE */"
      ABASE = "/* Could not access ABASE */"
      ASHIFT = "/* Could not access ASHIFT */"
      keySet = "/* Could not access keySet */"
      values = "/* Could not access values */"
    hook = null
    serialVersionUID = 9086765173324157410
    checkpointPhase = class io.openliberty.checkpoint.spi.CheckpointPhase@1244f94
      AFTER_APP_START = class io.openliberty.checkpoint.spi.CheckpointPhase@57570c35
      BEFORE_APP_START = class io.openliberty.checkpoint.spi.CheckpointPhase@46afff0e
      INACTIVE = class io.openliberty.checkpoint.spi.CheckpointPhase@1244f94
      CHECKPOINT_PROPERTY = "io.openliberty.checkpoint"
      CHECKPOINT_ACTIVE_FILTER = "(!(io.openliberty.checkpoint=INACTIVE))"
      CHECKPOINT_RESTORED_PROPERTY = "io.openliberty.checkpoint.restored"
      CONDITION_PROCESS_RUNNING_ID = "io.openliberty.process.running"
      restored = true
      noMoreAddHooks = true
      singleThreadedHooks = class java.util.ArrayList@20d3da3c
      multiThreadedHooks = class java.util.ArrayList@19bd06a7
      THE_PHASE = class io.openliberty.checkpoint.spi.CheckpointPhase@1244f94
      DEBUG = false
      $VALUES = class io.openliberty.checkpoint.spi.CheckpointPhase[3]
      name = "/* Could not access name */"
      ordinal = "/* Could not access ordinal */"
      hash = "/* Could not access hash */"
    tc = class com.ibm.websphere.ras.TraceComponent@fd9ad6b
      strings[0] = "TraceComponent[com.ibm.ws.classloading.internal.ContainerClassLoader,class com.ibm.ws.classloading.internal.ContainerClassLoader,[ClassLoadingService],com.ibm.ws.classloading.internal.resources.ClassLoadingServiceMessages,null]"
    smartClassPath = class com.ibm.ws.classloading.internal.ContainerClassLoader$SmartClassPathImpl@26cf4f0f
      rwLock = class java.util.concurrent.locks.ReentrantReadWriteLock@6ef31130
      outstandingContainers = class java.util.concurrent.atomic.AtomicInteger@580cd9ad
      usePackageMap = true
      maxLastNotFound = 250
      maxLastFound = 900
      maxLastReallyNotFound = 900
      propsInUse = false
      classPath = class java.util.concurrent.CopyOnWriteArrayList@c1a7cd2
      MAX_LASTNOTFOUND = 250
      lastNotFound = class java.util.concurrent.CopyOnWriteArrayList@2d03f9ca
      MAX_LASTFOUND = 900
      lastFoundURL = class java.util.Collections$SynchronizedMap@5b8f17cb
      MAX_LASTREALLYNOTFOUND = 900
      lastReallyNotFoundURL = class java.util.Collections$SynchronizedMap@65707ca6
      packageMap = class java.util.HashMap@3a537036
      containers = class java.util.Collections$SetFromMap@8ac131f
      serialVersionUID = 1586111247084489525
      $$$tc$$$ = class com.ibm.websphere.ras.TraceComponent@69b74303
    nativeLibraryContainers = class java.util.ArrayList@22bfef15
      serialVersionUID = "/* Could not access serialVersionUID */"
      DEFAULT_CAPACITY = "/* Could not access DEFAULT_CAPACITY */"
      EMPTY_ELEMENTDATA = "/* Could not access EMPTY_ELEMENTDATA */"
      DEFAULTCAPACITY_EMPTY_ELEMENTDATA = "/* Could not access DEFAULTCAPACITY_EMPTY_ELEMENTDATA */"
      elementData = "/* Could not access elementData */"
      size = "/* Could not access size */"
      modCount = "/* Could not access modCount */"
    redefiner = class com.ibm.ws.classloading.internal.util.ClassRedefiner@3001479a
      tc = class com.ibm.websphere.ras.TraceComponent@67b2203
      LS = "
"
      inst = class jdk.proxy2.$Proxy4@5f05189b
      serialVersionUID = 2420101865139508526
    jarProtocol = "wsjar:"
    mapCreationQueue = class java.util.concurrent.Executors$AutoShutdownDelegatedExecutorService@3b29f2ac
      cleanable = "/* Could not access cleanable */"
      e = "/* Could not access e */"
    serialVersionUID = 251246017270836472
    parent = class com.ibm.ws.classloading.internal.AppClassLoader@19ee1d1
    serialVersionUID = -5610156362562585411
    $$$tc$$$ = class com.ibm.websphere.ras.TraceComponent@fe16ed1
      strings[0] = "TraceComponent[com.ibm.ws.classloading.internal.LibertyLoader,class com.ibm.ws.classloading.internal.LibertyLoader,[ClassLoadingService],com.ibm.ws.classloading.internal.resources.ClassLoadingServiceMessages,null]"
    pdcache = "/* Could not access pdcache */"
  tempClassLoader = null
  ivTransformers = class java.util.concurrent.CopyOnWriteArrayList@494ca6c9
    serialVersionUID = "/* Could not access serialVersionUID */"
    lock = "/* Could not access lock */"
    array = "/* Could not access array */"
  xmlSchemaVersion = "3.0"
  ivCaching = class jakarta.persistence.SharedCacheMode@29c43620
    ALL = class jakarta.persistence.SharedCacheMode@3240d5f1
      ALL = class jakarta.persistence.SharedCacheMode@3240d5f1
      NONE = class jakarta.persistence.SharedCacheMode@17f4b7f2
      ENABLE_SELECTIVE = class jakarta.persistence.SharedCacheMode@6aa2b29a
      DISABLE_SELECTIVE = class jakarta.persistence.SharedCacheMode@4ef4aca6
      UNSPECIFIED = class jakarta.persistence.SharedCacheMode@29c43620
      $VALUES = class jakarta.persistence.SharedCacheMode[5]
      name = "/* Could not access name */"
      ordinal = "/* Could not access ordinal */"
      hash = "/* Could not access hash */"
    NONE = class jakarta.persistence.SharedCacheMode@17f4b7f2
      ALL = class jakarta.persistence.SharedCacheMode@3240d5f1
      NONE = class jakarta.persistence.SharedCacheMode@17f4b7f2
      ENABLE_SELECTIVE = class jakarta.persistence.SharedCacheMode@6aa2b29a
      DISABLE_SELECTIVE = class jakarta.persistence.SharedCacheMode@4ef4aca6
      UNSPECIFIED = class jakarta.persistence.SharedCacheMode@29c43620
      $VALUES = class jakarta.persistence.SharedCacheMode[5]
      name = "/* Could not access name */"
      ordinal = "/* Could not access ordinal */"
      hash = "/* Could not access hash */"
    ENABLE_SELECTIVE = class jakarta.persistence.SharedCacheMode@6aa2b29a
      ALL = class jakarta.persistence.SharedCacheMode@3240d5f1
      NONE = class jakarta.persistence.SharedCacheMode@17f4b7f2
      ENABLE_SELECTIVE = class jakarta.persistence.SharedCacheMode@6aa2b29a
      DISABLE_SELECTIVE = class jakarta.persistence.SharedCacheMode@4ef4aca6
      UNSPECIFIED = class jakarta.persistence.SharedCacheMode@29c43620
      $VALUES = class jakarta.persistence.SharedCacheMode[5]
      name = "/* Could not access name */"
      ordinal = "/* Could not access ordinal */"
      hash = "/* Could not access hash */"
    DISABLE_SELECTIVE = class jakarta.persistence.SharedCacheMode@4ef4aca6
      ALL = class jakarta.persistence.SharedCacheMode@3240d5f1
      NONE = class jakarta.persistence.SharedCacheMode@17f4b7f2
      ENABLE_SELECTIVE = class jakarta.persistence.SharedCacheMode@6aa2b29a
      DISABLE_SELECTIVE = class jakarta.persistence.SharedCacheMode@4ef4aca6
      UNSPECIFIED = class jakarta.persistence.SharedCacheMode@29c43620
      $VALUES = class jakarta.persistence.SharedCacheMode[5]
      name = "/* Could not access name */"
      ordinal = "/* Could not access ordinal */"
      hash = "/* Could not access hash */"
    UNSPECIFIED = class jakarta.persistence.SharedCacheMode@29c43620
    $VALUES = class jakarta.persistence.SharedCacheMode[5]
      SharedCacheMode[0] = class jakarta.persistence.SharedCacheMode@3240d5f1
      SharedCacheMode[1] = class jakarta.persistence.SharedCacheMode@17f4b7f2
      SharedCacheMode[2] = class jakarta.persistence.SharedCacheMode@6aa2b29a
      SharedCacheMode[3] = class jakarta.persistence.SharedCacheMode@4ef4aca6
      SharedCacheMode[4] = class jakarta.persistence.SharedCacheMode@29c43620
    name = "/* Could not access name */"
    ordinal = "/* Could not access ordinal */"
    hash = "/* Could not access hash */"
  ivValidationMode = null
  ivEMFactory = null
  ivEMFactoryException = null
  ivCreateEMFAllowed = true
  ivEMFMap = null
  ivEMPoolMap = class java.util.HashMap@13bf045f
    serialVersionUID = "/* Could not access serialVersionUID */"
    DEFAULT_INITIAL_CAPACITY = "/* Could not access DEFAULT_INITIAL_CAPACITY */"
    MAXIMUM_CAPACITY = "/* Could not access MAXIMUM_CAPACITY */"
    DEFAULT_LOAD_FACTOR = "/* Could not access DEFAULT_LOAD_FACTOR */"
    TREEIFY_THRESHOLD = "/* Could not access TREEIFY_THRESHOLD */"
    UNTREEIFY_THRESHOLD = "/* Could not access UNTREEIFY_THRESHOLD */"
    MIN_TREEIFY_CAPACITY = "/* Could not access MIN_TREEIFY_CAPACITY */"
    table = "/* Could not access table */"
    entrySet = "/* Could not access entrySet */"
    size = "/* Could not access size */"
    modCount = "/* Could not access modCount */"
    threshold = "/* Could not access threshold */"
    loadFactor = "/* Could not access loadFactor */"
    keySet = "/* Could not access keySet */"
    values = "/* Could not access values */"
  ivEMPoolCapacity = -1
  transformExclusionRegEx = class java.lang.String[2]
    String[0] = ".*_(Stub|Tie)$"
    String[1] = ".*_(\p{XDigit}){8}$"
  transformExclusionPatterns = class java.util.regex.Pattern[2]
    Pattern[0] = class java.util.regex.Pattern@25f9b4de
      UNIX_LINES = 1
      CASE_INSENSITIVE = 2
      COMMENTS = 4
      MULTILINE = 8
      LITERAL = 16
      DOTALL = 32
      UNICODE_CASE = 64
      CANON_EQ = 128
      UNICODE_CHARACTER_CLASS = 256
      ALL_FLAGS = "/* Could not access ALL_FLAGS */"
      serialVersionUID = "/* Could not access serialVersionUID */"
      pattern = "/* Could not access pattern */"
      flags = "/* Could not access flags */"
      flags0 = "/* Could not access flags0 */"
      compiled = "/* Could not access compiled */"
      normalizedPattern = "/* Could not access normalizedPattern */"
      root = "/* Could not access root */"
      matchRoot = "/* Could not access matchRoot */"
      buffer = "/* Could not access buffer */"
      predicate = "/* Could not access predicate */"
      namedGroups = "/* Could not access namedGroups */"
      groupNodes = "/* Could not access groupNodes */"
      topClosureNodes = "/* Could not access topClosureNodes */"
      localTCNCount = "/* Could not access localTCNCount */"
      hasGroupRef = "/* Could not access hasGroupRef */"
      temp = "/* Could not access temp */"
      capturingGroupCount = "/* Could not access capturingGroupCount */"
      localCount = "/* Could not access localCount */"
      cursor = "/* Could not access cursor */"
      patternLength = "/* Could not access patternLength */"
      hasSupplementary = "/* Could not access hasSupplementary */"
      MAX_REPS = "/* Could not access MAX_REPS */"
      accept = "/* Could not access accept */"
      lastAccept = "/* Could not access lastAccept */"
      $assertionsDisabled = "/* Could not access $assertionsDisabled */"
    Pattern[1] = class java.util.regex.Pattern@6b65eb4e
      UNIX_LINES = 1
      CASE_INSENSITIVE = 2
      COMMENTS = 4
      MULTILINE = 8
      LITERAL = 16
      DOTALL = 32
      UNICODE_CASE = 64
      CANON_EQ = 128
      UNICODE_CHARACTER_CLASS = 256
      ALL_FLAGS = "/* Could not access ALL_FLAGS */"
      serialVersionUID = "/* Could not access serialVersionUID */"
      pattern = "/* Could not access pattern */"
      flags = "/* Could not access flags */"
      flags0 = "/* Could not access flags0 */"
      compiled = "/* Could not access compiled */"
      normalizedPattern = "/* Could not access normalizedPattern */"
      root = "/* Could not access root */"
      matchRoot = "/* Could not access matchRoot */"
      buffer = "/* Could not access buffer */"
      predicate = "/* Could not access predicate */"
      namedGroups = "/* Could not access namedGroups */"
      groupNodes = "/* Could not access groupNodes */"
      topClosureNodes = "/* Could not access topClosureNodes */"
      localTCNCount = "/* Could not access localTCNCount */"
      hasGroupRef = "/* Could not access hasGroupRef */"
      temp = "/* Could not access temp */"
      capturingGroupCount = "/* Could not access capturingGroupCount */"
      localCount = "/* Could not access localCount */"
      cursor = "/* Could not access cursor */"
      patternLength = "/* Could not access patternLength */"
      hasSupplementary = "/* Could not access hasSupplementary */"
      MAX_REPS = "/* Could not access MAX_REPS */"
      accept = "/* Could not access accept */"
      lastAccept = "/* Could not access lastAccept */"
      $assertionsDisabled = "/* Could not access $assertionsDisabled */"

