------Start of DE processing------ = [26/07/25, 23:10:03:290 COT]
Exception = jakarta.servlet.ServletException
Source = com.ibm.ws.webcontainer.filter.FilterInstanceWrapper.doFilter
probeid = 144
Stack Dump = jakarta.servlet.ServletException: View "/index.xhtml" could not be restored.
	at jakarta.faces.webapp.FacesServlet.service(FacesServlet.java:239)
	at com.ibm.ws.webcontainer.servlet.ServletWrapper.service(ServletWrapper.java:1260)
	at com.ibm.ws.webcontainer.servlet.ServletWrapper.handleRequest(ServletWrapper.java:748)
	at com.ibm.ws.webcontainer.servlet.ServletWrapper.handleRequest(ServletWrapper.java:445)
	at com.ibm.ws.webcontainer.filter.WebAppFilterChain.invokeTarget(WebAppFilterChain.java:197)
	at com.ibm.ws.webcontainer.filter.WebAppFilterChain.doFilter(WebAppFilterChain.java:100)
	at com.ibm.ws.security.jaspi.JaspiServletFilter.doFilter(JaspiServletFilter.java:58)
	at com.ibm.ws.webcontainer.filter.FilterInstanceWrapper.doFilter(FilterInstanceWrapper.java:203)
	at com.ibm.ws.webcontainer.filter.WebAppFilterChain.doFilter(WebAppFilterChain.java:93)
	at com.ibm.ws.webcontainer.filter.WebAppFilterManager.doFilter(WebAppFilterManager.java:1068)
	at com.ibm.ws.webcontainer.filter.WebAppFilterManager.invokeFilters(WebAppFilterManager.java:1259)
	at com.ibm.ws.webcontainer.webapp.WebApp.handleRequest(WebApp.java:5076)
	at com.ibm.ws.webcontainer.osgi.DynamicVirtualHost$2.handleRequest(DynamicVirtualHost.java:318)
	at com.ibm.ws.webcontainer.WebContainer.handleRequest(WebContainer.java:1038)
	at com.ibm.ws.webcontainer.osgi.DynamicVirtualHost$2.run(DynamicVirtualHost.java:283)
	at com.ibm.ws.http.dispatcher.internal.channel.HttpDispatcherLink$TaskWrapper.run(HttpDispatcherLink.java:1248)
	at com.ibm.ws.http.dispatcher.internal.channel.HttpDispatcherLink.wrapHandlerAndExecute(HttpDispatcherLink.java:470)
	at com.ibm.ws.http.dispatcher.internal.channel.HttpDispatcherLink.ready(HttpDispatcherLink.java:429)
	at com.ibm.ws.http.channel.internal.inbound.HttpInboundLink.handleDiscrimination(HttpInboundLink.java:569)
	at com.ibm.ws.http.channel.internal.inbound.HttpInboundLink.handleNewRequest(HttpInboundLink.java:503)
	at com.ibm.ws.http.channel.internal.inbound.HttpInboundLink.processRequest(HttpInboundLink.java:363)
	at com.ibm.ws.http.channel.internal.inbound.HttpInboundLink.ready(HttpInboundLink.java:330)
	at com.ibm.ws.tcpchannel.internal.NewConnectionInitialReadCallback.sendToDiscriminators(NewConnectionInitialReadCallback.java:169)
	at com.ibm.ws.tcpchannel.internal.NewConnectionInitialReadCallback.complete(NewConnectionInitialReadCallback.java:77)
	at com.ibm.ws.tcpchannel.internal.WorkQueueManager.requestComplete(WorkQueueManager.java:516)
	at com.ibm.ws.tcpchannel.internal.WorkQueueManager.attemptIO(WorkQueueManager.java:586)
	at com.ibm.ws.tcpchannel.internal.WorkQueueManager.workerRun(WorkQueueManager.java:970)
	at com.ibm.ws.tcpchannel.internal.WorkQueueManager$Worker.run(WorkQueueManager.java:1059)
	at com.ibm.ws.threading.internal.ExecutorServiceImpl$RunnableWrapper.run(ExecutorServiceImpl.java:247)
	at java.base/java.util.concurrent.ThreadPoolExecutor.runWorker(ThreadPoolExecutor.java:1144)
	at java.base/java.util.concurrent.ThreadPoolExecutor$Worker.run(ThreadPoolExecutor.java:642)
	at java.base/java.lang.Thread.run(Thread.java:1583)
Caused by: jakarta.faces.application.ViewExpiredException: View "/index.xhtml" could not be restored.
	at org.apache.myfaces.lifecycle.RestoreViewExecutor.execute(RestoreViewExecutor.java:183)
	at org.apache.myfaces.lifecycle.LifecycleImpl.executePhase(LifecycleImpl.java:172)
	at org.apache.myfaces.lifecycle.LifecycleImpl.execute(LifecycleImpl.java:125)
	at jakarta.faces.webapp.FacesServlet.service(FacesServlet.java:223)
	... 31 more

Dump of callerThis
Object type = com.ibm.ws.webcontainer.filter.FilterInstanceWrapper
  FILTER_STATE_UNINITIALIZED = 0
  FILTER_STATE_INITIALIZING = 1
  FILTER_STATE_AVAILABLE = 2
  FILTER_STATE_DESTROYING = 3
  FILTER_STATE_DESTROYED = 4
  FILTER_STATE_UNAVAILABLE = 5
  _filterName = "com.ibm.ws.security.jaspi.servlet.filter"
  _filterInstance = class com.ibm.ws.security.jaspi.JaspiServletFilter@554971f8
    serialVersionUID = -1292833612206940252
    $$$tc$$$ = class com.ibm.websphere.ras.TraceComponent@c231a28
      strings[0] = "TraceComponent[com.ibm.ws.security.jaspi.JaspiServletFilter,class com.ibm.ws.security.jaspi.JaspiServletFilter,[security],com.ibm.ws.security.jaspi.internal.resources.JaspiMessages,null]"
  _filterState = 2
  nServicing = class java.util.concurrent.atomic.AtomicInteger@79c17d78
    serialVersionUID = "/* Could not access serialVersionUID */"
    U = "/* Could not access U */"
    VALUE = "/* Could not access VALUE */"
    value = "/* Could not access value */"
    serialVersionUID = "/* Could not access serialVersionUID */"
  logger = class com.ibm.ws.logging.internal.WsLogger@28c495d6
    ivCachedResourceBundleName = null
    ivCachedResourceBundle = null
    ivComponent = null
    ivOrganization = null
    ivProduct = null
    ivMinimumLocalizationLevelIntValue = 625
    ivTC = class com.ibm.websphere.ras.TraceComponent@7b3e84f9
      strings[0] = "TraceComponent[com.ibm.ws.webcontainer.filter,class com.ibm.wsspi.webcontainer.logging.LoggerFactory$1,[com.ibm.ws.webcontainer.filter],null,null]"
    loggerRegistrationComponent = class java.lang.ThreadLocal@7c49d23b
      TRACE_VTHREAD_LOCALS = "/* Could not access TRACE_VTHREAD_LOCALS */"
      threadLocalHashCode = "/* Could not access threadLocalHashCode */"
      nextHashCode = "/* Could not access nextHashCode */"
      HASH_INCREMENT = "/* Could not access HASH_INCREMENT */"
      $assertionsDisabled = "/* Could not access $assertionsDisabled */"
    emptyHandlers = "/* Could not access emptyHandlers */"
    offValue = "/* Could not access offValue */"
    SYSTEM_LOGGER_RB_NAME = "/* Could not access SYSTEM_LOGGER_RB_NAME */"
    SYSTEM_BUNDLE = "/* Could not access SYSTEM_BUNDLE */"
    NO_RESOURCE_BUNDLE = "/* Could not access NO_RESOURCE_BUNDLE */"
    config = "/* Could not access config */"
    manager = "/* Could not access manager */"
    name = "/* Could not access name */"
    loggerBundle = "/* Could not access loggerBundle */"
    anonymous = "/* Could not access anonymous */"
    catalogRef = "/* Could not access catalogRef */"
    catalogName = "/* Could not access catalogName */"
    catalogLocale = "/* Could not access catalogLocale */"
    treeLock = "/* Could not access treeLock */"
    parent = "/* Could not access parent */"
    kids = "/* Could not access kids */"
    callerModuleRef = "/* Could not access callerModuleRef */"
    isSystemLogger = "/* Could not access isSystemLogger */"
    GLOBAL_LOGGER_NAME = "global"
    global = class java.util.logging.Logger@55455c38
      emptyHandlers = "/* Could not access emptyHandlers */"
      offValue = "/* Could not access offValue */"
      SYSTEM_LOGGER_RB_NAME = "/* Could not access SYSTEM_LOGGER_RB_NAME */"
      SYSTEM_BUNDLE = "/* Could not access SYSTEM_BUNDLE */"
      NO_RESOURCE_BUNDLE = "/* Could not access NO_RESOURCE_BUNDLE */"
      config = "/* Could not access config */"
      manager = "/* Could not access manager */"
      name = "/* Could not access name */"
      loggerBundle = "/* Could not access loggerBundle */"
      anonymous = "/* Could not access anonymous */"
      catalogRef = "/* Could not access catalogRef */"
      catalogName = "/* Could not access catalogName */"
      catalogLocale = "/* Could not access catalogLocale */"
      treeLock = "/* Could not access treeLock */"
      parent = "/* Could not access parent */"
      kids = "/* Could not access kids */"
      callerModuleRef = "/* Could not access callerModuleRef */"
      isSystemLogger = "/* Could not access isSystemLogger */"
      GLOBAL_LOGGER_NAME = "global"
      global = class java.util.logging.Logger@55455c38
  CLASS_NAME = "com.ibm.ws.webcontainer.filter.FilterInstanceWrapper"
  _filterEvent = null
  _filterConfig = class com.ibm.ws.webcontainer.filter.FilterConfig@274c68b3
    tc = class com.ibm.websphere.ras.TraceComponent@232ebdbe
      strings[0] = "TraceComponent[com.ibm.ws.webcontainer.filter.FilterConfig,class com.ibm.ws.webcontainer.filter.FilterConfig,[webcontainer],com.ibm.ws.webcontainer.resources.LShimMessages,null]"
    dispatchMode = null
    filterClassLoader = null
    isInternal = false
    webAppConfig = class com.ibm.ws.webcontainer.osgi.webapp.WebAppConfiguration@1584c74b
      webModuleMetaData = class com.ibm.ws.webcontainer.osgi.metadata.WebModuleMetaDataImpl@28455818
      webComponentMetaData = class com.ibm.ws.webcontainer.osgi.metadata.WebComponentMetaDataImpl@27f64ddc
      dVirtualHost = class com.ibm.ws.webcontainer.osgi.DynamicVirtualHost@1165be97
      orderedLibPaths = class java.util.Collections$UnmodifiableRandomAccessList@1abdd03d
      bundleHeaders = null
      cdiEnabled = true
      CLASS_NAME = "com.ibm.ws.webcontainer.webapp.WebAppConfiguration"
      logger = class com.ibm.ws.logging.internal.WsLogger@13ae3792
      tc = class com.ibm.websphere.ras.TraceComponent@23fdc694
      nls = class com.ibm.ejs.ras.TraceNLS@66374e43
      version = 60
      contextRoot = "/app-overtime"
      isDefaultContextRootUsed = false
      sessionTimeout = 0
      moduleSessionTimeoutSet = false
      moduleSessionTrackingModeSet = false
      sessionCookieConfig = class io.openliberty.session.impl.SessionCookieConfigImpl60@1fea62a6
      hasProgrammaticCookieConfig = false
      sessionDefaultTrackingModeSet = class java.util.RegularEnumSet@2f0a894
      sessionManagerConfig = class com.ibm.ws.session.SessionManagerConfig@27d6fe3a
      displayName = "tuapp"
      description = null
      reloadInterval = 0
      distributable = false
      denyUncoveredHttpMethods = false
      reloadingEnabled = false
      serveServletsByClassnameEnabled = false
      defaultErrorPage = null
      additionalClassPath = null
      fileServingEnabled = null
      directoryBrowsingEnabled = false
      autoRequestEncoding = false
      autoResponseEncoding = false
      autoLoadFilters = false
      requestListeners = null
      requestAttributeListeners = null
      sessionListeners = null
      localeMap = null
      moduleName = "app-overtime"
      j2eeModuleName = "app-overtime.war"
      moduleId = null
      isSyncToThreadEnabled = false
      encodeDispatchedRequestURI = false
      isSystemApp = false
      ardEnabled = false
      ardDispatchType = null
      listeners = class java.util.ArrayList@32906fdc
      welcomeFileList = class java.util.ArrayList@dab36ca
      servletMappings = class java.util.HashMap@41988a8b
      lastIndexBeforeDeclaredFilters = 1
      filterMappings = class java.util.ArrayList@462b3e24
      servletInfo = class java.util.concurrent.ConcurrentHashMap@777457b2
      filterInfo = class java.util.HashMap@23bd32f0
      mimeMappings = class java.util.HashMap@26f428de
      mimeFilters = null
      isMimeFilteringEnabled = false
      theWebGroup = null
      jspAttributes = class java.util.HashMap@3931f83a
      fileServingAttributes = class java.util.HashMap@6cade169
      invokerAttributes = class java.util.HashMap@264d64be
      contextParams = class java.util.HashMap@21f80a71
      virtualHost = "default_host"
      exceptionErrorPages = class java.util.HashMap@173ed65c
      codeErrorPages = class java.util.HashMap@141bdb7b
      tagLibList = null
      precompileJsps = false
      webApp = class com.ibm.ws.webcontainer40.osgi.webapp.WebApp40@294562d
      virtualHostList = class java.util.Collections$EmptyList@3ea14785
      appStartupWeight = 0
      moduleStartupWeight = 0
      metaDataComplete = false
      classesToScan = class java.util.ArrayList@593e35d2
      uriFilterMappingInfos = class java.util.ArrayList@38740706
      servletFilterMappingInfos = null
      dynamicServletRegistrationMap = class java.util.HashMap@5919ba62
      applicationName = "app-overtime"
      libBinPathList = class java.util.ArrayList@13936239
      webXmlDefinedListeners = class java.util.HashSet@3b2b453c
      allRefs = class java.util.EnumMap@23ff2968
      allRefBindings = class java.util.EnumMap@37214ddf
      envEntryValues = class java.util.HashMap@3fab63a8
      resourceRefConfigList = null
      disallowAllFileServingProp = "false"
      disallowServeServletsByClassnameProp = "true"
      disableStaticMappingCache = false
      jspCachedLocations = class java.util.HashMap@5e48c3c4
      primedSTSHeader = "NoValue"
      enablemultireadofpostdata = false
      requestEncoding = null
      responseEncoding = null
      NULLSERVLETNAME = "com.ibm.ws.webcontainer.NullServletName"
      skipEncodedCharVerification = false
      _id = "WebAppGeneratedId4"
      _attributes = null
      serialVersionUID = 7511545662945734886
      $$$tc$$$ = class com.ibm.websphere.ras.TraceComponent@1af28147
    filter = null
    filterClass = class java.lang.Class@13939859
      ANNOTATION = "/* Could not access ANNOTATION */"
      ENUM = "/* Could not access ENUM */"
      SYNTHETIC = "/* Could not access SYNTHETIC */"
      cachedConstructor = "/* Could not access cachedConstructor */"
      name = "/* Could not access name */"
      module = "/* Could not access module */"
      packageName = "/* Could not access packageName */"
      componentType = "/* Could not access componentType */"
      allPermDomain = "/* Could not access allPermDomain */"
      reflectionData = "/* Could not access reflectionData */"
      classRedefinedCount = "/* Could not access classRedefinedCount */"
      genericInfo = "/* Could not access genericInfo */"
      EMPTY_CLASS_ARRAY = "/* Could not access EMPTY_CLASS_ARRAY */"
      serialVersionUID = "/* Could not access serialVersionUID */"
      serialPersistentFields = "/* Could not access serialPersistentFields */"
      reflectionFactory = "/* Could not access reflectionFactory */"
      enumConstants = "/* Could not access enumConstants */"
      enumConstantDirectory = "/* Could not access enumConstantDirectory */"
      annotationData = "/* Could not access annotationData */"
      annotationType = "/* Could not access annotationType */"
      classValueMap = "/* Could not access classValueMap */"
    urlPatternMappings = class java.util.ArrayList@49ca186d
      serialVersionUID = "/* Could not access serialVersionUID */"
      DEFAULT_CAPACITY = "/* Could not access DEFAULT_CAPACITY */"
      EMPTY_ELEMENTDATA = "/* Could not access EMPTY_ELEMENTDATA */"
      DEFAULTCAPACITY_EMPTY_ELEMENTDATA = "/* Could not access DEFAULTCAPACITY_EMPTY_ELEMENTDATA */"
      elementData = "/* Could not access elementData */"
      size = "/* Could not access size */"
      modCount = "/* Could not access modCount */"
    servletNameMappings = null
    nls = class com.ibm.ejs.ras.TraceNLS@74e3d081
      resolver = class com.ibm.ws.logging.internal.TraceNLSResolver@73d6a75d
      finder = null
      ivBundleName = "com.ibm.ws.webcontainer.resources.Messages"
      caller = class java.lang.Class@4ca40d32
    logger = class com.ibm.ws.logging.internal.WsLogger@4572ef63
      ivCachedResourceBundleName = "com.ibm.ws.webcontainer.resources.Messages"
      ivCachedResourceBundle = class com.ibm.ws.webcontainer.resources.Messages_es@44dbebfc
      ivComponent = null
      ivOrganization = null
      ivProduct = null
      ivMinimumLocalizationLevelIntValue = 625
      ivTC = class com.ibm.websphere.ras.TraceComponent@7f2815bb
      loggerRegistrationComponent = class java.lang.ThreadLocal@7c49d23b
      emptyHandlers = "/* Could not access emptyHandlers */"
      offValue = "/* Could not access offValue */"
      SYSTEM_LOGGER_RB_NAME = "/* Could not access SYSTEM_LOGGER_RB_NAME */"
      SYSTEM_BUNDLE = "/* Could not access SYSTEM_BUNDLE */"
      NO_RESOURCE_BUNDLE = "/* Could not access NO_RESOURCE_BUNDLE */"
      config = "/* Could not access config */"
      manager = "/* Could not access manager */"
      name = "/* Could not access name */"
      loggerBundle = "/* Could not access loggerBundle */"
      anonymous = "/* Could not access anonymous */"
      catalogRef = "/* Could not access catalogRef */"
      catalogName = "/* Could not access catalogName */"
      catalogLocale = "/* Could not access catalogLocale */"
      treeLock = "/* Could not access treeLock */"
      parent = "/* Could not access parent */"
      kids = "/* Could not access kids */"
      callerModuleRef = "/* Could not access callerModuleRef */"
      isSystemLogger = "/* Could not access isSystemLogger */"
      GLOBAL_LOGGER_NAME = "global"
      global = class java.util.logging.Logger@55455c38
    CLASS_NAME = "com.ibm.ws.webcontainer.servlet.TargetConfig"
    initParams = null
    fileName = null
    displayName = "com.ibm.ws.security.jaspi.servlet.filter"
    name = "com.ibm.ws.security.jaspi.servlet.filter"
    description = null
    smallIcon = null
    largeIcon = null
    context = class com.ibm.ws.webcontainer40.facade.ServletContextFacade40@248b2260
      context = class com.ibm.ws.webcontainer40.osgi.webapp.WebApp40@294562d
    className = null
    asyncSupported = true
    _id = "com.ibm.ws.security.jaspi.servlet.filter"
    _attributes = null
    serialVersionUID = 7511545662945734886
    $$$tc$$$ = class com.ibm.websphere.ras.TraceComponent@1af28147
      strings[0] = "TraceComponent[com.ibm.ws.container.BaseConfiguration,class com.ibm.ws.container.BaseConfiguration,[],null,null]"
  _eventSource = class com.ibm.ws.webcontainer.webapp.WebAppEventSource@427a5d2d
    _invocationListeners = class com.ibm.ws.webcontainer.util.EventListeners@426050c
      EMPTY_LISTENERS = interface java.util.EventListener[0]
      logger = class com.ibm.ws.logging.internal.WsLogger@257247e9
      CLASS_NAME = "com.ibm.ws.webcontainer.util.EventListeners"
      listeners = interface java.util.EventListener[0]
    _servletListeners = class com.ibm.ws.webcontainer.util.EventListeners@3954ffe2
      EMPTY_LISTENERS = interface java.util.EventListener[0]
      logger = class com.ibm.ws.logging.internal.WsLogger@257247e9
      CLASS_NAME = "com.ibm.ws.webcontainer.util.EventListeners"
      listeners = interface java.util.EventListener[0]
    _errorListeners = class com.ibm.ws.webcontainer.util.EventListeners@5d866d43
      EMPTY_LISTENERS = interface java.util.EventListener[0]
      logger = class com.ibm.ws.logging.internal.WsLogger@257247e9
      CLASS_NAME = "com.ibm.ws.webcontainer.util.EventListeners"
      listeners = interface java.util.EventListener[0]
    _applicationListeners = class com.ibm.ws.webcontainer.util.EventListeners@4548d3d4
      EMPTY_LISTENERS = interface java.util.EventListener[0]
      logger = class com.ibm.ws.logging.internal.WsLogger@257247e9
      CLASS_NAME = "com.ibm.ws.webcontainer.util.EventListeners"
      listeners = interface java.util.EventListener[0]
    _filterInvocationListeners = class com.ibm.ws.webcontainer.util.EventListeners@7172a014
      EMPTY_LISTENERS = interface java.util.EventListener[0]
      logger = class com.ibm.ws.logging.internal.WsLogger@257247e9
      CLASS_NAME = "com.ibm.ws.webcontainer.util.EventListeners"
      listeners = interface java.util.EventListener[0]
    _filterListeners = class com.ibm.ws.webcontainer.util.EventListeners@6f47fa37
      EMPTY_LISTENERS = interface java.util.EventListener[0]
      logger = class com.ibm.ws.logging.internal.WsLogger@257247e9
      CLASS_NAME = "com.ibm.ws.webcontainer.util.EventListeners"
      listeners = interface java.util.EventListener[0]
    _filterErrorListeners = class com.ibm.ws.webcontainer.util.EventListeners@1c56ee9
      EMPTY_LISTENERS = interface java.util.EventListener[0]
      logger = class com.ibm.ws.logging.internal.WsLogger@257247e9
      CLASS_NAME = "com.ibm.ws.webcontainer.util.EventListeners"
      listeners = interface java.util.EventListener[0]
  _managedObject = class com.ibm.ws.cdi.impl.managedobject.CDIManagedObject@2fca20c8
    tc = class com.ibm.websphere.ras.TraceComponent@6252d915
      strings[0] = "TraceComponent[com.ibm.ws.cdi.impl.managedobject.CDIManagedObject,class com.ibm.ws.cdi.impl.managedobject.CDIManagedObject,[JCDI],com.ibm.ws.cdi.internal.resources.CDI,null]"
    managedObject = class com.ibm.ws.security.jaspi.JaspiServletFilter@554971f8
    creationalContext = class org.jboss.weld.contexts.CreationalContextImpl@7fdf68b0
      serialVersionUID = 7375854583908262422
      SERIALIZATION_PROXY = class org.jboss.weld.contexts.CreationalContextImpl$SerializationProxy@75321452
      incompleteInstances = null
      contextual = null
      dependentInstances = class java.util.Collections$SynchronizedRandomAccessList@6a227cb7
      parentDependentInstances = class java.util.Collections$SynchronizedRandomAccessList@6f0b4c29
      parentCreationalContext = null
      destroyed = null
      resourceReferences = null
      constructorInterceptionSuppressed = false
      aroundConstructCallbacks = null
      aroundConstructInterceptionContext = null
    injectionTarget = class org.jboss.weld.injection.producer.BeanInjectionTarget@d07e08e
      bean = null
      beanManager = class org.jboss.weld.manager.BeanManagerImpl@4e5aff37
      type = class org.jboss.weld.annotated.slim.backed.BackedAnnotatedType@3778adfc
      injectionPoints = class java.util.Collections$EmptySet@451db9f1
      instantiator = class org.jboss.weld.injection.producer.DefaultInstantiator@33e6c94b
      injector = class org.jboss.weld.injection.producer.ResourceInjector@1d74c29
      invoker = class org.jboss.weld.injection.producer.DefaultLifecycleCallbackInvoker@1847250e
    lifecycleManaged = true
    beanScope = null
    identity = "com.ibm.ws.security.jaspi.JaspiServletFilter@554971f8"
    websphereInjectionServices = class com.ibm.ws.cdi.impl.weld.injection.WebSphereInjectionServicesImpl@2fcc8dae
      tc = class com.ibm.websphere.ras.TraceComponent@594b0d90
      ANNOTATIONS_KNOWN_TO_WELD = class java.util.HashSet@be3ea0b
      referenceContextMap = class java.util.concurrent.ConcurrentHashMap@3c3b7071
      referenceContexts = class java.util.Collections$SetFromMap@6f1385ad
      injectionTargetListeners = class java.util.concurrent.ConcurrentHashMap@2c580c3e
      deployment = class com.ibm.ws.cdi.impl.weld.WebSphereCDIDeploymentImpl@5268a645
      serialVersionUID = 2515575801175940133
    currentInjectionTargets = null
    currentInjectionContext = null
    serialVersionUID = 642874158156701263

